2025-09-26 13:29:20,232 - MultiInterfaceGUI - INFO - setup_logging:392 - Multi-Interface Shark GUI logging initialized
2025-09-26 13:29:29,044 - MultiInterfaceGUI - INFO - log_message:561 - 🦈 Starting Multi-Interface Network Monitor...
2025-09-26 13:29:29,046 - MultiInterfaceGUI - INFO - log_message:561 - 📅 Monitoring duration set to: 6h 0m (21600s)
2025-09-26 13:29:29,047 - MultiInterfaceGUI - INFO - log_message:561 - ✅ Multi-interface monitoring started successfully!
2025-09-26 13:29:29,048 - MultiInterfaceGUI - INFO - log_message:561 - 🦈 Starting Multi-Interface Network Monitor...
2025-09-26 13:29:29,048 - persistent_wireshark_monitor - INFO - setup_logging:83 - Persistent Wireshark Monitor initialized
2025-09-26 13:29:29,049 - persistent_wireshark_monitor - WARNING - __init__:66 - Could not register signal handlers (not main thread): signal only works in main thread of the main interpreter
2025-09-26 13:29:29,064 - MultiInterfaceGUI - INFO - log_message:561 - ✅ Monitor initialized - Discovering interfaces...
2025-09-26 13:29:31,271 - persistent_wireshark_monitor - INFO - discover_interfaces:107 - Discovered interfaces: ['anpi0', 'anpi1', 'ap1', 'awdl0', 'bridge0', 'ciscodump', 'en0', 'en1', 'en2', 'en3', 'en4', 'en6', 'gif0', 'llw0', 'lo0', 'pflog0', 'randpkt', 'sshdump', 'stf0', 'udpdump', 'utun0', 'utun1', 'utun2', 'utun3', 'wifidump']
2025-09-26 13:29:31,271 - persistent_wireshark_monitor - INFO - discover_interfaces:112 - Default interface en0 will be monitored
2025-09-26 13:29:31,271 - persistent_wireshark_monitor - INFO - discover_interfaces:112 - Default interface lo0 will be monitored
2025-09-26 13:29:31,271 - persistent_wireshark_monitor - INFO - run:389 - Starting Persistent Wireshark Monitor
2025-09-26 13:29:31,271 - persistent_wireshark_monitor - INFO - run:390 - Capture directory: pcap_captures
2025-09-26 13:29:31,271 - persistent_wireshark_monitor - INFO - run:391 - Capture duration: 18000 seconds
2025-09-26 13:29:31,271 - persistent_wireshark_monitor - INFO - run:392 - Check interval: 5 seconds
2025-09-26 13:29:31,272 - persistent_wireshark_monitor - INFO - run:403 - Found 8 active interfaces
2025-09-26 13:29:31,272 - persistent_wireshark_monitor - INFO - start_capture:197 - Starting capture session in: pcap_captures/session_20250926_132929/loopback
2025-09-26 13:29:31,272 - persistent_wireshark_monitor - INFO - start_capture:208 - 📁 PCAP SAVE: 20250926_132929-ch-loopback.pcap
2025-09-26 13:29:31,272 - persistent_wireshark_monitor - INFO - start_capture:209 - 📂 FULL PATH: /Users/akidobot/Documents/Stealthshark2/pcap_captures/session_20250926_132929/loopback/20250926_132929-ch-loopback.pcap
2025-09-26 13:29:31,272 - persistent_wireshark_monitor - INFO - start_capture:210 - 🏷️  GROUP: loopback | INTERFACE: lo0
