2025-09-28 16:44:53,647 - MultiInterfaceGUI - INFO - setup_logging:574 - Multi-Interface Shark GUI logging initialized
2025-09-28 16:44:53,823 - MultiInterfaceGUI - INFO - setup_auto_save:581 - Auto-save enabled: saving session state every 30 seconds
2025-09-28 16:44:56,916 - MultiInterfaceGUI - INFO - log_message:867 - 🔄 Session restored from previous crash/shutdown
2025-09-28 16:44:56,917 - MultiInterfaceGUI - INFO - restore_session_state:654 - Session state restored successfully
2025-09-28 16:44:59,705 - MultiInterfaceGUI - INFO - log_message:867 - 🦈 Starting Multi-Interface Network Monitor...
2025-09-28 16:44:59,706 - MultiInterfaceGUI - INFO - log_message:867 - 📅 Monitoring duration set to: 6h 0m (21600s)
2025-09-28 16:44:59,706 - MultiInterfaceGUI - INFO - log_message:867 - ✅ Multi-interface monitoring started successfully!
2025-09-28 16:44:59,706 - MultiInterfaceGUI - INFO - log_message:867 - 🦈 Starting Multi-Interface Network Monitor...
2025-09-28 16:44:59,706 - persistent_wireshark_monitor - INFO - setup_logging:83 - Persistent Wireshark Monitor initialized
2025-09-28 16:44:59,706 - persistent_wireshark_monitor - WARNING - __init__:66 - Could not register signal handlers (not main thread): signal only works in main thread of the main interpreter
2025-09-28 16:44:59,715 - MultiInterfaceGUI - INFO - log_message:867 - ✅ Monitor initialized - Discovering interfaces...
2025-09-28 16:45:09,724 - persistent_wireshark_monitor - ERROR - discover_interfaces:115 - Failed to discover interfaces: Command '['tshark', '-D']' timed out after 10 seconds
2025-09-28 16:45:09,727 - persistent_wireshark_monitor - INFO - detect_interface_activity:151 - Activity detected on en0: +289459 packets, +204007599 bytes
2025-09-28 16:45:09,727 - persistent_wireshark_monitor - INFO - detect_interface_activity:151 - Activity detected on awdl0: +4 packets, +420 bytes
2025-09-28 16:45:09,727 - persistent_wireshark_monitor - INFO - detect_interface_activity:151 - Activity detected on lo0: +648856 packets, +979240710 bytes
2025-09-28 16:45:09,729 - MultiInterfaceGUI - INFO - log_message:867 - 📡 Discovered 4 interfaces: awdl0, en0, en1, lo0
2025-09-28 16:45:09,729 - MultiInterfaceGUI - INFO - log_message:867 - 🚀 Starting interface statistics monitoring...
2025-09-28 16:45:09,735 - MultiInterfaceGUI - INFO - log_message:867 - 📊 Stats: 21 interfaces, 19 up, 0 active
2025-09-28 16:45:09,735 - MultiInterfaceGUI - INFO - log_message:867 - 📊 Activity detected on: en0, awdl0, lo0
2025-09-28 16:45:11,738 - persistent_wireshark_monitor - INFO - detect_interface_activity:151 - Activity detected on lo0: +172 packets, +24776 bytes
2025-09-28 16:45:11,743 - MultiInterfaceGUI - INFO - log_message:867 - 📊 Stats: 21 interfaces, 19 up, 1 active
2025-09-28 16:45:11,743 - MultiInterfaceGUI - INFO - log_message:867 - 📊 Activity detected on: lo0
2025-09-28 16:45:13,751 - persistent_wireshark_monitor - INFO - detect_interface_activity:151 - Activity detected on en0: +3 packets, +258 bytes
2025-09-28 16:45:13,752 - persistent_wireshark_monitor - INFO - detect_interface_activity:151 - Activity detected on lo0: +168 packets, +18404 bytes
2025-09-28 16:45:13,752 - MultiInterfaceGUI - INFO - log_message:867 - 📊 Stats: 21 interfaces, 19 up, 3 active
2025-09-28 16:45:13,754 - MultiInterfaceGUI - INFO - log_message:867 - 📊 Activity detected on: en0, lo0
2025-09-28 16:45:15,760 - persistent_wireshark_monitor - INFO - detect_interface_activity:151 - Activity detected on en0: +388 packets, +215410 bytes
2025-09-28 16:45:15,761 - MultiInterfaceGUI - INFO - log_message:867 - 📊 Stats: 21 interfaces, 19 up, 3 active
2025-09-28 16:45:15,761 - persistent_wireshark_monitor - INFO - detect_interface_activity:151 - Activity detected on lo0: +684 packets, +167218 bytes
2025-09-28 16:45:15,762 - MultiInterfaceGUI - INFO - log_message:867 - 📊 Activity detected on: en0, lo0
2025-09-28 16:45:17,769 - persistent_wireshark_monitor - INFO - detect_interface_activity:151 - Activity detected on en0: +72 packets, +43496 bytes
2025-09-28 16:45:17,774 - MultiInterfaceGUI - INFO - log_message:867 - 📊 Stats: 21 interfaces, 19 up, 3 active
2025-09-28 16:45:17,775 - persistent_wireshark_monitor - INFO - detect_interface_activity:151 - Activity detected on lo0: +328 packets, +38100 bytes
2025-09-28 16:45:17,776 - MultiInterfaceGUI - INFO - log_message:867 - 📊 Activity detected on: en0, lo0
2025-09-28 16:45:19,781 - persistent_wireshark_monitor - INFO - detect_interface_activity:151 - Activity detected on en0: +34 packets, +13204 bytes
2025-09-28 16:45:19,783 - persistent_wireshark_monitor - INFO - detect_interface_activity:151 - Activity detected on lo0: +288 packets, +56648 bytes
2025-09-28 16:45:19,783 - MultiInterfaceGUI - INFO - log_message:867 - 📊 Stats: 21 interfaces, 19 up, 3 active
2025-09-28 16:45:19,784 - MultiInterfaceGUI - INFO - log_message:867 - 📊 Activity detected on: en0, lo0
2025-09-28 16:45:21,793 - persistent_wireshark_monitor - INFO - detect_interface_activity:151 - Activity detected on en0: +80 packets, +56028 bytes
2025-09-28 16:45:21,794 - MultiInterfaceGUI - INFO - log_message:867 - 📊 Stats: 21 interfaces, 19 up, 3 active
2025-09-28 16:45:21,795 - persistent_wireshark_monitor - INFO - detect_interface_activity:151 - Activity detected on lo0: +160 packets, +22878 bytes
2025-09-28 16:45:21,796 - MultiInterfaceGUI - INFO - log_message:867 - 📊 Activity detected on: en0, lo0
2025-09-28 16:45:23,881 - persistent_wireshark_monitor - INFO - detect_interface_activity:151 - Activity detected on en0: +7394 packets, +7775828 bytes
2025-09-28 16:45:23,882 - MultiInterfaceGUI - INFO - log_message:867 - 📊 Stats: 21 interfaces, 19 up, 2 active
2025-09-28 16:45:23,916 - persistent_wireshark_monitor - INFO - detect_interface_activity:151 - Activity detected on lo0: +196 packets, +19574 bytes
2025-09-28 16:45:23,916 - MultiInterfaceGUI - INFO - log_message:867 - 📊 Activity detected on: en0, lo0
2025-09-28 16:45:24,306 - MultiInterfaceGUI - DEBUG - save_session_state:632 - Session state saved successfully
2025-09-28 16:45:25,932 - persistent_wireshark_monitor - INFO - detect_interface_activity:151 - Activity detected on en0: +3454 packets, +3123354 bytes
2025-09-28 16:45:25,933 - MultiInterfaceGUI - INFO - log_message:867 - 📊 Stats: 21 interfaces, 19 up, 3 active
2025-09-28 16:45:25,934 - persistent_wireshark_monitor - INFO - detect_interface_activity:151 - Activity detected on lo0: +164 packets, +18028 bytes
2025-09-28 16:45:25,937 - MultiInterfaceGUI - INFO - log_message:867 - 📊 Activity detected on: en0, lo0
2025-09-28 16:45:27,945 - persistent_wireshark_monitor - INFO - detect_interface_activity:151 - Activity detected on en0: +1665 packets, +1715562 bytes
2025-09-28 16:45:27,946 - persistent_wireshark_monitor - INFO - detect_interface_activity:151 - Activity detected on lo0: +160 packets, +21298 bytes
2025-09-28 16:45:27,948 - MultiInterfaceGUI - INFO - log_message:867 - 📊 Stats: 21 interfaces, 19 up, 3 active
2025-09-28 16:45:27,950 - MultiInterfaceGUI - INFO - log_message:867 - 📊 Activity detected on: en0, lo0
2025-09-28 16:45:29,951 - persistent_wireshark_monitor - INFO - detect_interface_activity:151 - Activity detected on en0: +604 packets, +303756 bytes
2025-09-28 16:45:29,954 - persistent_wireshark_monitor - INFO - detect_interface_activity:151 - Activity detected on lo0: +620 packets, +254826 bytes
2025-09-28 16:45:29,955 - MultiInterfaceGUI - INFO - log_message:867 - 📊 Stats: 21 interfaces, 19 up, 3 active
2025-09-28 16:45:29,957 - MultiInterfaceGUI - INFO - log_message:867 - 📊 Activity detected on: en0, lo0
2025-09-28 16:45:31,960 - persistent_wireshark_monitor - INFO - detect_interface_activity:151 - Activity detected on en0: +335 packets, +273329 bytes
2025-09-28 16:45:31,963 - persistent_wireshark_monitor - INFO - detect_interface_activity:151 - Activity detected on lo0: +382 packets, +326832 bytes
2025-09-28 16:45:31,964 - MultiInterfaceGUI - INFO - log_message:867 - 📊 Stats: 21 interfaces, 19 up, 2 active
2025-09-28 16:45:31,965 - MultiInterfaceGUI - INFO - log_message:867 - 📊 Activity detected on: en0, lo0
2025-09-28 16:45:33,967 - persistent_wireshark_monitor - INFO - detect_interface_activity:151 - Activity detected on en0: +108 packets, +41842 bytes
2025-09-28 16:45:33,973 - persistent_wireshark_monitor - INFO - detect_interface_activity:151 - Activity detected on lo0: +558 packets, +411306 bytes
2025-09-28 16:45:33,974 - MultiInterfaceGUI - INFO - log_message:867 - 📊 Stats: 21 interfaces, 19 up, 3 active
2025-09-28 16:45:33,976 - MultiInterfaceGUI - INFO - log_message:867 - 📊 Activity detected on: en0, lo0
2025-09-28 16:45:35,977 - persistent_wireshark_monitor - INFO - detect_interface_activity:151 - Activity detected on en0: +167 packets, +45807 bytes
2025-09-28 16:45:35,979 - persistent_wireshark_monitor - INFO - detect_interface_activity:151 - Activity detected on lo0: +808 packets, +586260 bytes
2025-09-28 16:45:35,979 - MultiInterfaceGUI - INFO - log_message:867 - 📊 Stats: 21 interfaces, 19 up, 3 active
2025-09-28 16:45:35,980 - MultiInterfaceGUI - INFO - log_message:867 - 📊 Activity detected on: en0, lo0
2025-09-28 16:45:37,983 - persistent_wireshark_monitor - INFO - detect_interface_activity:151 - Activity detected on en0: +104 packets, +35664 bytes
2025-09-28 16:45:37,988 - persistent_wireshark_monitor - INFO - detect_interface_activity:151 - Activity detected on lo0: +386 packets, +203452 bytes
2025-09-28 16:45:37,989 - MultiInterfaceGUI - INFO - log_message:867 - 📊 Stats: 21 interfaces, 19 up, 2 active
2025-09-28 16:45:37,991 - MultiInterfaceGUI - INFO - log_message:867 - 📊 Activity detected on: en0, lo0
2025-09-28 16:45:39,992 - persistent_wireshark_monitor - INFO - detect_interface_activity:151 - Activity detected on en0: +136 packets, +68825 bytes
2025-09-28 16:45:39,995 - persistent_wireshark_monitor - INFO - detect_interface_activity:151 - Activity detected on lo0: +192 packets, +49174 bytes
2025-09-28 16:45:39,995 - MultiInterfaceGUI - INFO - log_message:867 - 📊 Stats: 21 interfaces, 19 up, 3 active
2025-09-28 16:45:39,997 - MultiInterfaceGUI - INFO - log_message:867 - 📊 Activity detected on: en0, lo0
2025-09-28 16:45:42,003 - persistent_wireshark_monitor - INFO - detect_interface_activity:151 - Activity detected on en0: +64 packets, +16071 bytes
2025-09-28 16:45:42,009 - MultiInterfaceGUI - INFO - log_message:867 - 📊 Stats: 21 interfaces, 19 up, 3 active
2025-09-28 16:45:42,009 - persistent_wireshark_monitor - INFO - detect_interface_activity:151 - Activity detected on lo0: +228 packets, +89578 bytes
2025-09-28 16:45:42,011 - MultiInterfaceGUI - INFO - log_message:867 - 📊 Activity detected on: en0, lo0
2025-09-28 16:45:44,014 - persistent_wireshark_monitor - INFO - detect_interface_activity:151 - Activity detected on en0: +121 packets, +80797 bytes
2025-09-28 16:45:44,015 - persistent_wireshark_monitor - INFO - detect_interface_activity:151 - Activity detected on lo0: +370 packets, +217014 bytes
2025-09-28 16:45:44,016 - MultiInterfaceGUI - INFO - log_message:867 - 📊 Stats: 21 interfaces, 19 up, 2 active
2025-09-28 16:45:44,017 - MultiInterfaceGUI - INFO - log_message:867 - 📊 Activity detected on: en0, lo0
2025-09-28 16:45:46,020 - persistent_wireshark_monitor - INFO - detect_interface_activity:151 - Activity detected on en0: +190 packets, +68637 bytes
2025-09-28 16:45:46,022 - persistent_wireshark_monitor - INFO - detect_interface_activity:151 - Activity detected on lo0: +536 packets, +453012 bytes
2025-09-28 16:45:46,022 - MultiInterfaceGUI - INFO - log_message:867 - 📊 Stats: 21 interfaces, 19 up, 3 active
2025-09-28 16:45:46,023 - MultiInterfaceGUI - INFO - log_message:867 - 📊 Activity detected on: en0, lo0
2025-09-28 16:45:48,034 - MultiInterfaceGUI - INFO - log_message:867 - 📊 Stats: 21 interfaces, 19 up, 3 active
2025-09-28 16:45:48,034 - persistent_wireshark_monitor - INFO - detect_interface_activity:151 - Activity detected on en0: +133 packets, +62686 bytes
2025-09-28 16:45:48,036 - persistent_wireshark_monitor - INFO - detect_interface_activity:151 - Activity detected on lo0: +774 packets, +816748 bytes
2025-09-28 16:45:48,037 - MultiInterfaceGUI - INFO - log_message:867 - 📊 Activity detected on: en0, lo0
2025-09-28 16:45:50,045 - persistent_wireshark_monitor - INFO - detect_interface_activity:151 - Activity detected on en0: +128 packets, +34762 bytes
2025-09-28 16:45:50,046 - persistent_wireshark_monitor - INFO - detect_interface_activity:151 - Activity detected on lo0: +738 packets, +876772 bytes
2025-09-28 16:45:50,046 - MultiInterfaceGUI - INFO - log_message:867 - 📊 Stats: 21 interfaces, 19 up, 3 active
2025-09-28 16:45:50,047 - MultiInterfaceGUI - INFO - log_message:867 - 📊 Activity detected on: en0, lo0
2025-09-28 16:45:52,054 - persistent_wireshark_monitor - INFO - detect_interface_activity:151 - Activity detected on en0: +158 packets, +72308 bytes
2025-09-28 16:45:52,057 - MultiInterfaceGUI - INFO - log_message:867 - 📊 Stats: 21 interfaces, 19 up, 3 active
2025-09-28 16:45:52,057 - persistent_wireshark_monitor - INFO - detect_interface_activity:151 - Activity detected on lo0: +608 packets, +623192 bytes
2025-09-28 16:45:52,061 - MultiInterfaceGUI - INFO - log_message:867 - 📊 Activity detected on: en0, lo0
2025-09-28 16:45:54,067 - persistent_wireshark_monitor - INFO - detect_interface_activity:151 - Activity detected on en0: +169 packets, +108897 bytes
2025-09-28 16:45:54,071 - persistent_wireshark_monitor - INFO - detect_interface_activity:151 - Activity detected on lo0: +188 packets, +47552 bytes
2025-09-28 16:45:54,072 - MultiInterfaceGUI - INFO - log_message:867 - 📊 Stats: 21 interfaces, 19 up, 3 active
2025-09-28 16:45:54,075 - MultiInterfaceGUI - INFO - log_message:867 - 📊 Activity detected on: en0, lo0
2025-09-28 16:45:54,304 - MultiInterfaceGUI - DEBUG - save_session_state:632 - Session state saved successfully
2025-09-28 16:45:56,083 - persistent_wireshark_monitor - INFO - detect_interface_activity:151 - Activity detected on en0: +495 packets, +280985 bytes
2025-09-28 16:45:56,083 - persistent_wireshark_monitor - INFO - detect_interface_activity:151 - Activity detected on lo0: +286 packets, +103372 bytes
2025-09-28 16:45:56,085 - MultiInterfaceGUI - INFO - log_message:867 - 📊 Stats: 21 interfaces, 19 up, 2 active
2025-09-28 16:45:56,087 - MultiInterfaceGUI - INFO - log_message:867 - 📊 Activity detected on: en0, lo0
2025-09-28 16:45:58,087 - persistent_wireshark_monitor - INFO - detect_interface_activity:151 - Activity detected on en0: +49 packets, +22271 bytes
2025-09-28 16:45:58,089 - persistent_wireshark_monitor - INFO - detect_interface_activity:151 - Activity detected on lo0: +240 packets, +135490 bytes
2025-09-28 16:45:58,089 - MultiInterfaceGUI - INFO - log_message:867 - 📊 Stats: 21 interfaces, 19 up, 3 active
2025-09-28 16:45:58,091 - MultiInterfaceGUI - INFO - log_message:867 - 📊 Activity detected on: en0, lo0
2025-09-28 16:46:00,104 - persistent_wireshark_monitor - INFO - detect_interface_activity:151 - Activity detected on en0: +96 packets, +30261 bytes
2025-09-28 16:46:00,107 - persistent_wireshark_monitor - INFO - detect_interface_activity:151 - Activity detected on lo0: +422 packets, +274536 bytes
2025-09-28 16:46:00,107 - MultiInterfaceGUI - INFO - log_message:867 - 📊 Stats: 21 interfaces, 19 up, 3 active
2025-09-28 16:46:00,108 - MultiInterfaceGUI - INFO - log_message:867 - 📊 Activity detected on: en0, lo0
2025-09-28 16:46:02,120 - persistent_wireshark_monitor - INFO - detect_interface_activity:151 - Activity detected on en0: +301 packets, +227527 bytes
2025-09-28 16:46:02,124 - MultiInterfaceGUI - INFO - log_message:867 - 📊 Stats: 21 interfaces, 19 up, 2 active
2025-09-28 16:46:02,124 - persistent_wireshark_monitor - INFO - detect_interface_activity:151 - Activity detected on lo0: +168 packets, +41862 bytes
2025-09-28 16:46:02,129 - MultiInterfaceGUI - INFO - log_message:867 - 📊 Activity detected on: en0, lo0
2025-09-28 16:46:04,128 - persistent_wireshark_monitor - INFO - detect_interface_activity:151 - Activity detected on en0: +94 packets, +31399 bytes
2025-09-28 16:46:04,133 - persistent_wireshark_monitor - INFO - detect_interface_activity:151 - Activity detected on lo0: +318 packets, +229290 bytes
2025-09-28 16:46:04,134 - MultiInterfaceGUI - INFO - log_message:867 - 📊 Stats: 21 interfaces, 19 up, 3 active
2025-09-28 16:46:04,138 - MultiInterfaceGUI - INFO - log_message:867 - 📊 Activity detected on: en0, lo0
2025-09-28 16:46:06,151 - persistent_wireshark_monitor - INFO - detect_interface_activity:151 - Activity detected on en0: +217 packets, +123148 bytes
2025-09-28 16:46:06,157 - persistent_wireshark_monitor - INFO - detect_interface_activity:151 - Activity detected on lo0: +308 packets, +124838 bytes
2025-09-28 16:46:06,159 - MultiInterfaceGUI - INFO - log_message:867 - 📊 Stats: 21 interfaces, 19 up, 3 active
2025-09-28 16:46:06,169 - MultiInterfaceGUI - INFO - log_message:867 - 📊 Activity detected on: en0, lo0
2025-09-28 16:46:08,170 - persistent_wireshark_monitor - INFO - detect_interface_activity:151 - Activity detected on en0: +74 packets, +19013 bytes
2025-09-28 16:46:08,182 - persistent_wireshark_monitor - INFO - detect_interface_activity:151 - Activity detected on lo0: +294 packets, +205432 bytes
2025-09-28 16:46:08,184 - MultiInterfaceGUI - INFO - log_message:867 - 📊 Stats: 21 interfaces, 19 up, 2 active
2025-09-28 16:46:08,191 - MultiInterfaceGUI - INFO - log_message:867 - 📊 Activity detected on: en0, lo0
2025-09-28 16:46:10,188 - persistent_wireshark_monitor - INFO - detect_interface_activity:151 - Activity detected on en0: +135 packets, +87528 bytes
2025-09-28 16:46:10,194 - MultiInterfaceGUI - INFO - log_message:867 - 📊 Stats: 21 interfaces, 19 up, 2 active
2025-09-28 16:46:10,195 - persistent_wireshark_monitor - INFO - detect_interface_activity:151 - Activity detected on lo0: +274 packets, +81216 bytes
2025-09-28 16:46:10,202 - MultiInterfaceGUI - INFO - log_message:867 - 📊 Activity detected on: en0, lo0
2025-09-28 16:46:12,204 - persistent_wireshark_monitor - INFO - detect_interface_activity:151 - Activity detected on en0: +67 packets, +15971 bytes
2025-09-28 16:46:12,205 - MultiInterfaceGUI - INFO - log_message:867 - 📊 Stats: 21 interfaces, 19 up, 3 active
2025-09-28 16:46:12,206 - persistent_wireshark_monitor - INFO - detect_interface_activity:151 - Activity detected on lo0: +468 packets, +451342 bytes
2025-09-28 16:46:12,210 - MultiInterfaceGUI - INFO - log_message:867 - 📊 Activity detected on: en0, lo0
2025-09-28 16:46:14,210 - persistent_wireshark_monitor - INFO - detect_interface_activity:151 - Activity detected on en0: +65 packets, +14590 bytes
2025-09-28 16:46:14,214 - persistent_wireshark_monitor - INFO - detect_interface_activity:151 - Activity detected on lo0: +532 packets, +552628 bytes
2025-09-28 16:46:14,215 - MultiInterfaceGUI - INFO - log_message:867 - 📊 Stats: 21 interfaces, 19 up, 2 active
2025-09-28 16:46:14,218 - MultiInterfaceGUI - INFO - log_message:867 - 📊 Activity detected on: en0, lo0
2025-09-28 16:46:16,221 - persistent_wireshark_monitor - INFO - detect_interface_activity:151 - Activity detected on en0: +134 packets, +61818 bytes
2025-09-28 16:46:16,224 - persistent_wireshark_monitor - INFO - detect_interface_activity:151 - Activity detected on lo0: +536 packets, +515304 bytes
2025-09-28 16:46:16,233 - MultiInterfaceGUI - INFO - log_message:867 - 📊 Stats: 21 interfaces, 19 up, 3 active
2025-09-28 16:46:16,235 - MultiInterfaceGUI - INFO - log_message:867 - 📊 Activity detected on: en0, lo0
2025-09-28 16:46:18,234 - persistent_wireshark_monitor - INFO - detect_interface_activity:151 - Activity detected on en0: +403 packets, +298204 bytes
2025-09-28 16:46:18,239 - MultiInterfaceGUI - INFO - log_message:867 - 📊 Stats: 21 interfaces, 19 up, 3 active
2025-09-28 16:46:18,241 - persistent_wireshark_monitor - INFO - detect_interface_activity:151 - Activity detected on lo0: +348 packets, +190546 bytes
2025-09-28 16:46:18,246 - MultiInterfaceGUI - INFO - log_message:867 - 📊 Activity detected on: en0, lo0
2025-09-28 16:46:20,246 - persistent_wireshark_monitor - INFO - detect_interface_activity:151 - Activity detected on en0: +118 packets, +82345 bytes
2025-09-28 16:46:20,255 - persistent_wireshark_monitor - INFO - detect_interface_activity:151 - Activity detected on lo0: +188 packets, +24024 bytes
2025-09-28 16:46:20,256 - MultiInterfaceGUI - INFO - log_message:867 - 📊 Stats: 21 interfaces, 19 up, 3 active
2025-09-28 16:46:20,262 - MultiInterfaceGUI - INFO - log_message:867 - 📊 Activity detected on: en0, lo0
2025-09-28 16:46:22,269 - persistent_wireshark_monitor - INFO - detect_interface_activity:151 - Activity detected on en0: +27 packets, +9868 bytes
2025-09-28 16:46:22,272 - persistent_wireshark_monitor - INFO - detect_interface_activity:151 - Activity detected on lo0: +140 packets, +16194 bytes
2025-09-28 16:46:22,274 - MultiInterfaceGUI - INFO - log_message:867 - 📊 Stats: 21 interfaces, 19 up, 3 active
2025-09-28 16:46:22,281 - MultiInterfaceGUI - INFO - log_message:867 - 📊 Activity detected on: en0, lo0
2025-09-28 16:46:24,276 - persistent_wireshark_monitor - INFO - detect_interface_activity:151 - Activity detected on en0: +9 packets, +733 bytes
2025-09-28 16:46:24,280 - persistent_wireshark_monitor - INFO - detect_interface_activity:151 - Activity detected on lo0: +168 packets, +18192 bytes
2025-09-28 16:46:24,281 - MultiInterfaceGUI - INFO - log_message:867 - 📊 Stats: 21 interfaces, 19 up, 3 active
2025-09-28 16:46:24,285 - MultiInterfaceGUI - INFO - log_message:867 - 📊 Activity detected on: en0, lo0
2025-09-28 16:46:24,306 - MultiInterfaceGUI - DEBUG - save_session_state:632 - Session state saved successfully
2025-09-28 16:46:26,286 - persistent_wireshark_monitor - INFO - detect_interface_activity:151 - Activity detected on en0: +46 packets, +18468 bytes
2025-09-28 16:46:26,294 - persistent_wireshark_monitor - INFO - detect_interface_activity:151 - Activity detected on lo0: +152 packets, +17992 bytes
2025-09-28 16:46:26,296 - MultiInterfaceGUI - INFO - log_message:867 - 📊 Stats: 21 interfaces, 19 up, 2 active
2025-09-28 16:46:26,301 - MultiInterfaceGUI - INFO - log_message:867 - 📊 Activity detected on: en0, lo0
2025-09-28 16:46:28,304 - persistent_wireshark_monitor - INFO - detect_interface_activity:151 - Activity detected on en0: +1 packets, +174 bytes
2025-09-28 16:46:28,305 - MultiInterfaceGUI - INFO - log_message:867 - 📊 Stats: 21 interfaces, 19 up, 3 active
2025-09-28 16:46:28,306 - persistent_wireshark_monitor - INFO - detect_interface_activity:151 - Activity detected on lo0: +144 packets, +16956 bytes
2025-09-28 16:46:28,311 - MultiInterfaceGUI - INFO - log_message:867 - 📊 Activity detected on: en0, lo0
2025-09-28 16:46:30,316 - persistent_wireshark_monitor - INFO - detect_interface_activity:151 - Activity detected on en0: +9 packets, +6867 bytes
2025-09-28 16:46:30,318 - persistent_wireshark_monitor - INFO - detect_interface_activity:151 - Activity detected on lo0: +148 packets, +17124 bytes
2025-09-28 16:46:30,319 - MultiInterfaceGUI - INFO - log_message:867 - 📊 Stats: 21 interfaces, 19 up, 3 active
2025-09-28 16:46:30,324 - MultiInterfaceGUI - INFO - log_message:867 - 📊 Activity detected on: en0, lo0
2025-09-28 16:46:32,326 - persistent_wireshark_monitor - INFO - detect_interface_activity:151 - Activity detected on en0: +162 packets, +132068 bytes
2025-09-28 16:46:32,326 - MultiInterfaceGUI - INFO - log_message:867 - 📊 Stats: 21 interfaces, 19 up, 2 active
2025-09-28 16:46:32,359 - persistent_wireshark_monitor - INFO - detect_interface_activity:151 - Activity detected on lo0: +152 packets, +17310 bytes
2025-09-28 16:46:32,363 - MultiInterfaceGUI - INFO - log_message:867 - 📊 Activity detected on: en0, lo0
2025-09-28 16:46:34,380 - persistent_wireshark_monitor - INFO - detect_interface_activity:151 - Activity detected on en0: +324 packets, +203361 bytes
2025-09-28 16:46:34,392 - persistent_wireshark_monitor - INFO - detect_interface_activity:151 - Activity detected on lo0: +176 packets, +24636 bytes
2025-09-28 16:46:34,395 - MultiInterfaceGUI - INFO - log_message:867 - 📊 Stats: 21 interfaces, 19 up, 3 active
2025-09-28 16:46:34,400 - MultiInterfaceGUI - INFO - log_message:867 - 📊 Activity detected on: en0, lo0
2025-09-28 16:46:36,407 - persistent_wireshark_monitor - INFO - detect_interface_activity:151 - Activity detected on en0: +201 packets, +112817 bytes
2025-09-28 16:46:36,413 - persistent_wireshark_monitor - INFO - detect_interface_activity:151 - Activity detected on lo0: +468 packets, +100146 bytes
2025-09-28 16:46:36,417 - MultiInterfaceGUI - INFO - log_message:867 - 📊 Stats: 21 interfaces, 19 up, 3 active
2025-09-28 16:46:36,438 - MultiInterfaceGUI - INFO - log_message:867 - 📊 Activity detected on: en0, lo0
2025-09-28 16:46:38,420 - persistent_wireshark_monitor - INFO - detect_interface_activity:151 - Activity detected on en0: +3 packets, +198 bytes
2025-09-28 16:46:38,430 - persistent_wireshark_monitor - INFO - detect_interface_activity:151 - Activity detected on lo0: +252 packets, +22560 bytes
2025-09-28 16:46:38,431 - MultiInterfaceGUI - INFO - log_message:867 - 📊 Stats: 21 interfaces, 19 up, 2 active
2025-09-28 16:46:38,438 - MultiInterfaceGUI - INFO - log_message:867 - 📊 Activity detected on: en0, lo0
2025-09-28 16:46:40,437 - persistent_wireshark_monitor - INFO - detect_interface_activity:151 - Activity detected on en0: +156 packets, +116566 bytes
2025-09-28 16:46:40,445 - persistent_wireshark_monitor - INFO - detect_interface_activity:151 - Activity detected on lo0: +176 packets, +22890 bytes
2025-09-28 16:46:40,446 - MultiInterfaceGUI - INFO - log_message:867 - 📊 Stats: 21 interfaces, 19 up, 3 active
2025-09-28 16:46:40,453 - MultiInterfaceGUI - INFO - log_message:867 - 📊 Activity detected on: en0, lo0
2025-09-28 16:46:42,457 - persistent_wireshark_monitor - INFO - detect_interface_activity:151 - Activity detected on en0: +21 packets, +5803 bytes
2025-09-28 16:46:42,459 - persistent_wireshark_monitor - INFO - detect_interface_activity:151 - Activity detected on lo0: +144 packets, +16950 bytes
2025-09-28 16:46:42,461 - MultiInterfaceGUI - INFO - log_message:867 - 📊 Stats: 21 interfaces, 19 up, 3 active
2025-09-28 16:46:42,472 - MultiInterfaceGUI - INFO - log_message:867 - 📊 Activity detected on: en0, lo0
2025-09-28 16:46:44,475 - persistent_wireshark_monitor - INFO - detect_interface_activity:151 - Activity detected on en0: +3 packets, +198 bytes
2025-09-28 16:46:44,485 - persistent_wireshark_monitor - INFO - detect_interface_activity:151 - Activity detected on lo0: +188 packets, +21178 bytes
2025-09-28 16:46:44,487 - MultiInterfaceGUI - INFO - log_message:867 - 📊 Stats: 21 interfaces, 19 up, 2 active
2025-09-28 16:46:44,493 - MultiInterfaceGUI - INFO - log_message:867 - 📊 Activity detected on: en0, lo0
2025-09-28 16:46:46,490 - persistent_wireshark_monitor - INFO - detect_interface_activity:151 - Activity detected on en0: +126 packets, +84821 bytes
2025-09-28 16:46:46,497 - persistent_wireshark_monitor - INFO - detect_interface_activity:151 - Activity detected on lo0: +200 packets, +28968 bytes
2025-09-28 16:46:46,498 - MultiInterfaceGUI - INFO - log_message:867 - 📊 Stats: 21 interfaces, 19 up, 3 active
2025-09-28 16:46:46,501 - MultiInterfaceGUI - INFO - log_message:867 - 📊 Activity detected on: en0, lo0
2025-09-28 16:46:48,505 - persistent_wireshark_monitor - INFO - detect_interface_activity:151 - Activity detected on en0: +77 packets, +45734 bytes
2025-09-28 16:46:48,505 - MultiInterfaceGUI - INFO - log_message:867 - 📊 Stats: 21 interfaces, 19 up, 3 active
2025-09-28 16:46:48,506 - persistent_wireshark_monitor - INFO - detect_interface_activity:151 - Activity detected on lo0: +164 packets, +17916 bytes
2025-09-28 16:46:48,510 - MultiInterfaceGUI - INFO - log_message:867 - 📊 Activity detected on: en0, lo0
2025-09-28 16:46:50,515 - persistent_wireshark_monitor - INFO - detect_interface_activity:151 - Activity detected on en0: +77 packets, +31490 bytes
2025-09-28 16:46:50,517 - persistent_wireshark_monitor - INFO - detect_interface_activity:151 - Activity detected on lo0: +172 packets, +22142 bytes
2025-09-28 16:46:50,518 - MultiInterfaceGUI - INFO - log_message:867 - 📊 Stats: 21 interfaces, 19 up, 3 active
2025-09-28 16:46:50,523 - MultiInterfaceGUI - INFO - log_message:867 - 📊 Activity detected on: en0, lo0
2025-09-28 16:46:52,526 - persistent_wireshark_monitor - INFO - detect_interface_activity:151 - Activity detected on en0: +161 packets, +130255 bytes
2025-09-28 16:46:52,536 - persistent_wireshark_monitor - INFO - detect_interface_activity:151 - Activity detected on lo0: +156 packets, +18068 bytes
2025-09-28 16:46:52,541 - MultiInterfaceGUI - INFO - log_message:867 - 📊 Stats: 21 interfaces, 19 up, 3 active
2025-09-28 16:46:52,546 - MultiInterfaceGUI - INFO - log_message:867 - 📊 Activity detected on: en0, lo0
2025-09-28 16:46:54,300 - MultiInterfaceGUI - DEBUG - save_session_state:632 - Session state saved successfully
2025-09-28 16:46:54,543 - persistent_wireshark_monitor - INFO - detect_interface_activity:151 - Activity detected on en0: +146 packets, +111880 bytes
2025-09-28 16:46:54,547 - persistent_wireshark_monitor - INFO - detect_interface_activity:151 - Activity detected on lo0: +144 packets, +16428 bytes
2025-09-28 16:46:54,549 - MultiInterfaceGUI - INFO - log_message:867 - 📊 Stats: 21 interfaces, 19 up, 3 active
2025-09-28 16:46:54,554 - MultiInterfaceGUI - INFO - log_message:867 - 📊 Activity detected on: en0, lo0
2025-09-28 16:46:56,551 - persistent_wireshark_monitor - INFO - detect_interface_activity:151 - Activity detected on en0: +38 packets, +15751 bytes
2025-09-28 16:46:56,556 - persistent_wireshark_monitor - INFO - detect_interface_activity:151 - Activity detected on lo0: +152 packets, +17992 bytes
2025-09-28 16:46:56,557 - MultiInterfaceGUI - INFO - log_message:867 - 📊 Stats: 21 interfaces, 19 up, 2 active
2025-09-28 16:46:56,560 - MultiInterfaceGUI - INFO - log_message:867 - 📊 Activity detected on: en0, lo0
2025-09-28 16:46:58,561 - persistent_wireshark_monitor - INFO - detect_interface_activity:151 - Activity detected on en0: +1 packets, +174 bytes
2025-09-28 16:46:58,569 - persistent_wireshark_monitor - INFO - detect_interface_activity:151 - Activity detected on lo0: +144 packets, +16946 bytes
2025-09-28 16:46:58,570 - MultiInterfaceGUI - INFO - log_message:867 - 📊 Stats: 21 interfaces, 19 up, 3 active
2025-09-28 16:46:58,578 - MultiInterfaceGUI - INFO - log_message:867 - 📊 Activity detected on: en0, lo0
2025-09-28 16:47:00,577 - persistent_wireshark_monitor - INFO - detect_interface_activity:151 - Activity detected on en0: +43 packets, +23719 bytes
2025-09-28 16:47:00,577 - MultiInterfaceGUI - INFO - log_message:867 - 📊 Stats: 21 interfaces, 19 up, 3 active
2025-09-28 16:47:00,578 - persistent_wireshark_monitor - INFO - detect_interface_activity:151 - Activity detected on lo0: +148 packets, +17124 bytes
2025-09-28 16:47:00,582 - MultiInterfaceGUI - INFO - log_message:867 - 📊 Activity detected on: en0, lo0
2025-09-28 16:47:02,587 - persistent_wireshark_monitor - INFO - detect_interface_activity:151 - Activity detected on en0: +11 packets, +6445 bytes
2025-09-28 16:47:02,600 - persistent_wireshark_monitor - INFO - detect_interface_activity:151 - Activity detected on lo0: +152 packets, +17314 bytes
2025-09-28 16:47:02,604 - MultiInterfaceGUI - INFO - log_message:867 - 📊 Stats: 21 interfaces, 19 up, 2 active
2025-09-28 16:47:02,609 - MultiInterfaceGUI - INFO - log_message:867 - 📊 Activity detected on: en0, lo0
2025-09-28 16:47:04,613 - persistent_wireshark_monitor - INFO - detect_interface_activity:151 - Activity detected on en0: +67 packets, +34687 bytes
2025-09-28 16:47:04,616 - MultiInterfaceGUI - INFO - log_message:867 - 📊 Stats: 21 interfaces, 19 up, 3 active
2025-09-28 16:47:04,618 - persistent_wireshark_monitor - INFO - detect_interface_activity:151 - Activity detected on lo0: +148 packets, +17128 bytes
2025-09-28 16:47:04,623 - MultiInterfaceGUI - INFO - log_message:867 - 📊 Activity detected on: en0, lo0
2025-09-28 16:47:06,623 - persistent_wireshark_monitor - INFO - detect_interface_activity:151 - Activity detected on en0: +28 packets, +13515 bytes
2025-09-28 16:47:06,630 - persistent_wireshark_monitor - INFO - detect_interface_activity:151 - Activity detected on lo0: +156 packets, +17498 bytes
2025-09-28 16:47:06,632 - MultiInterfaceGUI - INFO - log_message:867 - 📊 Stats: 21 interfaces, 19 up, 3 active
2025-09-28 16:47:06,640 - MultiInterfaceGUI - INFO - log_message:867 - 📊 Activity detected on: en0, lo0
2025-09-28 16:47:08,635 - persistent_wireshark_monitor - INFO - detect_interface_activity:151 - Activity detected on en0: +15 packets, +6682 bytes
2025-09-28 16:47:08,642 - persistent_wireshark_monitor - INFO - detect_interface_activity:151 - Activity detected on lo0: +140 packets, +16192 bytes
2025-09-28 16:47:08,643 - MultiInterfaceGUI - INFO - log_message:867 - 📊 Stats: 21 interfaces, 19 up, 2 active
2025-09-28 16:47:08,653 - MultiInterfaceGUI - INFO - log_message:867 - 📊 Activity detected on: en0, lo0
2025-09-28 16:47:10,646 - persistent_wireshark_monitor - INFO - detect_interface_activity:151 - Activity detected on en0: +24 packets, +7579 bytes
2025-09-28 16:47:10,654 - persistent_wireshark_monitor - INFO - detect_interface_activity:151 - Activity detected on lo0: +172 packets, +22710 bytes
2025-09-28 16:47:10,655 - MultiInterfaceGUI - INFO - log_message:867 - 📊 Stats: 21 interfaces, 19 up, 3 active
2025-09-28 16:47:10,660 - MultiInterfaceGUI - INFO - log_message:867 - 📊 Activity detected on: en0, lo0
2025-09-28 16:47:12,666 - persistent_wireshark_monitor - INFO - detect_interface_activity:151 - Activity detected on en0: +67 packets, +21434 bytes
2025-09-28 16:47:12,669 - persistent_wireshark_monitor - INFO - detect_interface_activity:151 - Activity detected on lo0: +152 packets, +17360 bytes
2025-09-28 16:47:12,671 - MultiInterfaceGUI - INFO - log_message:867 - 📊 Stats: 21 interfaces, 19 up, 3 active
2025-09-28 16:47:12,679 - MultiInterfaceGUI - INFO - log_message:867 - 📊 Activity detected on: en0, lo0
2025-09-28 16:47:14,682 - persistent_wireshark_monitor - INFO - detect_interface_activity:151 - Activity detected on en0: +15 packets, +4410 bytes
2025-09-28 16:47:14,684 - persistent_wireshark_monitor - INFO - detect_interface_activity:151 - Activity detected on lo0: +148 packets, +17130 bytes
2025-09-28 16:47:14,686 - MultiInterfaceGUI - INFO - log_message:867 - 📊 Stats: 21 interfaces, 19 up, 2 active
2025-09-28 16:47:14,692 - MultiInterfaceGUI - INFO - log_message:867 - 📊 Activity detected on: en0, lo0
2025-09-28 16:47:16,687 - persistent_wireshark_monitor - INFO - detect_interface_activity:151 - Activity detected on en0: +244 packets, +200134 bytes
2025-09-28 16:47:16,692 - persistent_wireshark_monitor - INFO - detect_interface_activity:151 - Activity detected on lo0: +152 packets, +20344 bytes
2025-09-28 16:47:16,694 - MultiInterfaceGUI - INFO - log_message:867 - 📊 Stats: 21 interfaces, 19 up, 3 active
2025-09-28 16:47:16,699 - MultiInterfaceGUI - INFO - log_message:867 - 📊 Activity detected on: en0, lo0
2025-09-28 16:47:18,707 - persistent_wireshark_monitor - INFO - detect_interface_activity:151 - Activity detected on en0: +209 packets, +116357 bytes
2025-09-28 16:47:18,712 - persistent_wireshark_monitor - INFO - detect_interface_activity:151 - Activity detected on lo0: +516 packets, +104442 bytes
2025-09-28 16:47:18,714 - MultiInterfaceGUI - INFO - log_message:867 - 📊 Stats: 21 interfaces, 19 up, 3 active
2025-09-28 16:47:18,717 - MultiInterfaceGUI - INFO - log_message:867 - 📊 Activity detected on: en0, lo0
2025-09-28 16:47:20,721 - persistent_wireshark_monitor - INFO - detect_interface_activity:151 - Activity detected on en0: +8 packets, +2487 bytes
2025-09-28 16:47:20,722 - persistent_wireshark_monitor - INFO - detect_interface_activity:151 - Activity detected on lo0: +156 packets, +17504 bytes
2025-09-28 16:47:20,729 - MultiInterfaceGUI - INFO - log_message:867 - 📊 Stats: 21 interfaces, 19 up, 2 active
2025-09-28 16:47:20,738 - MultiInterfaceGUI - INFO - log_message:867 - 📊 Activity detected on: en0, lo0
2025-09-28 16:47:22,732 - persistent_wireshark_monitor - INFO - detect_interface_activity:151 - Activity detected on en0: +6 packets, +456 bytes
2025-09-28 16:47:22,735 - persistent_wireshark_monitor - INFO - detect_interface_activity:151 - Activity detected on lo0: +196 packets, +19100 bytes
2025-09-28 16:47:22,743 - MultiInterfaceGUI - INFO - log_message:867 - 📊 Stats: 21 interfaces, 19 up, 3 active
2025-09-28 16:47:22,743 - MultiInterfaceGUI - INFO - log_message:867 - 📊 Activity detected on: en0, lo0
2025-09-28 16:47:24,299 - MultiInterfaceGUI - DEBUG - save_session_state:632 - Session state saved successfully
2025-09-28 16:47:24,743 - persistent_wireshark_monitor - INFO - detect_interface_activity:151 - Activity detected on en0: +11 packets, +1162 bytes
2025-09-28 16:47:24,748 - MultiInterfaceGUI - INFO - log_message:867 - 📊 Stats: 21 interfaces, 19 up, 3 active
2025-09-28 16:47:24,749 - persistent_wireshark_monitor - INFO - detect_interface_activity:151 - Activity detected on lo0: +228 packets, +33130 bytes
2025-09-28 16:47:24,752 - MultiInterfaceGUI - INFO - log_message:867 - 📊 Activity detected on: en0, lo0
2025-09-28 16:47:26,769 - persistent_wireshark_monitor - INFO - detect_interface_activity:151 - Activity detected on en0: +235 packets, +121319 bytes
2025-09-28 16:47:26,776 - persistent_wireshark_monitor - INFO - detect_interface_activity:151 - Activity detected on lo0: +232 packets, +120506 bytes
2025-09-28 16:47:26,782 - MultiInterfaceGUI - INFO - log_message:867 - 📊 Stats: 21 interfaces, 19 up, 2 active
2025-09-28 16:47:26,787 - MultiInterfaceGUI - INFO - log_message:867 - 📊 Activity detected on: en0, lo0
2025-09-28 16:47:28,791 - persistent_wireshark_monitor - INFO - detect_interface_activity:151 - Activity detected on en0: +45 packets, +17775 bytes
2025-09-28 16:47:28,799 - persistent_wireshark_monitor - INFO - detect_interface_activity:151 - Activity detected on lo0: +468 packets, +110934 bytes
2025-09-28 16:47:28,800 - MultiInterfaceGUI - INFO - log_message:867 - 📊 Stats: 21 interfaces, 19 up, 3 active
2025-09-28 16:47:28,804 - MultiInterfaceGUI - INFO - log_message:867 - 📊 Activity detected on: en0, lo0
2025-09-28 16:47:30,806 - persistent_wireshark_monitor - INFO - detect_interface_activity:151 - Activity detected on en0: +159 packets, +64879 bytes
2025-09-28 16:47:30,814 - persistent_wireshark_monitor - INFO - detect_interface_activity:151 - Activity detected on lo0: +338 packets, +233314 bytes
2025-09-28 16:47:30,815 - MultiInterfaceGUI - INFO - log_message:867 - 📊 Stats: 21 interfaces, 19 up, 3 active
2025-09-28 16:47:30,820 - MultiInterfaceGUI - INFO - log_message:867 - 📊 Activity detected on: en0, lo0
2025-09-28 16:47:32,819 - persistent_wireshark_monitor - INFO - detect_interface_activity:151 - Activity detected on en0: +188 packets, +85174 bytes
2025-09-28 16:47:32,820 - persistent_wireshark_monitor - INFO - detect_interface_activity:151 - Activity detected on lo0: +744 packets, +192666 bytes
2025-09-28 16:47:32,825 - MultiInterfaceGUI - INFO - log_message:867 - 📊 Stats: 21 interfaces, 19 up, 3 active
2025-09-28 16:47:32,831 - MultiInterfaceGUI - INFO - log_message:867 - 📊 Activity detected on: en0, lo0
2025-09-28 16:47:34,826 - persistent_wireshark_monitor - INFO - detect_interface_activity:151 - Activity detected on en0: +89 packets, +49341 bytes
2025-09-28 16:47:34,831 - persistent_wireshark_monitor - INFO - detect_interface_activity:151 - Activity detected on lo0: +184 packets, +51060 bytes
2025-09-28 16:47:34,832 - MultiInterfaceGUI - INFO - log_message:867 - 📊 Stats: 21 interfaces, 19 up, 3 active
2025-09-28 16:47:34,836 - MultiInterfaceGUI - INFO - log_message:867 - 📊 Activity detected on: en0, lo0
2025-09-28 16:47:36,835 - persistent_wireshark_monitor - INFO - detect_interface_activity:151 - Activity detected on en0: +39 packets, +9891 bytes
2025-09-28 16:47:36,840 - persistent_wireshark_monitor - INFO - detect_interface_activity:151 - Activity detected on lo0: +176 packets, +21094 bytes
2025-09-28 16:47:36,842 - MultiInterfaceGUI - INFO - log_message:867 - 📊 Stats: 21 interfaces, 19 up, 3 active
2025-09-28 16:47:36,846 - MultiInterfaceGUI - INFO - log_message:867 - 📊 Activity detected on: en0, lo0
2025-09-28 16:47:38,843 - persistent_wireshark_monitor - INFO - detect_interface_activity:151 - Activity detected on en0: +122 packets, +53912 bytes
2025-09-28 16:47:38,849 - persistent_wireshark_monitor - INFO - detect_interface_activity:151 - Activity detected on lo0: +352 packets, +112952 bytes
2025-09-28 16:47:38,850 - MultiInterfaceGUI - INFO - log_message:867 - 📊 Stats: 21 interfaces, 19 up, 3 active
2025-09-28 16:47:38,857 - MultiInterfaceGUI - INFO - log_message:867 - 📊 Activity detected on: en0, lo0
2025-09-28 16:47:40,854 - persistent_wireshark_monitor - INFO - detect_interface_activity:151 - Activity detected on en0: +88 packets, +27013 bytes
2025-09-28 16:47:40,866 - persistent_wireshark_monitor - INFO - detect_interface_activity:151 - Activity detected on lo0: +364 packets, +279018 bytes
2025-09-28 16:47:40,868 - MultiInterfaceGUI - INFO - log_message:867 - 📊 Stats: 21 interfaces, 19 up, 3 active
2025-09-28 16:47:40,872 - MultiInterfaceGUI - INFO - log_message:867 - 📊 Activity detected on: en0, lo0
2025-09-28 16:47:42,878 - persistent_wireshark_monitor - INFO - detect_interface_activity:151 - Activity detected on en0: +140 packets, +73909 bytes
2025-09-28 16:47:42,881 - persistent_wireshark_monitor - INFO - detect_interface_activity:151 - Activity detected on lo0: +406 packets, +253998 bytes
2025-09-28 16:47:42,882 - MultiInterfaceGUI - INFO - log_message:867 - 📊 Stats: 21 interfaces, 19 up, 3 active
2025-09-28 16:47:42,895 - MultiInterfaceGUI - INFO - log_message:867 - 📊 Activity detected on: en0, lo0
