2025-10-06 21:45:35,318 - MultiInterfaceGUI - INFO - setup_logging:574 - Multi-Interface Shark GUI logging initialized
2025-10-06 21:45:35,441 - MultiInterfaceGUI - INFO - setup_auto_save:581 - Auto-save enabled: saving session state every 30 seconds
2025-10-06 21:45:38,238 - MultiInterfaceGUI - INFO - log_message:867 - ðŸ¦ˆ Starting Multi-Interface Network Monitor...
2025-10-06 21:45:38,241 - MultiInterfaceGUI - INFO - log_message:867 - ðŸ“… Monitoring duration set to: 6h 0m (21600s)
2025-10-06 21:45:38,241 - MultiInterfaceGUI - INFO - log_message:867 - âœ… Multi-interface monitoring started successfully!
2025-10-06 21:45:38,242 - MultiInterfaceGUI - INFO - log_message:867 - ðŸ¦ˆ Starting Multi-Interface Network Monitor...
2025-10-06 21:45:38,242 - persistent_wireshark_monitor - INFO - setup_logging:83 - Persistent Wireshark Monitor initialized
2025-10-06 21:45:38,243 - persistent_wireshark_monitor - WARNING - __init__:66 - Could not register signal handlers (not main thread): signal only works in main thread of the main interpreter
2025-10-06 21:45:38,250 - persistent_wireshark_monitor - ERROR - discover_interfaces:115 - Failed to discover interfaces: [Errno 2] No such file or directory: 'tshark'
2025-10-06 21:45:38,253 - persistent_wireshark_monitor - INFO - detect_interface_activity:151 - Activity detected on lo0: +221856 packets, +366080000 bytes
2025-10-06 21:45:38,253 - persistent_wireshark_monitor - INFO - detect_interface_activity:151 - Activity detected on en0: +427630 packets, +480762880 bytes
2025-10-06 21:45:38,254 - persistent_wireshark_monitor - INFO - detect_interface_activity:151 - Activity detected on awdl0: +11 packets, +1024 bytes
2025-10-06 21:45:38,254 - MultiInterfaceGUI - INFO - log_message:867 - âœ… Monitor initialized - Discovering interfaces...
2025-10-06 21:45:38,257 - MultiInterfaceGUI - INFO - log_message:867 - ðŸ“¡ Discovered 4 interfaces: awdl0, en0, en1, lo0
2025-10-06 21:45:38,257 - MultiInterfaceGUI - INFO - log_message:867 - ðŸš€ Starting interface statistics monitoring...
2025-10-06 21:45:38,263 - MultiInterfaceGUI - INFO - log_message:867 - ðŸ“Š Stats: 19 interfaces, 16 up, 0 active
2025-10-06 21:45:38,263 - MultiInterfaceGUI - INFO - log_message:867 - ðŸ“Š Activity detected on: lo0, en0, awdl0
2025-10-06 21:45:40,266 - MultiInterfaceGUI - INFO - log_message:867 - ðŸ“Š Stats: 19 interfaces, 16 up, 0 active
2025-10-06 21:45:42,277 - MultiInterfaceGUI - INFO - log_message:867 - ðŸ“Š Stats: 19 interfaces, 16 up, 0 active
2025-10-06 21:45:44,280 - MultiInterfaceGUI - INFO - log_message:867 - ðŸ“Š Stats: 19 interfaces, 16 up, 0 active
2025-10-06 21:45:46,289 - MultiInterfaceGUI - INFO - log_message:867 - ðŸ“Š Stats: 19 interfaces, 16 up, 0 active
2025-10-06 21:45:48,295 - MultiInterfaceGUI - INFO - log_message:867 - ðŸ“Š Stats: 19 interfaces, 16 up, 0 active
2025-10-06 21:45:50,303 - MultiInterfaceGUI - INFO - log_message:867 - ðŸ“Š Stats: 19 interfaces, 16 up, 0 active
2025-10-06 21:45:52,313 - MultiInterfaceGUI - INFO - log_message:867 - ðŸ“Š Stats: 19 interfaces, 16 up, 0 active
2025-10-06 21:45:54,321 - MultiInterfaceGUI - INFO - log_message:867 - ðŸ“Š Stats: 19 interfaces, 16 up, 0 active
2025-10-06 21:45:56,328 - MultiInterfaceGUI - INFO - log_message:867 - ðŸ“Š Stats: 19 interfaces, 16 up, 0 active
2025-10-06 21:45:58,340 - MultiInterfaceGUI - INFO - log_message:867 - ðŸ“Š Stats: 19 interfaces, 16 up, 0 active
2025-10-06 21:46:00,352 - MultiInterfaceGUI - INFO - log_message:867 - ðŸ“Š Stats: 19 interfaces, 16 up, 0 active
2025-10-06 21:46:02,363 - MultiInterfaceGUI - INFO - log_message:867 - ðŸ“Š Stats: 19 interfaces, 16 up, 0 active
2025-10-06 21:46:04,375 - MultiInterfaceGUI - INFO - log_message:867 - ðŸ“Š Stats: 19 interfaces, 16 up, 0 active
2025-10-06 21:46:05,729 - MultiInterfaceGUI - DEBUG - save_session_state:632 - Session state saved successfully
2025-10-06 21:46:06,382 - MultiInterfaceGUI - INFO - log_message:867 - ðŸ“Š Stats: 19 interfaces, 16 up, 0 active
2025-10-06 21:46:08,387 - MultiInterfaceGUI - INFO - log_message:867 - ðŸ“Š Stats: 19 interfaces, 16 up, 0 active
2025-10-06 21:46:10,395 - MultiInterfaceGUI - INFO - log_message:867 - ðŸ“Š Stats: 19 interfaces, 16 up, 0 active
2025-10-06 21:46:12,404 - MultiInterfaceGUI - INFO - log_message:867 - ðŸ“Š Stats: 19 interfaces, 16 up, 0 active
2025-10-06 21:46:14,413 - MultiInterfaceGUI - INFO - log_message:867 - ðŸ“Š Stats: 19 interfaces, 16 up, 0 active
2025-10-06 21:46:16,422 - MultiInterfaceGUI - INFO - log_message:867 - ðŸ“Š Stats: 19 interfaces, 16 up, 0 active
2025-10-06 21:46:18,430 - MultiInterfaceGUI - INFO - log_message:867 - ðŸ“Š Stats: 19 interfaces, 16 up, 0 active
2025-10-06 21:46:20,437 - MultiInterfaceGUI - INFO - log_message:867 - ðŸ“Š Stats: 19 interfaces, 16 up, 0 active
2025-10-06 21:46:22,446 - MultiInterfaceGUI - INFO - log_message:867 - ðŸ“Š Stats: 19 interfaces, 16 up, 0 active
2025-10-06 21:46:24,454 - MultiInterfaceGUI - INFO - log_message:867 - ðŸ“Š Stats: 19 interfaces, 16 up, 0 active
2025-10-06 21:46:26,464 - MultiInterfaceGUI - INFO - log_message:867 - ðŸ“Š Stats: 19 interfaces, 16 up, 0 active
2025-10-06 21:46:28,472 - MultiInterfaceGUI - INFO - log_message:867 - ðŸ“Š Stats: 19 interfaces, 16 up, 0 active
2025-10-06 21:46:30,479 - MultiInterfaceGUI - INFO - log_message:867 - ðŸ“Š Stats: 19 interfaces, 16 up, 0 active
2025-10-06 21:46:32,488 - MultiInterfaceGUI - INFO - log_message:867 - ðŸ“Š Stats: 19 interfaces, 16 up, 0 active
2025-10-06 21:46:34,497 - MultiInterfaceGUI - INFO - log_message:867 - ðŸ“Š Stats: 19 interfaces, 16 up, 0 active
2025-10-06 21:46:35,730 - MultiInterfaceGUI - DEBUG - save_session_state:632 - Session state saved successfully
2025-10-06 21:46:36,507 - MultiInterfaceGUI - INFO - log_message:867 - ðŸ“Š Stats: 19 interfaces, 16 up, 0 active
2025-10-06 21:46:38,518 - MultiInterfaceGUI - INFO - log_message:867 - ðŸ“Š Stats: 19 interfaces, 16 up, 0 active
2025-10-06 21:46:40,527 - MultiInterfaceGUI - INFO - log_message:867 - ðŸ“Š Stats: 19 interfaces, 16 up, 0 active
2025-10-06 21:46:42,535 - MultiInterfaceGUI - INFO - log_message:867 - ðŸ“Š Stats: 19 interfaces, 16 up, 0 active
2025-10-06 21:46:44,543 - MultiInterfaceGUI - INFO - log_message:867 - ðŸ“Š Stats: 19 interfaces, 16 up, 0 active
2025-10-06 21:46:46,552 - MultiInterfaceGUI - INFO - log_message:867 - ðŸ“Š Stats: 19 interfaces, 16 up, 0 active
2025-10-06 21:46:48,560 - MultiInterfaceGUI - INFO - log_message:867 - ðŸ“Š Stats: 19 interfaces, 16 up, 0 active
2025-10-06 21:46:50,569 - MultiInterfaceGUI - INFO - log_message:867 - ðŸ“Š Stats: 19 interfaces, 16 up, 0 active
2025-10-06 21:46:52,579 - MultiInterfaceGUI - INFO - log_message:867 - ðŸ“Š Stats: 19 interfaces, 16 up, 0 active
2025-10-06 21:46:54,588 - MultiInterfaceGUI - INFO - log_message:867 - ðŸ“Š Stats: 19 interfaces, 16 up, 0 active
2025-10-06 21:46:56,599 - MultiInterfaceGUI - INFO - log_message:867 - ðŸ“Š Stats: 19 interfaces, 16 up, 0 active
2025-10-06 21:46:58,607 - MultiInterfaceGUI - INFO - log_message:867 - ðŸ“Š Stats: 19 interfaces, 16 up, 0 active
2025-10-06 21:47:00,617 - MultiInterfaceGUI - INFO - log_message:867 - ðŸ“Š Stats: 19 interfaces, 16 up, 0 active
2025-10-06 21:47:02,628 - MultiInterfaceGUI - INFO - log_message:867 - ðŸ“Š Stats: 19 interfaces, 16 up, 0 active
2025-10-06 21:47:04,638 - MultiInterfaceGUI - INFO - log_message:867 - ðŸ“Š Stats: 19 interfaces, 16 up, 0 active
2025-10-06 21:47:05,731 - MultiInterfaceGUI - DEBUG - save_session_state:632 - Session state saved successfully
2025-10-06 21:47:06,649 - MultiInterfaceGUI - INFO - log_message:867 - ðŸ“Š Stats: 19 interfaces, 16 up, 0 active
2025-10-06 21:47:08,656 - MultiInterfaceGUI - INFO - log_message:867 - ðŸ“Š Stats: 19 interfaces, 16 up, 0 active
2025-10-06 21:47:10,665 - MultiInterfaceGUI - INFO - log_message:867 - ðŸ“Š Stats: 19 interfaces, 16 up, 0 active
2025-10-06 21:47:12,675 - MultiInterfaceGUI - INFO - log_message:867 - ðŸ“Š Stats: 19 interfaces, 16 up, 0 active
2025-10-06 21:47:14,681 - MultiInterfaceGUI - INFO - log_message:867 - ðŸ“Š Stats: 19 interfaces, 16 up, 0 active
2025-10-06 21:47:16,691 - MultiInterfaceGUI - INFO - log_message:867 - ðŸ“Š Stats: 19 interfaces, 16 up, 0 active
2025-10-06 21:47:18,698 - MultiInterfaceGUI - INFO - log_message:867 - ðŸ“Š Stats: 19 interfaces, 16 up, 0 active
2025-10-06 21:47:20,712 - MultiInterfaceGUI - INFO - log_message:867 - ðŸ“Š Stats: 19 interfaces, 16 up, 0 active
2025-10-06 21:47:22,726 - MultiInterfaceGUI - INFO - log_message:867 - ðŸ“Š Stats: 19 interfaces, 16 up, 0 active
2025-10-06 21:47:24,740 - MultiInterfaceGUI - INFO - log_message:867 - ðŸ“Š Stats: 19 interfaces, 16 up, 0 active
2025-10-06 21:47:26,751 - MultiInterfaceGUI - INFO - log_message:867 - ðŸ“Š Stats: 19 interfaces, 16 up, 0 active
2025-10-06 21:47:28,760 - MultiInterfaceGUI - INFO - log_message:867 - ðŸ“Š Stats: 19 interfaces, 16 up, 0 active
2025-10-06 21:47:30,765 - MultiInterfaceGUI - INFO - log_message:867 - ðŸ“Š Stats: 19 interfaces, 16 up, 0 active
2025-10-06 21:47:32,775 - MultiInterfaceGUI - INFO - log_message:867 - ðŸ“Š Stats: 19 interfaces, 16 up, 0 active
2025-10-06 21:47:34,784 - MultiInterfaceGUI - INFO - log_message:867 - ðŸ“Š Stats: 19 interfaces, 16 up, 0 active
2025-10-06 21:47:35,730 - MultiInterfaceGUI - DEBUG - save_session_state:632 - Session state saved successfully
2025-10-06 21:47:36,793 - MultiInterfaceGUI - INFO - log_message:867 - ðŸ“Š Stats: 19 interfaces, 16 up, 0 active
2025-10-06 21:47:38,798 - MultiInterfaceGUI - INFO - log_message:867 - ðŸ“Š Stats: 19 interfaces, 16 up, 0 active
2025-10-06 21:47:40,809 - MultiInterfaceGUI - INFO - log_message:867 - ðŸ“Š Stats: 19 interfaces, 16 up, 0 active
2025-10-06 21:47:42,822 - MultiInterfaceGUI - INFO - log_message:867 - ðŸ“Š Stats: 19 interfaces, 16 up, 0 active
2025-10-06 21:47:44,836 - MultiInterfaceGUI - INFO - log_message:867 - ðŸ“Š Stats: 19 interfaces, 16 up, 0 active
2025-10-06 21:47:46,846 - MultiInterfaceGUI - INFO - log_message:867 - ðŸ“Š Stats: 19 interfaces, 16 up, 0 active
2025-10-06 21:47:48,857 - MultiInterfaceGUI - INFO - log_message:867 - ðŸ“Š Stats: 19 interfaces, 16 up, 0 active
2025-10-06 21:47:50,868 - MultiInterfaceGUI - INFO - log_message:867 - ðŸ“Š Stats: 19 interfaces, 16 up, 0 active
2025-10-06 21:47:52,877 - MultiInterfaceGUI - INFO - log_message:867 - ðŸ“Š Stats: 19 interfaces, 16 up, 0 active
2025-10-06 21:47:54,890 - MultiInterfaceGUI - INFO - log_message:867 - ðŸ“Š Stats: 19 interfaces, 16 up, 0 active
2025-10-06 21:47:56,900 - MultiInterfaceGUI - INFO - log_message:867 - ðŸ“Š Stats: 19 interfaces, 16 up, 0 active
2025-10-06 21:47:58,910 - MultiInterfaceGUI - INFO - log_message:867 - ðŸ“Š Stats: 19 interfaces, 16 up, 0 active
2025-10-06 21:48:00,918 - MultiInterfaceGUI - INFO - log_message:867 - ðŸ“Š Stats: 19 interfaces, 16 up, 0 active
2025-10-06 21:48:02,925 - MultiInterfaceGUI - INFO - log_message:867 - ðŸ“Š Stats: 19 interfaces, 16 up, 0 active
2025-10-06 21:48:04,936 - MultiInterfaceGUI - INFO - log_message:867 - ðŸ“Š Stats: 19 interfaces, 16 up, 0 active
2025-10-06 21:48:05,730 - MultiInterfaceGUI - DEBUG - save_session_state:632 - Session state saved successfully
2025-10-06 21:48:06,942 - MultiInterfaceGUI - INFO - log_message:867 - ðŸ“Š Stats: 19 interfaces, 16 up, 0 active
2025-10-06 21:48:08,953 - MultiInterfaceGUI - INFO - log_message:867 - ðŸ“Š Stats: 19 interfaces, 16 up, 0 active
2025-10-06 21:48:10,959 - MultiInterfaceGUI - INFO - log_message:867 - ðŸ“Š Stats: 19 interfaces, 16 up, 0 active
2025-10-06 21:48:12,965 - MultiInterfaceGUI - INFO - log_message:867 - ðŸ“Š Stats: 19 interfaces, 16 up, 0 active
2025-10-06 21:48:14,972 - MultiInterfaceGUI - INFO - log_message:867 - ðŸ“Š Stats: 19 interfaces, 16 up, 0 active
2025-10-06 21:48:16,977 - MultiInterfaceGUI - INFO - log_message:867 - ðŸ“Š Stats: 19 interfaces, 16 up, 0 active
2025-10-06 21:48:18,987 - MultiInterfaceGUI - INFO - log_message:867 - ðŸ“Š Stats: 19 interfaces, 16 up, 0 active
2025-10-06 21:48:20,995 - MultiInterfaceGUI - INFO - log_message:867 - ðŸ“Š Stats: 19 interfaces, 16 up, 0 active
2025-10-06 21:48:23,000 - MultiInterfaceGUI - INFO - log_message:867 - ðŸ“Š Stats: 19 interfaces, 16 up, 0 active
2025-10-06 21:48:25,007 - MultiInterfaceGUI - INFO - log_message:867 - ðŸ“Š Stats: 19 interfaces, 16 up, 0 active
2025-10-06 21:48:27,018 - MultiInterfaceGUI - INFO - log_message:867 - ðŸ“Š Stats: 19 interfaces, 16 up, 0 active
2025-10-06 21:48:29,024 - MultiInterfaceGUI - INFO - log_message:867 - ðŸ“Š Stats: 19 interfaces, 16 up, 0 active
2025-10-06 21:48:31,031 - MultiInterfaceGUI - INFO - log_message:867 - ðŸ“Š Stats: 19 interfaces, 16 up, 0 active
2025-10-06 21:48:33,042 - MultiInterfaceGUI - INFO - log_message:867 - ðŸ“Š Stats: 19 interfaces, 16 up, 0 active
2025-10-06 21:48:35,053 - MultiInterfaceGUI - INFO - log_message:867 - ðŸ“Š Stats: 19 interfaces, 16 up, 0 active
2025-10-06 21:48:35,731 - MultiInterfaceGUI - DEBUG - save_session_state:632 - Session state saved successfully
2025-10-06 21:48:37,059 - MultiInterfaceGUI - INFO - log_message:867 - ðŸ“Š Stats: 19 interfaces, 16 up, 0 active
2025-10-06 21:48:39,064 - MultiInterfaceGUI - INFO - log_message:867 - ðŸ“Š Stats: 19 interfaces, 16 up, 0 active
2025-10-06 21:48:41,071 - MultiInterfaceGUI - INFO - log_message:867 - ðŸ“Š Stats: 19 interfaces, 16 up, 0 active
2025-10-06 21:48:43,076 - MultiInterfaceGUI - INFO - log_message:867 - ðŸ“Š Stats: 19 interfaces, 16 up, 0 active
2025-10-06 21:48:45,083 - MultiInterfaceGUI - INFO - log_message:867 - ðŸ“Š Stats: 19 interfaces, 16 up, 0 active
2025-10-06 21:48:47,090 - MultiInterfaceGUI - INFO - log_message:867 - ðŸ“Š Stats: 19 interfaces, 16 up, 0 active
2025-10-06 21:48:49,101 - MultiInterfaceGUI - INFO - log_message:867 - ðŸ“Š Stats: 19 interfaces, 16 up, 0 active
2025-10-06 21:48:51,107 - MultiInterfaceGUI - INFO - log_message:867 - ðŸ“Š Stats: 19 interfaces, 16 up, 0 active
2025-10-06 21:48:53,113 - MultiInterfaceGUI - INFO - log_message:867 - ðŸ“Š Stats: 19 interfaces, 16 up, 0 active
2025-10-06 21:48:55,124 - MultiInterfaceGUI - INFO - log_message:867 - ðŸ“Š Stats: 19 interfaces, 16 up, 0 active
2025-10-06 21:48:57,130 - MultiInterfaceGUI - INFO - log_message:867 - ðŸ“Š Stats: 19 interfaces, 16 up, 0 active
2025-10-06 21:48:59,137 - MultiInterfaceGUI - INFO - log_message:867 - ðŸ“Š Stats: 19 interfaces, 16 up, 0 active
2025-10-06 21:49:01,148 - MultiInterfaceGUI - INFO - log_message:867 - ðŸ“Š Stats: 19 interfaces, 16 up, 0 active
2025-10-06 21:49:03,154 - MultiInterfaceGUI - INFO - log_message:867 - ðŸ“Š Stats: 19 interfaces, 16 up, 0 active
2025-10-06 21:49:05,159 - MultiInterfaceGUI - INFO - log_message:867 - ðŸ“Š Stats: 19 interfaces, 16 up, 0 active
2025-10-06 21:49:05,730 - MultiInterfaceGUI - DEBUG - save_session_state:632 - Session state saved successfully
2025-10-06 21:49:07,167 - MultiInterfaceGUI - INFO - log_message:867 - ðŸ“Š Stats: 19 interfaces, 16 up, 0 active
2025-10-06 21:49:09,178 - MultiInterfaceGUI - INFO - log_message:867 - ðŸ“Š Stats: 19 interfaces, 16 up, 0 active
2025-10-06 21:49:11,183 - MultiInterfaceGUI - INFO - log_message:867 - ðŸ“Š Stats: 19 interfaces, 16 up, 0 active
2025-10-06 21:49:13,194 - MultiInterfaceGUI - INFO - log_message:867 - ðŸ“Š Stats: 19 interfaces, 16 up, 0 active
2025-10-06 21:49:15,199 - MultiInterfaceGUI - INFO - log_message:867 - ðŸ“Š Stats: 19 interfaces, 16 up, 0 active
2025-10-06 21:49:17,210 - MultiInterfaceGUI - INFO - log_message:867 - ðŸ“Š Stats: 19 interfaces, 16 up, 0 active
2025-10-06 21:49:19,216 - MultiInterfaceGUI - INFO - log_message:867 - ðŸ“Š Stats: 19 interfaces, 16 up, 0 active
2025-10-06 21:49:21,223 - MultiInterfaceGUI - INFO - log_message:867 - ðŸ“Š Stats: 19 interfaces, 16 up, 0 active
2025-10-06 21:49:23,233 - MultiInterfaceGUI - INFO - log_message:867 - ðŸ“Š Stats: 19 interfaces, 16 up, 0 active
2025-10-06 21:49:25,239 - MultiInterfaceGUI - INFO - log_message:867 - ðŸ“Š Stats: 19 interfaces, 16 up, 0 active
2025-10-06 21:49:27,245 - MultiInterfaceGUI - INFO - log_message:867 - ðŸ“Š Stats: 19 interfaces, 16 up, 0 active
2025-10-06 21:49:29,252 - MultiInterfaceGUI - INFO - log_message:867 - ðŸ“Š Stats: 19 interfaces, 16 up, 0 active
2025-10-06 21:49:31,263 - MultiInterfaceGUI - INFO - log_message:867 - ðŸ“Š Stats: 19 interfaces, 16 up, 0 active
2025-10-06 21:49:33,269 - MultiInterfaceGUI - INFO - log_message:867 - ðŸ“Š Stats: 19 interfaces, 16 up, 0 active
2025-10-06 21:49:35,275 - MultiInterfaceGUI - INFO - log_message:867 - ðŸ“Š Stats: 19 interfaces, 16 up, 0 active
2025-10-06 21:49:35,731 - MultiInterfaceGUI - DEBUG - save_session_state:632 - Session state saved successfully
2025-10-06 21:49:37,281 - MultiInterfaceGUI - INFO - log_message:867 - ðŸ“Š Stats: 19 interfaces, 16 up, 0 active
2025-10-06 21:49:39,295 - MultiInterfaceGUI - INFO - log_message:867 - ðŸ“Š Stats: 19 interfaces, 16 up, 0 active
2025-10-06 21:49:41,301 - MultiInterfaceGUI - INFO - log_message:867 - ðŸ“Š Stats: 19 interfaces, 16 up, 0 active
2025-10-06 21:49:43,311 - MultiInterfaceGUI - INFO - log_message:867 - ðŸ“Š Stats: 19 interfaces, 16 up, 0 active
2025-10-06 21:49:45,317 - MultiInterfaceGUI - INFO - log_message:867 - ðŸ“Š Stats: 19 interfaces, 16 up, 0 active
2025-10-06 21:49:47,323 - MultiInterfaceGUI - INFO - log_message:867 - ðŸ“Š Stats: 19 interfaces, 16 up, 0 active
2025-10-06 21:49:49,334 - MultiInterfaceGUI - INFO - log_message:867 - ðŸ“Š Stats: 19 interfaces, 16 up, 0 active
2025-10-06 21:49:51,344 - MultiInterfaceGUI - INFO - log_message:867 - ðŸ“Š Stats: 19 interfaces, 16 up, 0 active
2025-10-06 21:49:53,350 - MultiInterfaceGUI - INFO - log_message:867 - ðŸ“Š Stats: 19 interfaces, 16 up, 0 active
2025-10-06 21:49:55,357 - MultiInterfaceGUI - INFO - log_message:867 - ðŸ“Š Stats: 19 interfaces, 16 up, 0 active
2025-10-06 21:49:57,366 - MultiInterfaceGUI - INFO - log_message:867 - ðŸ“Š Stats: 19 interfaces, 16 up, 0 active
2025-10-06 21:49:59,373 - MultiInterfaceGUI - INFO - log_message:867 - ðŸ“Š Stats: 19 interfaces, 16 up, 0 active
2025-10-06 21:50:01,384 - MultiInterfaceGUI - INFO - log_message:867 - ðŸ“Š Stats: 19 interfaces, 16 up, 0 active
2025-10-06 21:50:03,390 - MultiInterfaceGUI - INFO - log_message:867 - ðŸ“Š Stats: 19 interfaces, 16 up, 0 active
2025-10-06 21:50:05,396 - MultiInterfaceGUI - INFO - log_message:867 - ðŸ“Š Stats: 19 interfaces, 16 up, 0 active
2025-10-06 21:50:05,732 - MultiInterfaceGUI - DEBUG - save_session_state:632 - Session state saved successfully
2025-10-06 21:50:07,403 - MultiInterfaceGUI - INFO - log_message:867 - ðŸ“Š Stats: 19 interfaces, 16 up, 0 active
2025-10-06 21:50:09,414 - MultiInterfaceGUI - INFO - log_message:867 - ðŸ“Š Stats: 19 interfaces, 16 up, 0 active
2025-10-06 21:50:11,425 - MultiInterfaceGUI - INFO - log_message:867 - ðŸ“Š Stats: 19 interfaces, 16 up, 0 active
2025-10-06 21:50:13,435 - MultiInterfaceGUI - INFO - log_message:867 - ðŸ“Š Stats: 19 interfaces, 16 up, 0 active
2025-10-06 21:50:15,442 - MultiInterfaceGUI - INFO - log_message:867 - ðŸ“Š Stats: 19 interfaces, 16 up, 0 active
2025-10-06 21:50:17,453 - MultiInterfaceGUI - INFO - log_message:867 - ðŸ“Š Stats: 19 interfaces, 16 up, 0 active
2025-10-06 21:50:19,464 - MultiInterfaceGUI - INFO - log_message:867 - ðŸ“Š Stats: 19 interfaces, 16 up, 0 active
2025-10-06 21:50:21,475 - MultiInterfaceGUI - INFO - log_message:867 - ðŸ“Š Stats: 19 interfaces, 16 up, 0 active
2025-10-06 21:50:23,486 - MultiInterfaceGUI - INFO - log_message:867 - ðŸ“Š Stats: 19 interfaces, 16 up, 0 active
2025-10-06 21:50:25,497 - MultiInterfaceGUI - INFO - log_message:867 - ðŸ“Š Stats: 19 interfaces, 16 up, 0 active
2025-10-06 21:50:27,504 - MultiInterfaceGUI - INFO - log_message:867 - ðŸ“Š Stats: 19 interfaces, 16 up, 0 active
2025-10-06 21:50:29,510 - MultiInterfaceGUI - INFO - log_message:867 - ðŸ“Š Stats: 19 interfaces, 16 up, 0 active
2025-10-06 21:50:31,516 - MultiInterfaceGUI - INFO - log_message:867 - ðŸ“Š Stats: 19 interfaces, 16 up, 0 active
2025-10-06 21:50:33,528 - MultiInterfaceGUI - INFO - log_message:867 - ðŸ“Š Stats: 19 interfaces, 16 up, 0 active
2025-10-06 21:50:35,539 - MultiInterfaceGUI - INFO - log_message:867 - ðŸ“Š Stats: 19 interfaces, 16 up, 0 active
2025-10-06 21:50:35,731 - MultiInterfaceGUI - DEBUG - save_session_state:632 - Session state saved successfully
2025-10-06 21:50:37,546 - MultiInterfaceGUI - INFO - log_message:867 - ðŸ“Š Stats: 19 interfaces, 16 up, 0 active
2025-10-06 21:50:39,557 - MultiInterfaceGUI - INFO - log_message:867 - ðŸ“Š Stats: 19 interfaces, 16 up, 0 active
2025-10-06 21:50:41,568 - MultiInterfaceGUI - INFO - log_message:867 - ðŸ“Š Stats: 19 interfaces, 16 up, 0 active
2025-10-06 21:50:43,573 - MultiInterfaceGUI - INFO - log_message:867 - ðŸ“Š Stats: 19 interfaces, 16 up, 0 active
2025-10-06 21:50:45,580 - MultiInterfaceGUI - INFO - log_message:867 - ðŸ“Š Stats: 19 interfaces, 16 up, 0 active
2025-10-06 21:50:47,591 - MultiInterfaceGUI - INFO - log_message:867 - ðŸ“Š Stats: 19 interfaces, 16 up, 0 active
2025-10-06 21:50:49,597 - MultiInterfaceGUI - INFO - log_message:867 - ðŸ“Š Stats: 19 interfaces, 16 up, 0 active
2025-10-06 21:50:51,607 - MultiInterfaceGUI - INFO - log_message:867 - ðŸ“Š Stats: 19 interfaces, 16 up, 0 active
2025-10-06 21:50:53,619 - MultiInterfaceGUI - INFO - log_message:867 - ðŸ“Š Stats: 19 interfaces, 16 up, 0 active
2025-10-06 21:50:55,626 - MultiInterfaceGUI - INFO - log_message:867 - ðŸ“Š Stats: 19 interfaces, 16 up, 0 active
2025-10-06 21:50:57,636 - MultiInterfaceGUI - INFO - log_message:867 - ðŸ“Š Stats: 19 interfaces, 16 up, 0 active
2025-10-06 21:50:59,642 - MultiInterfaceGUI - INFO - log_message:867 - ðŸ“Š Stats: 19 interfaces, 16 up, 0 active
2025-10-06 21:51:01,648 - MultiInterfaceGUI - INFO - log_message:867 - ðŸ“Š Stats: 19 interfaces, 16 up, 0 active
2025-10-06 21:51:03,659 - MultiInterfaceGUI - INFO - log_message:867 - ðŸ“Š Stats: 19 interfaces, 16 up, 0 active
2025-10-06 21:51:05,665 - MultiInterfaceGUI - INFO - log_message:867 - ðŸ“Š Stats: 19 interfaces, 16 up, 0 active
2025-10-06 21:51:05,731 - MultiInterfaceGUI - DEBUG - save_session_state:632 - Session state saved successfully
2025-10-06 21:51:07,671 - MultiInterfaceGUI - INFO - log_message:867 - ðŸ“Š Stats: 19 interfaces, 16 up, 0 active
2025-10-06 21:51:09,681 - MultiInterfaceGUI - INFO - log_message:867 - ðŸ“Š Stats: 19 interfaces, 16 up, 0 active
2025-10-06 21:51:11,688 - MultiInterfaceGUI - INFO - log_message:867 - ðŸ“Š Stats: 19 interfaces, 16 up, 0 active
2025-10-06 21:51:13,694 - MultiInterfaceGUI - INFO - log_message:867 - ðŸ“Š Stats: 19 interfaces, 16 up, 0 active
2025-10-06 21:51:15,700 - MultiInterfaceGUI - INFO - log_message:867 - ðŸ“Š Stats: 19 interfaces, 16 up, 0 active
2025-10-06 21:51:17,707 - MultiInterfaceGUI - INFO - log_message:867 - ðŸ“Š Stats: 19 interfaces, 16 up, 0 active
2025-10-06 21:51:19,717 - MultiInterfaceGUI - INFO - log_message:867 - ðŸ“Š Stats: 19 interfaces, 16 up, 0 active
2025-10-06 21:51:21,723 - MultiInterfaceGUI - INFO - log_message:867 - ðŸ“Š Stats: 19 interfaces, 16 up, 0 active
2025-10-06 21:51:23,734 - MultiInterfaceGUI - INFO - log_message:867 - ðŸ“Š Stats: 19 interfaces, 16 up, 0 active
2025-10-06 21:51:25,746 - MultiInterfaceGUI - INFO - log_message:867 - ðŸ“Š Stats: 19 interfaces, 16 up, 0 active
2025-10-06 21:51:27,754 - MultiInterfaceGUI - INFO - log_message:867 - ðŸ“Š Stats: 19 interfaces, 16 up, 0 active
2025-10-06 21:51:29,759 - MultiInterfaceGUI - INFO - log_message:867 - ðŸ“Š Stats: 19 interfaces, 16 up, 0 active
2025-10-06 21:51:31,770 - MultiInterfaceGUI - INFO - log_message:867 - ðŸ“Š Stats: 19 interfaces, 16 up, 0 active
2025-10-06 21:51:33,776 - MultiInterfaceGUI - INFO - log_message:867 - ðŸ“Š Stats: 19 interfaces, 16 up, 0 active
2025-10-06 21:51:35,731 - MultiInterfaceGUI - DEBUG - save_session_state:632 - Session state saved successfully
2025-10-06 21:51:35,782 - MultiInterfaceGUI - INFO - log_message:867 - ðŸ“Š Stats: 19 interfaces, 16 up, 0 active
2025-10-06 21:51:37,789 - MultiInterfaceGUI - INFO - log_message:867 - ðŸ“Š Stats: 19 interfaces, 16 up, 0 active
2025-10-06 21:51:39,798 - MultiInterfaceGUI - INFO - log_message:867 - ðŸ“Š Stats: 19 interfaces, 16 up, 0 active
2025-10-06 21:51:41,806 - MultiInterfaceGUI - INFO - log_message:867 - ðŸ“Š Stats: 19 interfaces, 16 up, 0 active
2025-10-06 21:51:43,814 - MultiInterfaceGUI - INFO - log_message:867 - ðŸ“Š Stats: 19 interfaces, 16 up, 0 active
2025-10-06 21:51:45,825 - MultiInterfaceGUI - INFO - log_message:867 - ðŸ“Š Stats: 19 interfaces, 16 up, 0 active
2025-10-06 21:51:47,837 - MultiInterfaceGUI - INFO - log_message:867 - ðŸ“Š Stats: 19 interfaces, 16 up, 0 active
2025-10-06 21:51:49,847 - MultiInterfaceGUI - INFO - log_message:867 - ðŸ“Š Stats: 19 interfaces, 16 up, 0 active
2025-10-06 21:51:51,858 - MultiInterfaceGUI - INFO - log_message:867 - ðŸ“Š Stats: 19 interfaces, 16 up, 0 active
2025-10-06 21:51:53,865 - MultiInterfaceGUI - INFO - log_message:867 - ðŸ“Š Stats: 19 interfaces, 16 up, 0 active
2025-10-06 21:51:55,872 - MultiInterfaceGUI - INFO - log_message:867 - ðŸ“Š Stats: 19 interfaces, 16 up, 0 active
2025-10-06 21:51:57,877 - MultiInterfaceGUI - INFO - log_message:867 - ðŸ“Š Stats: 19 interfaces, 16 up, 0 active
2025-10-06 21:51:59,888 - MultiInterfaceGUI - INFO - log_message:867 - ðŸ“Š Stats: 19 interfaces, 16 up, 0 active
2025-10-06 21:52:01,892 - MultiInterfaceGUI - INFO - log_message:867 - ðŸ“Š Stats: 19 interfaces, 16 up, 0 active
2025-10-06 21:52:03,898 - MultiInterfaceGUI - INFO - log_message:867 - ðŸ“Š Stats: 19 interfaces, 16 up, 0 active
2025-10-06 21:52:05,731 - MultiInterfaceGUI - DEBUG - save_session_state:632 - Session state saved successfully
2025-10-06 21:52:05,905 - MultiInterfaceGUI - INFO - log_message:867 - ðŸ“Š Stats: 19 interfaces, 16 up, 0 active
2025-10-06 21:52:07,916 - MultiInterfaceGUI - INFO - log_message:867 - ðŸ“Š Stats: 19 interfaces, 16 up, 0 active
2025-10-06 21:52:09,922 - MultiInterfaceGUI - INFO - log_message:867 - ðŸ“Š Stats: 19 interfaces, 16 up, 0 active
2025-10-06 21:52:11,928 - MultiInterfaceGUI - INFO - log_message:867 - ðŸ“Š Stats: 19 interfaces, 16 up, 0 active
2025-10-06 21:52:13,936 - MultiInterfaceGUI - INFO - log_message:867 - ðŸ“Š Stats: 19 interfaces, 16 up, 0 active
2025-10-06 21:52:15,949 - MultiInterfaceGUI - INFO - log_message:867 - ðŸ“Š Stats: 19 interfaces, 16 up, 0 active
2025-10-06 21:52:17,956 - MultiInterfaceGUI - INFO - log_message:867 - ðŸ“Š Stats: 19 interfaces, 16 up, 0 active
2025-10-06 21:52:19,963 - MultiInterfaceGUI - INFO - log_message:867 - ðŸ“Š Stats: 19 interfaces, 16 up, 0 active
2025-10-06 21:52:21,971 - MultiInterfaceGUI - INFO - log_message:867 - ðŸ“Š Stats: 19 interfaces, 16 up, 0 active
2025-10-06 21:52:23,974 - MultiInterfaceGUI - INFO - log_message:867 - ðŸ“Š Stats: 19 interfaces, 16 up, 0 active
2025-10-06 21:52:25,986 - MultiInterfaceGUI - INFO - log_message:867 - ðŸ“Š Stats: 19 interfaces, 16 up, 0 active
2025-10-06 21:52:27,998 - MultiInterfaceGUI - INFO - log_message:867 - ðŸ“Š Stats: 19 interfaces, 16 up, 0 active
2025-10-06 21:52:30,003 - MultiInterfaceGUI - INFO - log_message:867 - ðŸ“Š Stats: 19 interfaces, 16 up, 0 active
2025-10-06 21:52:32,015 - MultiInterfaceGUI - INFO - log_message:867 - ðŸ“Š Stats: 19 interfaces, 16 up, 0 active
2025-10-06 21:52:34,022 - MultiInterfaceGUI - INFO - log_message:867 - ðŸ“Š Stats: 19 interfaces, 16 up, 0 active
2025-10-06 21:52:35,732 - MultiInterfaceGUI - DEBUG - save_session_state:632 - Session state saved successfully
2025-10-06 21:52:36,032 - MultiInterfaceGUI - INFO - log_message:867 - ðŸ“Š Stats: 19 interfaces, 16 up, 0 active
2025-10-06 21:52:38,040 - MultiInterfaceGUI - INFO - log_message:867 - ðŸ“Š Stats: 19 interfaces, 16 up, 0 active
2025-10-06 21:52:40,051 - MultiInterfaceGUI - INFO - log_message:867 - ðŸ“Š Stats: 19 interfaces, 16 up, 0 active
2025-10-06 21:52:42,058 - MultiInterfaceGUI - INFO - log_message:867 - ðŸ“Š Stats: 19 interfaces, 16 up, 0 active
2025-10-06 21:52:44,065 - MultiInterfaceGUI - INFO - log_message:867 - ðŸ“Š Stats: 19 interfaces, 16 up, 0 active
2025-10-06 21:52:46,076 - MultiInterfaceGUI - INFO - log_message:867 - ðŸ“Š Stats: 19 interfaces, 16 up, 0 active
2025-10-06 21:52:48,083 - MultiInterfaceGUI - INFO - log_message:867 - ðŸ“Š Stats: 19 interfaces, 16 up, 0 active
2025-10-06 21:52:50,091 - MultiInterfaceGUI - INFO - log_message:867 - ðŸ“Š Stats: 19 interfaces, 16 up, 0 active
2025-10-06 21:52:52,100 - MultiInterfaceGUI - INFO - log_message:867 - ðŸ“Š Stats: 19 interfaces, 16 up, 0 active
2025-10-06 21:52:54,106 - MultiInterfaceGUI - INFO - log_message:867 - ðŸ“Š Stats: 19 interfaces, 16 up, 0 active
2025-10-06 21:52:56,113 - MultiInterfaceGUI - INFO - log_message:867 - ðŸ“Š Stats: 19 interfaces, 16 up, 0 active
2025-10-06 21:52:58,121 - MultiInterfaceGUI - INFO - log_message:867 - ðŸ“Š Stats: 19 interfaces, 16 up, 0 active
2025-10-06 21:53:00,126 - MultiInterfaceGUI - INFO - log_message:867 - ðŸ“Š Stats: 19 interfaces, 16 up, 0 active
2025-10-06 21:53:02,136 - MultiInterfaceGUI - INFO - log_message:867 - ðŸ“Š Stats: 19 interfaces, 16 up, 0 active
2025-10-06 21:53:04,143 - MultiInterfaceGUI - INFO - log_message:867 - ðŸ“Š Stats: 19 interfaces, 16 up, 0 active
2025-10-06 21:53:05,731 - MultiInterfaceGUI - DEBUG - save_session_state:632 - Session state saved successfully
2025-10-06 21:53:06,155 - MultiInterfaceGUI - INFO - log_message:867 - ðŸ“Š Stats: 19 interfaces, 16 up, 0 active
2025-10-06 21:53:08,161 - MultiInterfaceGUI - INFO - log_message:867 - ðŸ“Š Stats: 19 interfaces, 16 up, 0 active
2025-10-06 21:53:10,173 - MultiInterfaceGUI - INFO - log_message:867 - ðŸ“Š Stats: 19 interfaces, 16 up, 0 active
2025-10-06 21:53:12,181 - MultiInterfaceGUI - INFO - log_message:867 - ðŸ“Š Stats: 19 interfaces, 16 up, 0 active
2025-10-06 21:53:14,189 - MultiInterfaceGUI - INFO - log_message:867 - ðŸ“Š Stats: 19 interfaces, 16 up, 0 active
2025-10-06 21:53:16,202 - MultiInterfaceGUI - INFO - log_message:867 - ðŸ“Š Stats: 19 interfaces, 16 up, 0 active
2025-10-06 21:53:18,214 - MultiInterfaceGUI - INFO - log_message:867 - ðŸ“Š Stats: 19 interfaces, 16 up, 0 active
2025-10-06 21:53:20,219 - MultiInterfaceGUI - INFO - log_message:867 - ðŸ“Š Stats: 19 interfaces, 16 up, 0 active
2025-10-06 21:53:22,227 - MultiInterfaceGUI - INFO - log_message:867 - ðŸ“Š Stats: 19 interfaces, 16 up, 0 active
2025-10-06 21:53:24,233 - MultiInterfaceGUI - INFO - log_message:867 - ðŸ“Š Stats: 19 interfaces, 16 up, 0 active
2025-10-06 21:53:26,243 - MultiInterfaceGUI - INFO - log_message:867 - ðŸ“Š Stats: 19 interfaces, 16 up, 0 active
2025-10-06 21:53:28,250 - MultiInterfaceGUI - INFO - log_message:867 - ðŸ“Š Stats: 19 interfaces, 16 up, 0 active
2025-10-06 21:53:30,257 - MultiInterfaceGUI - INFO - log_message:867 - ðŸ“Š Stats: 19 interfaces, 16 up, 0 active
2025-10-06 21:53:32,268 - MultiInterfaceGUI - INFO - log_message:867 - ðŸ“Š Stats: 19 interfaces, 16 up, 0 active
2025-10-06 21:53:34,280 - MultiInterfaceGUI - INFO - log_message:867 - ðŸ“Š Stats: 19 interfaces, 16 up, 0 active
2025-10-06 21:53:35,732 - MultiInterfaceGUI - DEBUG - save_session_state:632 - Session state saved successfully
2025-10-06 21:53:36,290 - MultiInterfaceGUI - INFO - log_message:867 - ðŸ“Š Stats: 19 interfaces, 16 up, 0 active
2025-10-06 21:53:38,302 - MultiInterfaceGUI - INFO - log_message:867 - ðŸ“Š Stats: 19 interfaces, 16 up, 0 active
2025-10-06 21:53:40,314 - MultiInterfaceGUI - INFO - log_message:867 - ðŸ“Š Stats: 19 interfaces, 16 up, 0 active
2025-10-06 21:53:42,322 - MultiInterfaceGUI - INFO - log_message:867 - ðŸ“Š Stats: 19 interfaces, 16 up, 0 active
2025-10-06 21:53:44,335 - MultiInterfaceGUI - INFO - log_message:867 - ðŸ“Š Stats: 19 interfaces, 16 up, 0 active
2025-10-06 21:53:46,347 - MultiInterfaceGUI - INFO - log_message:867 - ðŸ“Š Stats: 19 interfaces, 16 up, 0 active
2025-10-06 21:53:48,359 - MultiInterfaceGUI - INFO - log_message:867 - ðŸ“Š Stats: 19 interfaces, 16 up, 0 active
2025-10-06 21:53:50,365 - MultiInterfaceGUI - INFO - log_message:867 - ðŸ“Š Stats: 19 interfaces, 16 up, 0 active
2025-10-06 21:53:52,375 - MultiInterfaceGUI - INFO - log_message:867 - ðŸ“Š Stats: 19 interfaces, 16 up, 0 active
2025-10-06 21:53:54,384 - MultiInterfaceGUI - INFO - log_message:867 - ðŸ“Š Stats: 19 interfaces, 16 up, 0 active
2025-10-06 21:53:56,394 - MultiInterfaceGUI - INFO - log_message:867 - ðŸ“Š Stats: 19 interfaces, 16 up, 0 active
2025-10-06 21:53:58,403 - MultiInterfaceGUI - INFO - log_message:867 - ðŸ“Š Stats: 19 interfaces, 16 up, 0 active
2025-10-06 21:54:00,408 - MultiInterfaceGUI - INFO - log_message:867 - ðŸ“Š Stats: 19 interfaces, 16 up, 0 active
2025-10-06 21:54:02,417 - MultiInterfaceGUI - INFO - log_message:867 - ðŸ“Š Stats: 19 interfaces, 16 up, 0 active
2025-10-06 21:54:04,429 - MultiInterfaceGUI - INFO - log_message:867 - ðŸ“Š Stats: 19 interfaces, 16 up, 0 active
2025-10-06 21:54:05,731 - MultiInterfaceGUI - DEBUG - save_session_state:632 - Session state saved successfully
2025-10-06 21:54:06,442 - MultiInterfaceGUI - INFO - log_message:867 - ðŸ“Š Stats: 19 interfaces, 16 up, 0 active
2025-10-06 21:54:08,450 - MultiInterfaceGUI - INFO - log_message:867 - ðŸ“Š Stats: 19 interfaces, 16 up, 0 active
2025-10-06 21:54:10,462 - MultiInterfaceGUI - INFO - log_message:867 - ðŸ“Š Stats: 19 interfaces, 16 up, 0 active
2025-10-06 21:54:12,469 - MultiInterfaceGUI - INFO - log_message:867 - ðŸ“Š Stats: 19 interfaces, 16 up, 0 active
2025-10-06 21:54:14,481 - MultiInterfaceGUI - INFO - log_message:867 - ðŸ“Š Stats: 19 interfaces, 16 up, 0 active
2025-10-06 21:54:16,492 - MultiInterfaceGUI - INFO - log_message:867 - ðŸ“Š Stats: 19 interfaces, 16 up, 0 active
2025-10-06 21:54:18,504 - MultiInterfaceGUI - INFO - log_message:867 - ðŸ“Š Stats: 19 interfaces, 16 up, 0 active
2025-10-06 21:54:20,511 - MultiInterfaceGUI - INFO - log_message:867 - ðŸ“Š Stats: 19 interfaces, 16 up, 0 active
2025-10-06 21:54:22,522 - MultiInterfaceGUI - INFO - log_message:867 - ðŸ“Š Stats: 19 interfaces, 16 up, 0 active
2025-10-06 21:54:24,533 - MultiInterfaceGUI - INFO - log_message:867 - ðŸ“Š Stats: 19 interfaces, 16 up, 0 active
2025-10-06 21:54:26,540 - MultiInterfaceGUI - INFO - log_message:867 - ðŸ“Š Stats: 19 interfaces, 16 up, 0 active
2025-10-06 21:54:28,548 - MultiInterfaceGUI - INFO - log_message:867 - ðŸ“Š Stats: 19 interfaces, 16 up, 0 active
2025-10-06 21:54:30,556 - MultiInterfaceGUI - INFO - log_message:867 - ðŸ“Š Stats: 19 interfaces, 16 up, 0 active
2025-10-06 21:54:32,566 - MultiInterfaceGUI - INFO - log_message:867 - ðŸ“Š Stats: 19 interfaces, 16 up, 0 active
2025-10-06 21:54:34,574 - MultiInterfaceGUI - INFO - log_message:867 - ðŸ“Š Stats: 19 interfaces, 16 up, 0 active
2025-10-06 21:54:35,732 - MultiInterfaceGUI - DEBUG - save_session_state:632 - Session state saved successfully
2025-10-06 21:54:36,582 - MultiInterfaceGUI - INFO - log_message:867 - ðŸ“Š Stats: 19 interfaces, 16 up, 0 active
2025-10-06 21:54:38,590 - MultiInterfaceGUI - INFO - log_message:867 - ðŸ“Š Stats: 19 interfaces, 16 up, 0 active
2025-10-06 21:54:40,601 - MultiInterfaceGUI - INFO - log_message:867 - ðŸ“Š Stats: 19 interfaces, 16 up, 0 active
2025-10-06 21:54:42,605 - MultiInterfaceGUI - INFO - log_message:867 - ðŸ“Š Stats: 19 interfaces, 16 up, 0 active
2025-10-06 21:54:44,613 - MultiInterfaceGUI - INFO - log_message:867 - ðŸ“Š Stats: 19 interfaces, 16 up, 0 active
2025-10-06 21:54:46,620 - MultiInterfaceGUI - INFO - log_message:867 - ðŸ“Š Stats: 19 interfaces, 16 up, 0 active
2025-10-06 21:54:48,626 - MultiInterfaceGUI - INFO - log_message:867 - ðŸ“Š Stats: 19 interfaces, 16 up, 0 active
2025-10-06 21:54:50,634 - MultiInterfaceGUI - INFO - log_message:867 - ðŸ“Š Stats: 19 interfaces, 16 up, 0 active
2025-10-06 21:54:52,641 - MultiInterfaceGUI - INFO - log_message:867 - ðŸ“Š Stats: 19 interfaces, 16 up, 0 active
2025-10-06 21:54:54,647 - MultiInterfaceGUI - INFO - log_message:867 - ðŸ“Š Stats: 19 interfaces, 16 up, 0 active
2025-10-06 21:54:56,655 - MultiInterfaceGUI - INFO - log_message:867 - ðŸ“Š Stats: 19 interfaces, 16 up, 0 active
2025-10-06 21:54:58,661 - MultiInterfaceGUI - INFO - log_message:867 - ðŸ“Š Stats: 19 interfaces, 16 up, 0 active
2025-10-06 21:55:00,668 - MultiInterfaceGUI - INFO - log_message:867 - ðŸ“Š Stats: 19 interfaces, 16 up, 0 active
2025-10-06 21:55:02,674 - MultiInterfaceGUI - INFO - log_message:867 - ðŸ“Š Stats: 19 interfaces, 16 up, 0 active
2025-10-06 21:55:04,684 - MultiInterfaceGUI - INFO - log_message:867 - ðŸ“Š Stats: 19 interfaces, 16 up, 0 active
2025-10-06 21:55:05,733 - MultiInterfaceGUI - DEBUG - save_session_state:632 - Session state saved successfully
2025-10-06 21:55:06,691 - MultiInterfaceGUI - INFO - log_message:867 - ðŸ“Š Stats: 19 interfaces, 16 up, 0 active
2025-10-06 21:55:08,698 - MultiInterfaceGUI - INFO - log_message:867 - ðŸ“Š Stats: 19 interfaces, 16 up, 0 active
2025-10-06 21:55:10,709 - MultiInterfaceGUI - INFO - log_message:867 - ðŸ“Š Stats: 19 interfaces, 16 up, 0 active
2025-10-06 21:55:12,716 - MultiInterfaceGUI - INFO - log_message:867 - ðŸ“Š Stats: 19 interfaces, 16 up, 0 active
2025-10-06 21:55:14,729 - MultiInterfaceGUI - INFO - log_message:867 - ðŸ“Š Stats: 19 interfaces, 16 up, 0 active
2025-10-06 21:55:16,735 - MultiInterfaceGUI - INFO - log_message:867 - ðŸ“Š Stats: 19 interfaces, 16 up, 0 active
2025-10-06 21:55:18,741 - MultiInterfaceGUI - INFO - log_message:867 - ðŸ“Š Stats: 19 interfaces, 16 up, 0 active
2025-10-06 21:55:20,753 - MultiInterfaceGUI - INFO - log_message:867 - ðŸ“Š Stats: 19 interfaces, 16 up, 0 active
2025-10-06 21:55:22,765 - MultiInterfaceGUI - INFO - log_message:867 - ðŸ“Š Stats: 19 interfaces, 16 up, 0 active
2025-10-06 21:55:24,774 - MultiInterfaceGUI - INFO - log_message:867 - ðŸ“Š Stats: 19 interfaces, 16 up, 0 active
2025-10-06 21:55:26,784 - MultiInterfaceGUI - INFO - log_message:867 - ðŸ“Š Stats: 19 interfaces, 16 up, 0 active
2025-10-06 21:55:28,791 - MultiInterfaceGUI - INFO - log_message:867 - ðŸ“Š Stats: 19 interfaces, 16 up, 0 active
2025-10-06 21:55:30,800 - MultiInterfaceGUI - INFO - log_message:867 - ðŸ“Š Stats: 19 interfaces, 16 up, 0 active
2025-10-06 21:55:32,806 - MultiInterfaceGUI - INFO - log_message:867 - ðŸ“Š Stats: 19 interfaces, 16 up, 0 active
2025-10-06 21:55:34,815 - MultiInterfaceGUI - INFO - log_message:867 - ðŸ“Š Stats: 19 interfaces, 16 up, 0 active
2025-10-06 21:55:35,733 - MultiInterfaceGUI - DEBUG - save_session_state:632 - Session state saved successfully
2025-10-06 21:55:36,828 - MultiInterfaceGUI - INFO - log_message:867 - ðŸ“Š Stats: 19 interfaces, 16 up, 0 active
2025-10-06 21:55:38,838 - MultiInterfaceGUI - INFO - log_message:867 - ðŸ“Š Stats: 19 interfaces, 16 up, 0 active
2025-10-06 21:55:40,849 - MultiInterfaceGUI - INFO - log_message:867 - ðŸ“Š Stats: 19 interfaces, 16 up, 0 active
2025-10-06 21:55:42,858 - MultiInterfaceGUI - INFO - log_message:867 - ðŸ“Š Stats: 19 interfaces, 16 up, 0 active
2025-10-06 21:55:44,864 - MultiInterfaceGUI - INFO - log_message:867 - ðŸ“Š Stats: 19 interfaces, 16 up, 0 active
2025-10-06 21:55:46,870 - MultiInterfaceGUI - INFO - log_message:867 - ðŸ“Š Stats: 19 interfaces, 16 up, 0 active
2025-10-06 21:55:48,876 - MultiInterfaceGUI - INFO - log_message:867 - ðŸ“Š Stats: 19 interfaces, 16 up, 0 active
2025-10-06 21:55:50,882 - MultiInterfaceGUI - INFO - log_message:867 - ðŸ“Š Stats: 19 interfaces, 16 up, 0 active
2025-10-06 21:55:52,889 - MultiInterfaceGUI - INFO - log_message:867 - ðŸ“Š Stats: 19 interfaces, 16 up, 0 active
2025-10-06 21:55:54,897 - MultiInterfaceGUI - INFO - log_message:867 - ðŸ“Š Stats: 19 interfaces, 16 up, 0 active
2025-10-06 21:55:56,904 - MultiInterfaceGUI - INFO - log_message:867 - ðŸ“Š Stats: 19 interfaces, 16 up, 0 active
2025-10-06 21:55:58,912 - MultiInterfaceGUI - INFO - log_message:867 - ðŸ“Š Stats: 19 interfaces, 16 up, 0 active
2025-10-06 21:56:00,921 - MultiInterfaceGUI - INFO - log_message:867 - ðŸ“Š Stats: 19 interfaces, 16 up, 0 active
2025-10-06 21:56:02,928 - MultiInterfaceGUI - INFO - log_message:867 - ðŸ“Š Stats: 19 interfaces, 16 up, 0 active
2025-10-06 21:56:04,937 - MultiInterfaceGUI - INFO - log_message:867 - ðŸ“Š Stats: 19 interfaces, 16 up, 0 active
2025-10-06 21:56:05,735 - MultiInterfaceGUI - DEBUG - save_session_state:632 - Session state saved successfully
2025-10-06 21:56:06,949 - MultiInterfaceGUI - INFO - log_message:867 - ðŸ“Š Stats: 19 interfaces, 16 up, 0 active
2025-10-06 21:56:08,960 - MultiInterfaceGUI - INFO - log_message:867 - ðŸ“Š Stats: 19 interfaces, 16 up, 0 active
2025-10-06 21:56:10,967 - MultiInterfaceGUI - INFO - log_message:867 - ðŸ“Š Stats: 19 interfaces, 16 up, 0 active
2025-10-06 21:56:12,976 - MultiInterfaceGUI - INFO - log_message:867 - ðŸ“Š Stats: 19 interfaces, 16 up, 0 active
2025-10-06 21:56:14,988 - MultiInterfaceGUI - INFO - log_message:867 - ðŸ“Š Stats: 19 interfaces, 16 up, 0 active
2025-10-06 21:56:16,996 - MultiInterfaceGUI - INFO - log_message:867 - ðŸ“Š Stats: 19 interfaces, 16 up, 0 active
2025-10-06 21:56:19,008 - MultiInterfaceGUI - INFO - log_message:867 - ðŸ“Š Stats: 19 interfaces, 16 up, 0 active
2025-10-06 21:56:21,016 - MultiInterfaceGUI - INFO - log_message:867 - ðŸ“Š Stats: 19 interfaces, 16 up, 0 active
2025-10-06 21:56:23,024 - MultiInterfaceGUI - INFO - log_message:867 - ðŸ“Š Stats: 19 interfaces, 16 up, 0 active
2025-10-06 21:56:25,034 - MultiInterfaceGUI - INFO - log_message:867 - ðŸ“Š Stats: 19 interfaces, 16 up, 0 active
2025-10-06 21:56:27,041 - MultiInterfaceGUI - INFO - log_message:867 - ðŸ“Š Stats: 19 interfaces, 16 up, 0 active
2025-10-06 21:56:29,047 - MultiInterfaceGUI - INFO - log_message:867 - ðŸ“Š Stats: 19 interfaces, 16 up, 0 active
2025-10-06 21:56:31,055 - MultiInterfaceGUI - INFO - log_message:867 - ðŸ“Š Stats: 19 interfaces, 16 up, 0 active
2025-10-06 21:56:33,062 - MultiInterfaceGUI - INFO - log_message:867 - ðŸ“Š Stats: 19 interfaces, 16 up, 0 active
2025-10-06 21:56:35,074 - MultiInterfaceGUI - INFO - log_message:867 - ðŸ“Š Stats: 19 interfaces, 16 up, 0 active
2025-10-06 21:56:35,732 - MultiInterfaceGUI - DEBUG - save_session_state:632 - Session state saved successfully
2025-10-06 21:56:37,081 - MultiInterfaceGUI - INFO - log_message:867 - ðŸ“Š Stats: 19 interfaces, 16 up, 0 active
2025-10-06 21:56:39,088 - MultiInterfaceGUI - INFO - log_message:867 - ðŸ“Š Stats: 19 interfaces, 16 up, 0 active
2025-10-06 21:56:41,094 - MultiInterfaceGUI - INFO - log_message:867 - ðŸ“Š Stats: 19 interfaces, 16 up, 0 active
2025-10-06 21:56:43,100 - MultiInterfaceGUI - INFO - log_message:867 - ðŸ“Š Stats: 19 interfaces, 16 up, 0 active
2025-10-06 21:56:45,108 - MultiInterfaceGUI - INFO - log_message:867 - ðŸ“Š Stats: 19 interfaces, 16 up, 0 active
2025-10-06 21:56:47,117 - MultiInterfaceGUI - INFO - log_message:867 - ðŸ“Š Stats: 19 interfaces, 16 up, 0 active
2025-10-06 21:56:49,130 - MultiInterfaceGUI - INFO - log_message:867 - ðŸ“Š Stats: 19 interfaces, 16 up, 0 active
2025-10-06 21:56:51,137 - MultiInterfaceGUI - INFO - log_message:867 - ðŸ“Š Stats: 19 interfaces, 16 up, 0 active
2025-10-06 21:56:53,142 - MultiInterfaceGUI - INFO - log_message:867 - ðŸ“Š Stats: 19 interfaces, 16 up, 0 active
2025-10-06 21:56:55,149 - MultiInterfaceGUI - INFO - log_message:867 - ðŸ“Š Stats: 19 interfaces, 16 up, 0 active
2025-10-06 21:56:57,156 - MultiInterfaceGUI - INFO - log_message:867 - ðŸ“Š Stats: 19 interfaces, 16 up, 0 active
2025-10-06 21:56:59,162 - MultiInterfaceGUI - INFO - log_message:867 - ðŸ“Š Stats: 19 interfaces, 16 up, 0 active
2025-10-06 21:57:01,170 - MultiInterfaceGUI - INFO - log_message:867 - ðŸ“Š Stats: 19 interfaces, 16 up, 0 active
2025-10-06 21:57:03,181 - MultiInterfaceGUI - INFO - log_message:867 - ðŸ“Š Stats: 19 interfaces, 16 up, 0 active
2025-10-06 21:57:05,188 - MultiInterfaceGUI - INFO - log_message:867 - ðŸ“Š Stats: 19 interfaces, 16 up, 0 active
2025-10-06 21:57:05,733 - MultiInterfaceGUI - DEBUG - save_session_state:632 - Session state saved successfully
2025-10-06 21:57:07,196 - MultiInterfaceGUI - INFO - log_message:867 - ðŸ“Š Stats: 19 interfaces, 16 up, 0 active
2025-10-06 21:57:09,203 - MultiInterfaceGUI - INFO - log_message:867 - ðŸ“Š Stats: 19 interfaces, 16 up, 0 active
2025-10-06 21:57:11,211 - MultiInterfaceGUI - INFO - log_message:867 - ðŸ“Š Stats: 19 interfaces, 16 up, 0 active
2025-10-06 21:57:13,224 - MultiInterfaceGUI - INFO - log_message:867 - ðŸ“Š Stats: 19 interfaces, 16 up, 0 active
2025-10-06 21:57:15,230 - MultiInterfaceGUI - INFO - log_message:867 - ðŸ“Š Stats: 19 interfaces, 16 up, 0 active
2025-10-06 21:57:17,241 - MultiInterfaceGUI - INFO - log_message:867 - ðŸ“Š Stats: 19 interfaces, 16 up, 0 active
2025-10-06 21:57:19,247 - MultiInterfaceGUI - INFO - log_message:867 - ðŸ“Š Stats: 19 interfaces, 16 up, 0 active
2025-10-06 21:57:21,252 - MultiInterfaceGUI - INFO - log_message:867 - ðŸ“Š Stats: 19 interfaces, 16 up, 0 active
2025-10-06 21:57:23,263 - MultiInterfaceGUI - INFO - log_message:867 - ðŸ“Š Stats: 19 interfaces, 16 up, 0 active
2025-10-06 21:57:25,271 - MultiInterfaceGUI - INFO - log_message:867 - ðŸ“Š Stats: 19 interfaces, 16 up, 0 active
2025-10-06 21:57:27,276 - MultiInterfaceGUI - INFO - log_message:867 - ðŸ“Š Stats: 19 interfaces, 16 up, 0 active
2025-10-06 21:57:29,284 - MultiInterfaceGUI - INFO - log_message:867 - ðŸ“Š Stats: 19 interfaces, 16 up, 0 active
2025-10-06 21:57:31,290 - MultiInterfaceGUI - INFO - log_message:867 - ðŸ“Š Stats: 19 interfaces, 16 up, 0 active
2025-10-06 21:57:33,296 - MultiInterfaceGUI - INFO - log_message:867 - ðŸ“Š Stats: 19 interfaces, 16 up, 0 active
2025-10-06 21:57:35,303 - MultiInterfaceGUI - INFO - log_message:867 - ðŸ“Š Stats: 19 interfaces, 16 up, 0 active
2025-10-06 21:57:35,733 - MultiInterfaceGUI - DEBUG - save_session_state:632 - Session state saved successfully
2025-10-06 21:57:37,309 - MultiInterfaceGUI - INFO - log_message:867 - ðŸ“Š Stats: 19 interfaces, 16 up, 0 active
2025-10-06 21:57:39,315 - MultiInterfaceGUI - INFO - log_message:867 - ðŸ“Š Stats: 19 interfaces, 16 up, 0 active
2025-10-06 21:57:41,321 - MultiInterfaceGUI - INFO - log_message:867 - ðŸ“Š Stats: 19 interfaces, 16 up, 0 active
2025-10-06 21:57:43,329 - MultiInterfaceGUI - INFO - log_message:867 - ðŸ“Š Stats: 19 interfaces, 16 up, 0 active
2025-10-06 21:57:45,336 - MultiInterfaceGUI - INFO - log_message:867 - ðŸ“Š Stats: 19 interfaces, 16 up, 0 active
2025-10-06 21:57:47,342 - MultiInterfaceGUI - INFO - log_message:867 - ðŸ“Š Stats: 19 interfaces, 16 up, 0 active
2025-10-06 21:57:49,354 - MultiInterfaceGUI - INFO - log_message:867 - ðŸ“Š Stats: 19 interfaces, 16 up, 0 active
2025-10-06 21:57:51,364 - MultiInterfaceGUI - INFO - log_message:867 - ðŸ“Š Stats: 19 interfaces, 16 up, 0 active
2025-10-06 21:57:53,371 - MultiInterfaceGUI - INFO - log_message:867 - ðŸ“Š Stats: 19 interfaces, 16 up, 0 active
2025-10-06 21:57:55,382 - MultiInterfaceGUI - INFO - log_message:867 - ðŸ“Š Stats: 19 interfaces, 16 up, 0 active
2025-10-06 21:57:57,388 - MultiInterfaceGUI - INFO - log_message:867 - ðŸ“Š Stats: 19 interfaces, 16 up, 0 active
2025-10-06 21:57:59,400 - MultiInterfaceGUI - INFO - log_message:867 - ðŸ“Š Stats: 19 interfaces, 16 up, 0 active
2025-10-06 21:58:01,406 - MultiInterfaceGUI - INFO - log_message:867 - ðŸ“Š Stats: 19 interfaces, 16 up, 0 active
2025-10-06 21:58:03,417 - MultiInterfaceGUI - INFO - log_message:867 - ðŸ“Š Stats: 19 interfaces, 16 up, 0 active
2025-10-06 21:58:05,423 - MultiInterfaceGUI - INFO - log_message:867 - ðŸ“Š Stats: 19 interfaces, 16 up, 0 active
2025-10-06 21:58:05,733 - MultiInterfaceGUI - DEBUG - save_session_state:632 - Session state saved successfully
2025-10-06 21:58:07,433 - MultiInterfaceGUI - INFO - log_message:867 - ðŸ“Š Stats: 19 interfaces, 16 up, 0 active
2025-10-06 21:58:09,441 - MultiInterfaceGUI - INFO - log_message:867 - ðŸ“Š Stats: 19 interfaces, 16 up, 0 active
2025-10-06 21:58:11,450 - MultiInterfaceGUI - INFO - log_message:867 - ðŸ“Š Stats: 19 interfaces, 16 up, 0 active
2025-10-06 21:58:13,462 - MultiInterfaceGUI - INFO - log_message:867 - ðŸ“Š Stats: 19 interfaces, 16 up, 0 active
2025-10-06 21:58:15,467 - MultiInterfaceGUI - INFO - log_message:867 - ðŸ“Š Stats: 19 interfaces, 16 up, 0 active
2025-10-06 21:58:17,477 - MultiInterfaceGUI - INFO - log_message:867 - ðŸ“Š Stats: 19 interfaces, 16 up, 0 active
2025-10-06 21:58:19,486 - MultiInterfaceGUI - INFO - log_message:867 - ðŸ“Š Stats: 19 interfaces, 16 up, 0 active
2025-10-06 21:58:21,492 - MultiInterfaceGUI - INFO - log_message:867 - ðŸ“Š Stats: 19 interfaces, 16 up, 0 active
2025-10-06 21:58:23,499 - MultiInterfaceGUI - INFO - log_message:867 - ðŸ“Š Stats: 19 interfaces, 16 up, 0 active
2025-10-06 21:58:25,511 - MultiInterfaceGUI - INFO - log_message:867 - ðŸ“Š Stats: 19 interfaces, 16 up, 0 active
2025-10-06 21:58:27,521 - MultiInterfaceGUI - INFO - log_message:867 - ðŸ“Š Stats: 19 interfaces, 16 up, 0 active
2025-10-06 21:58:29,530 - MultiInterfaceGUI - INFO - log_message:867 - ðŸ“Š Stats: 19 interfaces, 16 up, 0 active
2025-10-06 21:58:31,536 - MultiInterfaceGUI - INFO - log_message:867 - ðŸ“Š Stats: 19 interfaces, 16 up, 0 active
2025-10-06 21:58:33,543 - MultiInterfaceGUI - INFO - log_message:867 - ðŸ“Š Stats: 19 interfaces, 16 up, 0 active
2025-10-06 21:58:35,546 - MultiInterfaceGUI - INFO - log_message:867 - ðŸ“Š Stats: 19 interfaces, 16 up, 0 active
2025-10-06 21:58:35,734 - MultiInterfaceGUI - DEBUG - save_session_state:632 - Session state saved successfully
2025-10-06 21:58:37,556 - MultiInterfaceGUI - INFO - log_message:867 - ðŸ“Š Stats: 19 interfaces, 16 up, 0 active
2025-10-06 21:58:39,563 - MultiInterfaceGUI - INFO - log_message:867 - ðŸ“Š Stats: 19 interfaces, 16 up, 0 active
2025-10-06 21:58:41,574 - MultiInterfaceGUI - INFO - log_message:867 - ðŸ“Š Stats: 19 interfaces, 16 up, 0 active
2025-10-06 21:58:43,581 - MultiInterfaceGUI - INFO - log_message:867 - ðŸ“Š Stats: 19 interfaces, 16 up, 0 active
2025-10-06 21:58:45,587 - MultiInterfaceGUI - INFO - log_message:867 - ðŸ“Š Stats: 19 interfaces, 16 up, 0 active
2025-10-06 21:58:47,594 - MultiInterfaceGUI - INFO - log_message:867 - ðŸ“Š Stats: 19 interfaces, 16 up, 0 active
2025-10-06 21:58:49,600 - MultiInterfaceGUI - INFO - log_message:867 - ðŸ“Š Stats: 19 interfaces, 16 up, 0 active
2025-10-06 21:58:51,607 - MultiInterfaceGUI - INFO - log_message:867 - ðŸ“Š Stats: 19 interfaces, 16 up, 0 active
2025-10-06 21:58:53,614 - MultiInterfaceGUI - INFO - log_message:867 - ðŸ“Š Stats: 19 interfaces, 16 up, 0 active
2025-10-06 21:58:55,624 - MultiInterfaceGUI - INFO - log_message:867 - ðŸ“Š Stats: 19 interfaces, 16 up, 0 active
2025-10-06 21:58:57,631 - MultiInterfaceGUI - INFO - log_message:867 - ðŸ“Š Stats: 19 interfaces, 16 up, 0 active
2025-10-06 21:58:59,635 - MultiInterfaceGUI - INFO - log_message:867 - ðŸ“Š Stats: 19 interfaces, 16 up, 0 active
2025-10-06 21:59:01,641 - MultiInterfaceGUI - INFO - log_message:867 - ðŸ“Š Stats: 19 interfaces, 16 up, 0 active
2025-10-06 21:59:03,658 - MultiInterfaceGUI - INFO - log_message:867 - ðŸ“Š Stats: 19 interfaces, 16 up, 0 active
2025-10-06 21:59:05,663 - MultiInterfaceGUI - INFO - log_message:867 - ðŸ“Š Stats: 19 interfaces, 16 up, 0 active
2025-10-06 21:59:05,733 - MultiInterfaceGUI - DEBUG - save_session_state:632 - Session state saved successfully
2025-10-06 21:59:07,670 - MultiInterfaceGUI - INFO - log_message:867 - ðŸ“Š Stats: 19 interfaces, 16 up, 0 active
2025-10-06 21:59:09,678 - MultiInterfaceGUI - INFO - log_message:867 - ðŸ“Š Stats: 19 interfaces, 16 up, 0 active
2025-10-06 21:59:11,683 - MultiInterfaceGUI - INFO - log_message:867 - ðŸ“Š Stats: 19 interfaces, 16 up, 0 active
2025-10-06 21:59:13,691 - MultiInterfaceGUI - INFO - log_message:867 - ðŸ“Š Stats: 19 interfaces, 16 up, 0 active
2025-10-06 21:59:15,698 - MultiInterfaceGUI - INFO - log_message:867 - ðŸ“Š Stats: 19 interfaces, 16 up, 0 active
2025-10-06 21:59:17,705 - MultiInterfaceGUI - INFO - log_message:867 - ðŸ“Š Stats: 19 interfaces, 16 up, 0 active
2025-10-06 21:59:19,714 - MultiInterfaceGUI - INFO - log_message:867 - ðŸ“Š Stats: 19 interfaces, 16 up, 0 active
2025-10-06 21:59:21,726 - MultiInterfaceGUI - INFO - log_message:867 - ðŸ“Š Stats: 19 interfaces, 16 up, 0 active
2025-10-06 21:59:23,733 - MultiInterfaceGUI - INFO - log_message:867 - ðŸ“Š Stats: 19 interfaces, 16 up, 0 active
2025-10-06 21:59:25,739 - MultiInterfaceGUI - INFO - log_message:867 - ðŸ“Š Stats: 19 interfaces, 16 up, 0 active
2025-10-06 21:59:27,749 - MultiInterfaceGUI - INFO - log_message:867 - ðŸ“Š Stats: 19 interfaces, 16 up, 0 active
2025-10-06 21:59:29,757 - MultiInterfaceGUI - INFO - log_message:867 - ðŸ“Š Stats: 19 interfaces, 16 up, 0 active
2025-10-06 21:59:31,764 - MultiInterfaceGUI - INFO - log_message:867 - ðŸ“Š Stats: 19 interfaces, 16 up, 0 active
2025-10-06 21:59:33,771 - MultiInterfaceGUI - INFO - log_message:867 - ðŸ“Š Stats: 19 interfaces, 16 up, 0 active
2025-10-06 21:59:35,734 - MultiInterfaceGUI - DEBUG - save_session_state:632 - Session state saved successfully
2025-10-06 21:59:35,782 - MultiInterfaceGUI - INFO - log_message:867 - ðŸ“Š Stats: 19 interfaces, 16 up, 0 active
2025-10-06 21:59:37,793 - MultiInterfaceGUI - INFO - log_message:867 - ðŸ“Š Stats: 19 interfaces, 16 up, 0 active
2025-10-06 21:59:39,800 - MultiInterfaceGUI - INFO - log_message:867 - ðŸ“Š Stats: 19 interfaces, 16 up, 0 active
2025-10-06 21:59:41,812 - MultiInterfaceGUI - INFO - log_message:867 - ðŸ“Š Stats: 19 interfaces, 16 up, 0 active
2025-10-06 21:59:43,821 - MultiInterfaceGUI - INFO - log_message:867 - ðŸ“Š Stats: 19 interfaces, 16 up, 0 active
2025-10-06 21:59:45,832 - MultiInterfaceGUI - INFO - log_message:867 - ðŸ“Š Stats: 19 interfaces, 16 up, 0 active
2025-10-06 21:59:47,838 - MultiInterfaceGUI - INFO - log_message:867 - ðŸ“Š Stats: 19 interfaces, 16 up, 0 active
2025-10-06 21:59:49,846 - MultiInterfaceGUI - INFO - log_message:867 - ðŸ“Š Stats: 19 interfaces, 16 up, 0 active
2025-10-06 21:59:51,857 - MultiInterfaceGUI - INFO - log_message:867 - ðŸ“Š Stats: 19 interfaces, 16 up, 0 active
2025-10-06 21:59:53,864 - MultiInterfaceGUI - INFO - log_message:867 - ðŸ“Š Stats: 19 interfaces, 16 up, 0 active
2025-10-06 21:59:55,876 - MultiInterfaceGUI - INFO - log_message:867 - ðŸ“Š Stats: 19 interfaces, 16 up, 0 active
2025-10-06 21:59:57,882 - MultiInterfaceGUI - INFO - log_message:867 - ðŸ“Š Stats: 19 interfaces, 16 up, 0 active
2025-10-06 21:59:59,888 - MultiInterfaceGUI - INFO - log_message:867 - ðŸ“Š Stats: 19 interfaces, 16 up, 0 active
2025-10-06 22:00:01,898 - MultiInterfaceGUI - INFO - log_message:867 - ðŸ“Š Stats: 19 interfaces, 16 up, 0 active
2025-10-06 22:00:03,905 - MultiInterfaceGUI - INFO - log_message:867 - ðŸ“Š Stats: 19 interfaces, 16 up, 0 active
2025-10-06 22:00:05,734 - MultiInterfaceGUI - DEBUG - save_session_state:632 - Session state saved successfully
2025-10-06 22:00:05,916 - MultiInterfaceGUI - INFO - log_message:867 - ðŸ“Š Stats: 19 interfaces, 16 up, 0 active
2025-10-06 22:00:07,923 - MultiInterfaceGUI - INFO - log_message:867 - ðŸ“Š Stats: 19 interfaces, 16 up, 0 active
2025-10-06 22:00:09,934 - MultiInterfaceGUI - INFO - log_message:867 - ðŸ“Š Stats: 19 interfaces, 16 up, 0 active
2025-10-06 22:00:11,947 - MultiInterfaceGUI - INFO - log_message:867 - ðŸ“Š Stats: 19 interfaces, 16 up, 0 active
2025-10-06 22:00:13,954 - MultiInterfaceGUI - INFO - log_message:867 - ðŸ“Š Stats: 19 interfaces, 16 up, 0 active
2025-10-06 22:00:15,961 - MultiInterfaceGUI - INFO - log_message:867 - ðŸ“Š Stats: 19 interfaces, 16 up, 0 active
2025-10-06 22:00:17,969 - MultiInterfaceGUI - INFO - log_message:867 - ðŸ“Š Stats: 19 interfaces, 16 up, 0 active
2025-10-06 22:00:19,976 - MultiInterfaceGUI - INFO - log_message:867 - ðŸ“Š Stats: 19 interfaces, 16 up, 0 active
2025-10-06 22:00:21,980 - MultiInterfaceGUI - INFO - log_message:867 - ðŸ“Š Stats: 19 interfaces, 16 up, 0 active
2025-10-06 22:00:23,990 - MultiInterfaceGUI - INFO - log_message:867 - ðŸ“Š Stats: 19 interfaces, 16 up, 0 active
2025-10-06 22:00:25,992 - MultiInterfaceGUI - INFO - log_message:867 - ðŸ“Š Stats: 19 interfaces, 16 up, 0 active
2025-10-06 22:00:28,000 - MultiInterfaceGUI - INFO - log_message:867 - ðŸ“Š Stats: 19 interfaces, 16 up, 0 active
2025-10-06 22:00:30,005 - MultiInterfaceGUI - INFO - log_message:867 - ðŸ“Š Stats: 19 interfaces, 16 up, 0 active
2025-10-06 22:00:32,015 - MultiInterfaceGUI - INFO - log_message:867 - ðŸ“Š Stats: 19 interfaces, 16 up, 0 active
2025-10-06 22:00:34,024 - MultiInterfaceGUI - INFO - log_message:867 - ðŸ“Š Stats: 19 interfaces, 16 up, 0 active
2025-10-06 22:00:35,733 - MultiInterfaceGUI - DEBUG - save_session_state:632 - Session state saved successfully
2025-10-06 22:00:36,032 - MultiInterfaceGUI - INFO - log_message:867 - ðŸ“Š Stats: 19 interfaces, 16 up, 0 active
2025-10-06 22:00:38,040 - MultiInterfaceGUI - INFO - log_message:867 - ðŸ“Š Stats: 19 interfaces, 16 up, 0 active
2025-10-06 22:00:40,047 - MultiInterfaceGUI - INFO - log_message:867 - ðŸ“Š Stats: 19 interfaces, 16 up, 0 active
2025-10-06 22:00:42,057 - MultiInterfaceGUI - INFO - log_message:867 - ðŸ“Š Stats: 19 interfaces, 16 up, 0 active
2025-10-06 22:00:44,069 - MultiInterfaceGUI - INFO - log_message:867 - ðŸ“Š Stats: 19 interfaces, 16 up, 0 active
2025-10-06 22:00:46,080 - MultiInterfaceGUI - INFO - log_message:867 - ðŸ“Š Stats: 19 interfaces, 16 up, 0 active
2025-10-06 22:00:48,088 - MultiInterfaceGUI - INFO - log_message:867 - ðŸ“Š Stats: 19 interfaces, 16 up, 0 active
2025-10-06 22:00:50,093 - MultiInterfaceGUI - INFO - log_message:867 - ðŸ“Š Stats: 19 interfaces, 16 up, 0 active
2025-10-06 22:00:52,100 - MultiInterfaceGUI - INFO - log_message:867 - ðŸ“Š Stats: 19 interfaces, 16 up, 0 active
2025-10-06 22:00:54,105 - MultiInterfaceGUI - INFO - log_message:867 - ðŸ“Š Stats: 19 interfaces, 16 up, 0 active
2025-10-06 22:00:56,110 - MultiInterfaceGUI - INFO - log_message:867 - ðŸ“Š Stats: 19 interfaces, 16 up, 0 active
2025-10-06 22:00:58,118 - MultiInterfaceGUI - INFO - log_message:867 - ðŸ“Š Stats: 19 interfaces, 16 up, 0 active
2025-10-06 22:01:00,126 - MultiInterfaceGUI - INFO - log_message:867 - ðŸ“Š Stats: 19 interfaces, 16 up, 0 active
2025-10-06 22:01:02,133 - MultiInterfaceGUI - INFO - log_message:867 - ðŸ“Š Stats: 19 interfaces, 16 up, 0 active
2025-10-06 22:01:04,139 - MultiInterfaceGUI - INFO - log_message:867 - ðŸ“Š Stats: 19 interfaces, 16 up, 0 active
2025-10-06 22:01:05,733 - MultiInterfaceGUI - DEBUG - save_session_state:632 - Session state saved successfully
2025-10-06 22:01:06,151 - MultiInterfaceGUI - INFO - log_message:867 - ðŸ“Š Stats: 19 interfaces, 16 up, 0 active
2025-10-06 22:01:08,160 - MultiInterfaceGUI - INFO - log_message:867 - ðŸ“Š Stats: 19 interfaces, 16 up, 0 active
2025-10-06 22:01:10,167 - MultiInterfaceGUI - INFO - log_message:867 - ðŸ“Š Stats: 19 interfaces, 16 up, 0 active
2025-10-06 22:01:12,172 - MultiInterfaceGUI - INFO - log_message:867 - ðŸ“Š Stats: 19 interfaces, 16 up, 0 active
2025-10-06 22:01:14,179 - MultiInterfaceGUI - INFO - log_message:867 - ðŸ“Š Stats: 19 interfaces, 16 up, 0 active
2025-10-06 22:01:16,187 - MultiInterfaceGUI - INFO - log_message:867 - ðŸ“Š Stats: 19 interfaces, 16 up, 0 active
2025-10-06 22:01:18,192 - MultiInterfaceGUI - INFO - log_message:867 - ðŸ“Š Stats: 19 interfaces, 16 up, 0 active
2025-10-06 22:01:20,201 - MultiInterfaceGUI - INFO - log_message:867 - ðŸ“Š Stats: 19 interfaces, 16 up, 0 active
2025-10-06 22:01:22,206 - MultiInterfaceGUI - INFO - log_message:867 - ðŸ“Š Stats: 19 interfaces, 16 up, 0 active
2025-10-06 22:01:24,212 - MultiInterfaceGUI - INFO - log_message:867 - ðŸ“Š Stats: 19 interfaces, 16 up, 0 active
2025-10-06 22:01:26,217 - MultiInterfaceGUI - INFO - log_message:867 - ðŸ“Š Stats: 19 interfaces, 16 up, 0 active
2025-10-06 22:01:28,222 - MultiInterfaceGUI - INFO - log_message:867 - ðŸ“Š Stats: 19 interfaces, 16 up, 0 active
2025-10-06 22:01:30,234 - MultiInterfaceGUI - INFO - log_message:867 - ðŸ“Š Stats: 19 interfaces, 16 up, 0 active
2025-10-06 22:01:32,242 - MultiInterfaceGUI - INFO - log_message:867 - ðŸ“Š Stats: 19 interfaces, 16 up, 0 active
2025-10-06 22:01:34,251 - MultiInterfaceGUI - INFO - log_message:867 - ðŸ“Š Stats: 19 interfaces, 16 up, 0 active
2025-10-06 22:01:35,732 - MultiInterfaceGUI - DEBUG - save_session_state:632 - Session state saved successfully
2025-10-06 22:01:36,261 - MultiInterfaceGUI - INFO - log_message:867 - ðŸ“Š Stats: 19 interfaces, 16 up, 0 active
2025-10-06 22:01:38,269 - MultiInterfaceGUI - INFO - log_message:867 - ðŸ“Š Stats: 19 interfaces, 16 up, 0 active
2025-10-06 22:01:40,274 - MultiInterfaceGUI - INFO - log_message:867 - ðŸ“Š Stats: 19 interfaces, 16 up, 0 active
2025-10-06 22:01:42,275 - MultiInterfaceGUI - INFO - log_message:867 - ðŸ“Š Stats: 19 interfaces, 16 up, 0 active
2025-10-06 22:01:44,284 - MultiInterfaceGUI - INFO - log_message:867 - ðŸ“Š Stats: 19 interfaces, 16 up, 0 active
2025-10-06 22:01:46,289 - MultiInterfaceGUI - INFO - log_message:867 - ðŸ“Š Stats: 19 interfaces, 16 up, 0 active
2025-10-06 22:01:48,295 - MultiInterfaceGUI - INFO - log_message:867 - ðŸ“Š Stats: 19 interfaces, 16 up, 0 active
2025-10-06 22:01:50,302 - MultiInterfaceGUI - INFO - log_message:867 - ðŸ“Š Stats: 19 interfaces, 16 up, 0 active
2025-10-06 22:01:52,310 - MultiInterfaceGUI - INFO - log_message:867 - ðŸ“Š Stats: 19 interfaces, 16 up, 0 active
2025-10-06 22:01:54,318 - MultiInterfaceGUI - INFO - log_message:867 - ðŸ“Š Stats: 19 interfaces, 16 up, 0 active
2025-10-06 22:01:56,323 - MultiInterfaceGUI - INFO - log_message:867 - ðŸ“Š Stats: 19 interfaces, 16 up, 0 active
2025-10-06 22:01:58,326 - MultiInterfaceGUI - INFO - log_message:867 - ðŸ“Š Stats: 19 interfaces, 16 up, 0 active
2025-10-06 22:02:00,332 - MultiInterfaceGUI - INFO - log_message:867 - ðŸ“Š Stats: 19 interfaces, 16 up, 0 active
2025-10-06 22:02:02,340 - MultiInterfaceGUI - INFO - log_message:867 - ðŸ“Š Stats: 19 interfaces, 16 up, 0 active
2025-10-06 22:02:04,352 - MultiInterfaceGUI - INFO - log_message:867 - ðŸ“Š Stats: 19 interfaces, 16 up, 0 active
2025-10-06 22:02:05,736 - MultiInterfaceGUI - DEBUG - save_session_state:632 - Session state saved successfully
2025-10-06 22:02:06,360 - MultiInterfaceGUI - INFO - log_message:867 - ðŸ“Š Stats: 19 interfaces, 16 up, 0 active
2025-10-06 22:02:08,368 - MultiInterfaceGUI - INFO - log_message:867 - ðŸ“Š Stats: 19 interfaces, 16 up, 0 active
2025-10-06 22:02:10,379 - MultiInterfaceGUI - INFO - log_message:867 - ðŸ“Š Stats: 19 interfaces, 16 up, 0 active
2025-10-06 22:02:12,386 - MultiInterfaceGUI - INFO - log_message:867 - ðŸ“Š Stats: 19 interfaces, 16 up, 0 active
2025-10-06 22:02:14,396 - MultiInterfaceGUI - INFO - log_message:867 - ðŸ“Š Stats: 19 interfaces, 16 up, 0 active
2025-10-06 22:02:16,403 - MultiInterfaceGUI - INFO - log_message:867 - ðŸ“Š Stats: 19 interfaces, 16 up, 0 active
2025-10-06 22:02:18,409 - MultiInterfaceGUI - INFO - log_message:867 - ðŸ“Š Stats: 19 interfaces, 16 up, 0 active
2025-10-06 22:02:20,416 - MultiInterfaceGUI - INFO - log_message:867 - ðŸ“Š Stats: 19 interfaces, 16 up, 0 active
2025-10-06 22:02:22,422 - MultiInterfaceGUI - INFO - log_message:867 - ðŸ“Š Stats: 19 interfaces, 16 up, 0 active
2025-10-06 22:02:24,427 - MultiInterfaceGUI - INFO - log_message:867 - ðŸ“Š Stats: 19 interfaces, 16 up, 0 active
2025-10-06 22:02:26,434 - MultiInterfaceGUI - INFO - log_message:867 - ðŸ“Š Stats: 19 interfaces, 16 up, 0 active
2025-10-06 22:02:28,438 - MultiInterfaceGUI - INFO - log_message:867 - ðŸ“Š Stats: 19 interfaces, 16 up, 0 active
2025-10-06 22:02:30,444 - MultiInterfaceGUI - INFO - log_message:867 - ðŸ“Š Stats: 19 interfaces, 16 up, 0 active
2025-10-06 22:02:32,455 - MultiInterfaceGUI - INFO - log_message:867 - ðŸ“Š Stats: 19 interfaces, 16 up, 0 active
2025-10-06 22:02:34,467 - MultiInterfaceGUI - INFO - log_message:867 - ðŸ“Š Stats: 19 interfaces, 16 up, 0 active
2025-10-06 22:02:35,734 - MultiInterfaceGUI - DEBUG - save_session_state:632 - Session state saved successfully
2025-10-06 22:02:36,476 - MultiInterfaceGUI - INFO - log_message:867 - ðŸ“Š Stats: 19 interfaces, 16 up, 0 active
2025-10-06 22:02:38,484 - MultiInterfaceGUI - INFO - log_message:867 - ðŸ“Š Stats: 19 interfaces, 16 up, 0 active
2025-10-06 22:02:40,492 - MultiInterfaceGUI - INFO - log_message:867 - ðŸ“Š Stats: 19 interfaces, 16 up, 0 active
2025-10-06 22:02:42,501 - MultiInterfaceGUI - INFO - log_message:867 - ðŸ“Š Stats: 19 interfaces, 16 up, 0 active
2025-10-06 22:02:44,506 - MultiInterfaceGUI - INFO - log_message:867 - ðŸ“Š Stats: 19 interfaces, 16 up, 0 active
2025-10-06 22:02:46,512 - MultiInterfaceGUI - INFO - log_message:867 - ðŸ“Š Stats: 19 interfaces, 16 up, 0 active
2025-10-06 22:02:48,520 - MultiInterfaceGUI - INFO - log_message:867 - ðŸ“Š Stats: 19 interfaces, 16 up, 0 active
2025-10-06 22:02:50,525 - MultiInterfaceGUI - INFO - log_message:867 - ðŸ“Š Stats: 19 interfaces, 16 up, 0 active
2025-10-06 22:02:52,530 - MultiInterfaceGUI - INFO - log_message:867 - ðŸ“Š Stats: 19 interfaces, 16 up, 0 active
2025-10-06 22:02:54,535 - MultiInterfaceGUI - INFO - log_message:867 - ðŸ“Š Stats: 19 interfaces, 16 up, 0 active
2025-10-06 22:02:56,543 - MultiInterfaceGUI - INFO - log_message:867 - ðŸ“Š Stats: 19 interfaces, 16 up, 0 active
2025-10-06 22:02:58,553 - MultiInterfaceGUI - INFO - log_message:867 - ðŸ“Š Stats: 19 interfaces, 16 up, 0 active
2025-10-06 22:03:00,559 - MultiInterfaceGUI - INFO - log_message:867 - ðŸ“Š Stats: 19 interfaces, 16 up, 0 active
2025-10-06 22:03:02,564 - MultiInterfaceGUI - INFO - log_message:867 - ðŸ“Š Stats: 19 interfaces, 16 up, 0 active
2025-10-06 22:03:04,571 - MultiInterfaceGUI - INFO - log_message:867 - ðŸ“Š Stats: 19 interfaces, 16 up, 0 active
2025-10-06 22:03:05,733 - MultiInterfaceGUI - DEBUG - save_session_state:632 - Session state saved successfully
2025-10-06 22:03:06,576 - MultiInterfaceGUI - INFO - log_message:867 - ðŸ“Š Stats: 19 interfaces, 16 up, 0 active
2025-10-06 22:03:08,585 - MultiInterfaceGUI - INFO - log_message:867 - ðŸ“Š Stats: 19 interfaces, 16 up, 0 active
2025-10-06 22:03:10,596 - MultiInterfaceGUI - INFO - log_message:867 - ðŸ“Š Stats: 19 interfaces, 16 up, 0 active
2025-10-06 22:03:12,606 - MultiInterfaceGUI - INFO - log_message:867 - ðŸ“Š Stats: 19 interfaces, 16 up, 0 active
2025-10-06 22:03:14,616 - MultiInterfaceGUI - INFO - log_message:867 - ðŸ“Š Stats: 19 interfaces, 16 up, 0 active
2025-10-06 22:03:16,622 - MultiInterfaceGUI - INFO - log_message:867 - ðŸ“Š Stats: 19 interfaces, 16 up, 0 active
2025-10-06 22:03:18,628 - MultiInterfaceGUI - INFO - log_message:867 - ðŸ“Š Stats: 19 interfaces, 16 up, 0 active
2025-10-06 22:03:20,632 - MultiInterfaceGUI - INFO - log_message:867 - ðŸ“Š Stats: 19 interfaces, 16 up, 0 active
2025-10-06 22:03:22,639 - MultiInterfaceGUI - INFO - log_message:867 - ðŸ“Š Stats: 19 interfaces, 16 up, 0 active
2025-10-06 22:03:24,648 - MultiInterfaceGUI - INFO - log_message:867 - ðŸ“Š Stats: 19 interfaces, 16 up, 0 active
2025-10-06 22:03:26,653 - MultiInterfaceGUI - INFO - log_message:867 - ðŸ“Š Stats: 19 interfaces, 16 up, 0 active
2025-10-06 22:03:28,662 - MultiInterfaceGUI - INFO - log_message:867 - ðŸ“Š Stats: 19 interfaces, 16 up, 0 active
2025-10-06 22:03:30,669 - MultiInterfaceGUI - INFO - log_message:867 - ðŸ“Š Stats: 19 interfaces, 16 up, 0 active
2025-10-06 22:03:32,673 - MultiInterfaceGUI - INFO - log_message:867 - ðŸ“Š Stats: 19 interfaces, 16 up, 0 active
2025-10-06 22:03:34,684 - MultiInterfaceGUI - INFO - log_message:867 - ðŸ“Š Stats: 19 interfaces, 16 up, 0 active
2025-10-06 22:03:35,734 - MultiInterfaceGUI - DEBUG - save_session_state:632 - Session state saved successfully
2025-10-06 22:03:36,689 - MultiInterfaceGUI - INFO - log_message:867 - ðŸ“Š Stats: 19 interfaces, 16 up, 0 active
2025-10-06 22:03:38,696 - MultiInterfaceGUI - INFO - log_message:867 - ðŸ“Š Stats: 19 interfaces, 16 up, 0 active
2025-10-06 22:03:40,704 - MultiInterfaceGUI - INFO - log_message:867 - ðŸ“Š Stats: 19 interfaces, 16 up, 0 active
2025-10-06 22:03:42,715 - MultiInterfaceGUI - INFO - log_message:867 - ðŸ“Š Stats: 19 interfaces, 16 up, 0 active
2025-10-06 22:03:44,722 - MultiInterfaceGUI - INFO - log_message:867 - ðŸ“Š Stats: 19 interfaces, 16 up, 0 active
2025-10-06 22:03:46,726 - MultiInterfaceGUI - INFO - log_message:867 - ðŸ“Š Stats: 19 interfaces, 16 up, 0 active
2025-10-06 22:03:48,735 - MultiInterfaceGUI - INFO - log_message:867 - ðŸ“Š Stats: 19 interfaces, 16 up, 0 active
2025-10-06 22:03:50,741 - MultiInterfaceGUI - INFO - log_message:867 - ðŸ“Š Stats: 19 interfaces, 16 up, 0 active
2025-10-06 22:03:52,752 - MultiInterfaceGUI - INFO - log_message:867 - ðŸ“Š Stats: 19 interfaces, 16 up, 0 active
2025-10-06 22:03:54,757 - MultiInterfaceGUI - INFO - log_message:867 - ðŸ“Š Stats: 19 interfaces, 16 up, 0 active
2025-10-06 22:03:56,764 - MultiInterfaceGUI - INFO - log_message:867 - ðŸ“Š Stats: 19 interfaces, 16 up, 0 active
2025-10-06 22:03:58,771 - MultiInterfaceGUI - INFO - log_message:867 - ðŸ“Š Stats: 19 interfaces, 16 up, 0 active
2025-10-06 22:04:00,774 - MultiInterfaceGUI - INFO - log_message:867 - ðŸ“Š Stats: 19 interfaces, 16 up, 0 active
2025-10-06 22:04:02,783 - MultiInterfaceGUI - INFO - log_message:867 - ðŸ“Š Stats: 19 interfaces, 16 up, 0 active
2025-10-06 22:04:04,788 - MultiInterfaceGUI - INFO - log_message:867 - ðŸ“Š Stats: 19 interfaces, 16 up, 0 active
2025-10-06 22:04:05,734 - MultiInterfaceGUI - DEBUG - save_session_state:632 - Session state saved successfully
2025-10-06 22:04:06,800 - MultiInterfaceGUI - INFO - log_message:867 - ðŸ“Š Stats: 19 interfaces, 16 up, 0 active
2025-10-06 22:04:08,805 - MultiInterfaceGUI - INFO - log_message:867 - ðŸ“Š Stats: 19 interfaces, 16 up, 0 active
2025-10-06 22:04:10,811 - MultiInterfaceGUI - INFO - log_message:867 - ðŸ“Š Stats: 19 interfaces, 16 up, 0 active
2025-10-06 22:04:12,817 - MultiInterfaceGUI - INFO - log_message:867 - ðŸ“Š Stats: 19 interfaces, 16 up, 0 active
2025-10-06 22:04:14,824 - MultiInterfaceGUI - INFO - log_message:867 - ðŸ“Š Stats: 19 interfaces, 16 up, 0 active
2025-10-06 22:04:16,831 - MultiInterfaceGUI - INFO - log_message:867 - ðŸ“Š Stats: 19 interfaces, 16 up, 0 active
2025-10-06 22:04:18,840 - MultiInterfaceGUI - INFO - log_message:867 - ðŸ“Š Stats: 19 interfaces, 16 up, 0 active
2025-10-06 22:04:20,847 - MultiInterfaceGUI - INFO - log_message:867 - ðŸ“Š Stats: 19 interfaces, 16 up, 0 active
2025-10-06 22:04:22,854 - MultiInterfaceGUI - INFO - log_message:867 - ðŸ“Š Stats: 19 interfaces, 16 up, 0 active
2025-10-06 22:04:24,865 - MultiInterfaceGUI - INFO - log_message:867 - ðŸ“Š Stats: 19 interfaces, 16 up, 0 active
2025-10-06 22:04:26,874 - MultiInterfaceGUI - INFO - log_message:867 - ðŸ“Š Stats: 19 interfaces, 16 up, 0 active
2025-10-06 22:04:28,883 - MultiInterfaceGUI - INFO - log_message:867 - ðŸ“Š Stats: 19 interfaces, 16 up, 0 active
2025-10-06 22:04:30,893 - MultiInterfaceGUI - INFO - log_message:867 - ðŸ“Š Stats: 19 interfaces, 16 up, 0 active
2025-10-06 22:04:32,900 - MultiInterfaceGUI - INFO - log_message:867 - ðŸ“Š Stats: 19 interfaces, 16 up, 0 active
2025-10-06 22:04:34,905 - MultiInterfaceGUI - INFO - log_message:867 - ðŸ“Š Stats: 19 interfaces, 16 up, 0 active
2025-10-06 22:04:35,734 - MultiInterfaceGUI - DEBUG - save_session_state:632 - Session state saved successfully
2025-10-06 22:04:36,914 - MultiInterfaceGUI - INFO - log_message:867 - ðŸ“Š Stats: 19 interfaces, 16 up, 0 active
2025-10-06 22:04:38,917 - MultiInterfaceGUI - INFO - log_message:867 - ðŸ“Š Stats: 19 interfaces, 16 up, 0 active
2025-10-06 22:04:39,825 - MultiInterfaceGUI - INFO - closeEvent:1077 - Application closing - saving session state
2025-10-06 22:04:39,826 - MultiInterfaceGUI - DEBUG - save_session_state:632 - Session state saved successfully
2025-10-06 22:04:40,923 - MultiInterfaceGUI - INFO - log_message:867 - ðŸ“Š Stats: 19 interfaces, 16 up, 0 active
2025-10-06 22:04:42,762 - MultiInterfaceGUI - INFO - log_message:867 - â¹ï¸ Stopping multi-interface monitor...
2025-10-06 22:04:42,762 - persistent_wireshark_monitor - INFO - shutdown:503 - Shutting down persistent Wireshark monitor...
2025-10-06 22:04:42,762 - persistent_wireshark_monitor - INFO - shutdown:519 - Shutdown complete
2025-10-06 22:04:42,928 - MultiInterfaceGUI - INFO - log_message:867 - ðŸ›‘ Multi-interface monitoring stopped.
2025-10-06 22:04:42,930 - MultiInterfaceGUI - INFO - closeEvent:1117 - Application closed cleanly
