2025-10-04 21:29:06,683 - MultiInterfaceGUI - INFO - setup_logging:574 - Multi-Interface Shark GUI logging initialized
2025-10-04 21:29:06,814 - MultiInterfaceGUI - INFO - setup_auto_save:581 - Auto-save enabled: saving session state every 30 seconds
2025-10-04 21:29:09,480 - MultiInterfaceGUI - INFO - log_message:867 - 🔄 Session restored from previous crash/shutdown
2025-10-04 21:29:09,480 - MultiInterfaceGUI - INFO - restore_session_state:654 - Session state restored successfully
2025-10-04 21:29:11,327 - MultiInterfaceGUI - INFO - log_message:867 - 🦈 Starting Multi-Interface Network Monitor...
2025-10-04 21:29:11,329 - MultiInterfaceGUI - INFO - log_message:867 - 📅 Monitoring duration set to: 6h 0m (21600s)
2025-10-04 21:29:11,329 - MultiInterfaceGUI - INFO - log_message:867 - ✅ Multi-interface monitoring started successfully!
2025-10-04 21:29:11,329 - MultiInterfaceGUI - INFO - log_message:867 - 🦈 Starting Multi-Interface Network Monitor...
2025-10-04 21:29:11,331 - persistent_wireshark_monitor - INFO - setup_logging:83 - Persistent Wireshark Monitor initialized
2025-10-04 21:29:11,332 - persistent_wireshark_monitor - WARNING - __init__:66 - Could not register signal handlers (not main thread): signal only works in main thread of the main interpreter
2025-10-04 21:29:11,338 - MultiInterfaceGUI - INFO - log_message:867 - ✅ Monitor initialized - Discovering interfaces...
2025-10-04 21:29:11,743 - persistent_wireshark_monitor - INFO - discover_interfaces:107 - Discovered interfaces: ['anpi0', 'anpi1', 'ap1', 'awdl0', 'bridge0', 'ciscodump', 'en0', 'en1', 'en2', 'en3', 'en5', 'gif0', 'llw0', 'lo0', 'pflog0', 'randpkt', 'sshdump', 'stf0', 'udpdump', 'utun0', 'utun1', 'utun2', 'utun3', 'wifidump']
2025-10-04 21:29:11,743 - persistent_wireshark_monitor - INFO - discover_interfaces:112 - Default interface en0 will be monitored
2025-10-04 21:29:11,743 - persistent_wireshark_monitor - INFO - discover_interfaces:112 - Default interface lo0 will be monitored
2025-10-04 21:29:11,744 - persistent_wireshark_monitor - INFO - detect_interface_activity:151 - Activity detected on pflog0: +3043 packets, +795648 bytes
2025-10-04 21:29:11,745 - persistent_wireshark_monitor - INFO - detect_interface_activity:151 - Activity detected on utun1: +1 packets, +0 bytes
2025-10-04 21:29:11,745 - persistent_wireshark_monitor - INFO - detect_interface_activity:151 - Activity detected on en0: +676583 packets, +735592448 bytes
2025-10-04 21:29:11,745 - persistent_wireshark_monitor - INFO - detect_interface_activity:151 - Activity detected on utun0: +4 packets, +0 bytes
2025-10-04 21:29:11,745 - persistent_wireshark_monitor - INFO - detect_interface_activity:151 - Activity detected on lo0: +723628 packets, +345528320 bytes
2025-10-04 21:29:11,746 - persistent_wireshark_monitor - INFO - detect_interface_activity:151 - Activity detected on awdl0: +10 packets, +1024 bytes
2025-10-04 21:29:11,746 - persistent_wireshark_monitor - INFO - detect_interface_activity:151 - Activity detected on utun2: +2 packets, +0 bytes
2025-10-04 21:29:11,746 - persistent_wireshark_monitor - INFO - detect_interface_activity:151 - Activity detected on utun3: +4 packets, +0 bytes
2025-10-04 21:29:11,751 - MultiInterfaceGUI - INFO - log_message:867 - 📡 Discovered 24 interfaces: anpi0, anpi1, ap1, awdl0, bridge0, ciscodump, en0, en1, en2, en3, en5, gif0, llw0, lo0, pflog0, randpkt, sshdump, stf0, udpdump, utun0, utun1, utun2, utun3, wifidump
2025-10-04 21:29:11,751 - MultiInterfaceGUI - INFO - log_message:867 - 🚀 Starting interface statistics monitoring...
2025-10-04 21:29:11,751 - MultiInterfaceGUI - INFO - log_message:867 - 📊 Stats: 19 interfaces, 16 up, 0 active
2025-10-04 21:29:11,751 - MultiInterfaceGUI - INFO - log_message:867 - 📊 Activity detected on: en0, awdl0, utun0, pflog0, utun2, utun1, lo0, utun3
2025-10-04 21:29:13,752 - persistent_wireshark_monitor - INFO - detect_interface_activity:151 - Activity detected on en0: +49 packets, +14336 bytes
2025-10-04 21:29:13,754 - persistent_wireshark_monitor - INFO - detect_interface_activity:151 - Activity detected on lo0: +214 packets, +71680 bytes
2025-10-04 21:29:13,754 - MultiInterfaceGUI - INFO - log_message:867 - 📊 Stats: 19 interfaces, 16 up, 2 active
2025-10-04 21:29:13,755 - MultiInterfaceGUI - INFO - log_message:867 - 📊 Activity detected on: en0, lo0
2025-10-04 21:29:15,767 - persistent_wireshark_monitor - INFO - detect_interface_activity:151 - Activity detected on en0: +141 packets, +78848 bytes
2025-10-04 21:29:15,768 - persistent_wireshark_monitor - INFO - detect_interface_activity:151 - Activity detected on lo0: +162 packets, +43008 bytes
2025-10-04 21:29:15,768 - MultiInterfaceGUI - INFO - log_message:867 - 📊 Stats: 19 interfaces, 16 up, 2 active
2025-10-04 21:29:15,772 - MultiInterfaceGUI - INFO - log_message:867 - 📊 Activity detected on: en0, lo0
2025-10-04 21:29:17,780 - persistent_wireshark_monitor - INFO - detect_interface_activity:151 - Activity detected on en0: +57 packets, +13312 bytes
2025-10-04 21:29:17,781 - persistent_wireshark_monitor - INFO - detect_interface_activity:151 - Activity detected on lo0: +180 packets, +53248 bytes
2025-10-04 21:29:17,782 - MultiInterfaceGUI - INFO - log_message:867 - 📊 Stats: 19 interfaces, 16 up, 2 active
2025-10-04 21:29:17,785 - MultiInterfaceGUI - INFO - log_message:867 - 📊 Activity detected on: en0, lo0
2025-10-04 21:29:19,791 - persistent_wireshark_monitor - INFO - detect_interface_activity:151 - Activity detected on en0: +118 packets, +71680 bytes
2025-10-04 21:29:19,792 - persistent_wireshark_monitor - INFO - detect_interface_activity:151 - Activity detected on lo0: +246 packets, +65536 bytes
2025-10-04 21:29:19,794 - MultiInterfaceGUI - INFO - log_message:867 - 📊 Stats: 19 interfaces, 16 up, 2 active
2025-10-04 21:29:19,795 - MultiInterfaceGUI - INFO - log_message:867 - 📊 Activity detected on: en0, lo0
2025-10-04 21:29:21,805 - persistent_wireshark_monitor - INFO - detect_interface_activity:151 - Activity detected on en0: +55 packets, +22528 bytes
2025-10-04 21:29:21,807 - persistent_wireshark_monitor - INFO - detect_interface_activity:151 - Activity detected on lo0: +154 packets, +49152 bytes
2025-10-04 21:29:21,807 - MultiInterfaceGUI - INFO - log_message:867 - 📊 Stats: 19 interfaces, 16 up, 2 active
2025-10-04 21:29:21,811 - MultiInterfaceGUI - INFO - log_message:867 - 📊 Activity detected on: en0, lo0
2025-10-04 21:29:23,812 - persistent_wireshark_monitor - INFO - detect_interface_activity:151 - Activity detected on en0: +68 packets, +13312 bytes
2025-10-04 21:29:23,814 - persistent_wireshark_monitor - INFO - detect_interface_activity:151 - Activity detected on lo0: +278 packets, +102400 bytes
2025-10-04 21:29:23,816 - MultiInterfaceGUI - INFO - log_message:867 - 📊 Stats: 19 interfaces, 16 up, 2 active
2025-10-04 21:29:23,817 - MultiInterfaceGUI - INFO - log_message:867 - 📊 Activity detected on: en0, lo0
2025-10-04 21:29:25,828 - persistent_wireshark_monitor - INFO - detect_interface_activity:151 - Activity detected on en0: +270 packets, +103424 bytes
2025-10-04 21:29:25,829 - persistent_wireshark_monitor - INFO - detect_interface_activity:151 - Activity detected on lo0: +598 packets, +167936 bytes
2025-10-04 21:29:25,831 - MultiInterfaceGUI - INFO - log_message:867 - 📊 Stats: 19 interfaces, 16 up, 2 active
2025-10-04 21:29:25,833 - MultiInterfaceGUI - INFO - log_message:867 - 📊 Activity detected on: en0, lo0
2025-10-04 21:29:27,839 - persistent_wireshark_monitor - INFO - detect_interface_activity:151 - Activity detected on en0: +227 packets, +115712 bytes
2025-10-04 21:29:27,843 - persistent_wireshark_monitor - INFO - detect_interface_activity:151 - Activity detected on lo0: +198 packets, +51200 bytes
2025-10-04 21:29:27,845 - MultiInterfaceGUI - INFO - log_message:867 - 📊 Stats: 19 interfaces, 16 up, 2 active
2025-10-04 21:29:27,847 - MultiInterfaceGUI - INFO - log_message:867 - 📊 Activity detected on: en0, lo0
2025-10-04 21:29:29,852 - persistent_wireshark_monitor - INFO - detect_interface_activity:151 - Activity detected on en0: +32 packets, +10240 bytes
2025-10-04 21:29:29,855 - persistent_wireshark_monitor - INFO - detect_interface_activity:151 - Activity detected on lo0: +156 packets, +49152 bytes
2025-10-04 21:29:29,857 - MultiInterfaceGUI - INFO - log_message:867 - 📊 Stats: 19 interfaces, 16 up, 2 active
2025-10-04 21:29:29,858 - MultiInterfaceGUI - INFO - log_message:867 - 📊 Activity detected on: en0, lo0
2025-10-04 21:29:31,868 - persistent_wireshark_monitor - INFO - detect_interface_activity:151 - Activity detected on en0: +162 packets, +86016 bytes
2025-10-04 21:29:31,869 - persistent_wireshark_monitor - INFO - detect_interface_activity:151 - Activity detected on lo0: +220 packets, +65536 bytes
2025-10-04 21:29:31,871 - MultiInterfaceGUI - INFO - log_message:867 - 📊 Stats: 19 interfaces, 16 up, 2 active
2025-10-04 21:29:31,873 - MultiInterfaceGUI - INFO - log_message:867 - 📊 Activity detected on: en0, lo0
2025-10-04 21:29:33,877 - persistent_wireshark_monitor - INFO - detect_interface_activity:151 - Activity detected on en0: +69 packets, +19456 bytes
2025-10-04 21:29:33,881 - persistent_wireshark_monitor - INFO - detect_interface_activity:151 - Activity detected on lo0: +150 packets, +49152 bytes
2025-10-04 21:29:33,883 - MultiInterfaceGUI - INFO - log_message:867 - 📊 Stats: 19 interfaces, 16 up, 2 active
2025-10-04 21:29:33,885 - MultiInterfaceGUI - INFO - log_message:867 - 📊 Activity detected on: en0, lo0
2025-10-04 21:29:35,889 - persistent_wireshark_monitor - INFO - detect_interface_activity:151 - Activity detected on en0: +64 packets, +13312 bytes
2025-10-04 21:29:35,891 - persistent_wireshark_monitor - INFO - detect_interface_activity:151 - Activity detected on lo0: +426 packets, +188416 bytes
2025-10-04 21:29:35,892 - MultiInterfaceGUI - INFO - log_message:867 - 📊 Stats: 19 interfaces, 16 up, 2 active
2025-10-04 21:29:35,893 - MultiInterfaceGUI - INFO - log_message:867 - 📊 Activity detected on: en0, lo0
2025-10-04 21:29:36,414 - MultiInterfaceGUI - DEBUG - save_session_state:632 - Session state saved successfully
2025-10-04 21:29:37,897 - persistent_wireshark_monitor - INFO - detect_interface_activity:151 - Activity detected on en0: +1640 packets, +2086912 bytes
2025-10-04 21:29:37,899 - persistent_wireshark_monitor - INFO - detect_interface_activity:151 - Activity detected on lo0: +730 packets, +438272 bytes
2025-10-04 21:29:37,900 - MultiInterfaceGUI - INFO - log_message:867 - 📊 Stats: 19 interfaces, 16 up, 2 active
2025-10-04 21:29:37,901 - MultiInterfaceGUI - INFO - log_message:867 - 📊 Activity detected on: en0, lo0
2025-10-04 21:29:39,911 - persistent_wireshark_monitor - INFO - detect_interface_activity:151 - Activity detected on en0: +45 packets, +6144 bytes
2025-10-04 21:29:39,912 - MultiInterfaceGUI - INFO - log_message:867 - 📊 Stats: 19 interfaces, 16 up, 2 active
2025-10-04 21:29:39,913 - persistent_wireshark_monitor - INFO - detect_interface_activity:151 - Activity detected on lo0: +488 packets, +311296 bytes
2025-10-04 21:29:39,915 - MultiInterfaceGUI - INFO - log_message:867 - 📊 Activity detected on: en0, lo0
2025-10-04 21:29:41,917 - persistent_wireshark_monitor - INFO - detect_interface_activity:151 - Activity detected on en0: +87 packets, +27648 bytes
2025-10-04 21:29:41,918 - persistent_wireshark_monitor - INFO - detect_interface_activity:151 - Activity detected on lo0: +558 packets, +364544 bytes
2025-10-04 21:29:41,919 - MultiInterfaceGUI - INFO - log_message:867 - 📊 Stats: 19 interfaces, 16 up, 2 active
2025-10-04 21:29:41,920 - MultiInterfaceGUI - INFO - log_message:867 - 📊 Activity detected on: en0, lo0
2025-10-04 21:29:43,922 - persistent_wireshark_monitor - INFO - detect_interface_activity:151 - Activity detected on en0: +70 packets, +60416 bytes
2025-10-04 21:29:43,923 - persistent_wireshark_monitor - INFO - detect_interface_activity:151 - Activity detected on lo0: +142 packets, +55296 bytes
2025-10-04 21:29:43,924 - MultiInterfaceGUI - INFO - log_message:867 - 📊 Stats: 19 interfaces, 16 up, 2 active
2025-10-04 21:29:43,925 - MultiInterfaceGUI - INFO - log_message:867 - 📊 Activity detected on: en0, lo0
2025-10-04 21:29:45,932 - persistent_wireshark_monitor - INFO - detect_interface_activity:151 - Activity detected on en0: +35 packets, +3072 bytes
2025-10-04 21:29:45,937 - persistent_wireshark_monitor - INFO - detect_interface_activity:151 - Activity detected on lo0: +122 packets, +43008 bytes
2025-10-04 21:29:45,938 - MultiInterfaceGUI - INFO - log_message:867 - 📊 Stats: 19 interfaces, 16 up, 2 active
2025-10-04 21:29:45,941 - MultiInterfaceGUI - INFO - log_message:867 - 📊 Activity detected on: en0, lo0
2025-10-04 21:29:47,946 - persistent_wireshark_monitor - INFO - detect_interface_activity:151 - Activity detected on en0: +158 packets, +81920 bytes
2025-10-04 21:29:47,948 - persistent_wireshark_monitor - INFO - detect_interface_activity:151 - Activity detected on lo0: +240 packets, +88064 bytes
2025-10-04 21:29:47,948 - MultiInterfaceGUI - INFO - log_message:867 - 📊 Stats: 19 interfaces, 16 up, 2 active
2025-10-04 21:29:47,951 - MultiInterfaceGUI - INFO - log_message:867 - 📊 Activity detected on: en0, lo0
2025-10-04 21:29:49,955 - persistent_wireshark_monitor - INFO - detect_interface_activity:151 - Activity detected on en0: +14 packets, +3072 bytes
2025-10-04 21:29:49,957 - persistent_wireshark_monitor - INFO - detect_interface_activity:151 - Activity detected on lo0: +156 packets, +65536 bytes
2025-10-04 21:29:49,958 - MultiInterfaceGUI - INFO - log_message:867 - 📊 Stats: 19 interfaces, 16 up, 2 active
2025-10-04 21:29:49,958 - MultiInterfaceGUI - INFO - log_message:867 - 📊 Activity detected on: en0, lo0
2025-10-04 21:29:51,970 - persistent_wireshark_monitor - INFO - detect_interface_activity:151 - Activity detected on en0: +133 packets, +79872 bytes
2025-10-04 21:29:51,971 - MultiInterfaceGUI - INFO - log_message:867 - 📊 Stats: 19 interfaces, 16 up, 2 active
2025-10-04 21:29:51,972 - persistent_wireshark_monitor - INFO - detect_interface_activity:151 - Activity detected on lo0: +172 packets, +67584 bytes
2025-10-04 21:29:51,975 - MultiInterfaceGUI - INFO - log_message:867 - 📊 Activity detected on: en0, lo0
2025-10-04 21:29:53,982 - persistent_wireshark_monitor - INFO - detect_interface_activity:151 - Activity detected on en0: +157 packets, +40960 bytes
2025-10-04 21:29:53,986 - persistent_wireshark_monitor - INFO - detect_interface_activity:151 - Activity detected on lo0: +138 packets, +59392 bytes
2025-10-04 21:29:53,987 - MultiInterfaceGUI - INFO - log_message:867 - 📊 Stats: 19 interfaces, 16 up, 2 active
2025-10-04 21:29:53,990 - MultiInterfaceGUI - INFO - log_message:867 - 📊 Activity detected on: en0, lo0
2025-10-04 21:29:55,999 - persistent_wireshark_monitor - INFO - detect_interface_activity:151 - Activity detected on en0: +124 packets, +71680 bytes
2025-10-04 21:29:56,001 - persistent_wireshark_monitor - INFO - detect_interface_activity:151 - Activity detected on lo0: +260 packets, +75776 bytes
2025-10-04 21:29:56,002 - MultiInterfaceGUI - INFO - log_message:867 - 📊 Stats: 19 interfaces, 16 up, 2 active
2025-10-04 21:29:56,004 - MultiInterfaceGUI - INFO - log_message:867 - 📊 Activity detected on: en0, lo0
2025-10-04 21:29:58,009 - persistent_wireshark_monitor - INFO - detect_interface_activity:151 - Activity detected on en0: +192 packets, +96256 bytes
2025-10-04 21:29:58,014 - persistent_wireshark_monitor - INFO - detect_interface_activity:151 - Activity detected on lo0: +150 packets, +63488 bytes
2025-10-04 21:29:58,016 - MultiInterfaceGUI - INFO - log_message:867 - 📊 Stats: 19 interfaces, 16 up, 2 active
2025-10-04 21:29:58,018 - MultiInterfaceGUI - INFO - log_message:867 - 📊 Activity detected on: en0, lo0
2025-10-04 21:30:00,022 - persistent_wireshark_monitor - INFO - detect_interface_activity:151 - Activity detected on en0: +121 packets, +60416 bytes
2025-10-04 21:30:00,023 - persistent_wireshark_monitor - INFO - detect_interface_activity:151 - Activity detected on lo0: +206 packets, +77824 bytes
2025-10-04 21:30:00,024 - MultiInterfaceGUI - INFO - log_message:867 - 📊 Stats: 19 interfaces, 16 up, 2 active
2025-10-04 21:30:00,025 - MultiInterfaceGUI - INFO - log_message:867 - 📊 Activity detected on: en0, lo0
2025-10-04 21:30:02,031 - persistent_wireshark_monitor - INFO - detect_interface_activity:151 - Activity detected on en0: +1675 packets, +2099200 bytes
2025-10-04 21:30:02,034 - persistent_wireshark_monitor - INFO - detect_interface_activity:151 - Activity detected on lo0: +336 packets, +139264 bytes
2025-10-04 21:30:02,036 - MultiInterfaceGUI - INFO - log_message:867 - 📊 Stats: 19 interfaces, 16 up, 2 active
2025-10-04 21:30:02,037 - MultiInterfaceGUI - INFO - log_message:867 - 📊 Activity detected on: en0, lo0
2025-10-04 21:30:04,045 - persistent_wireshark_monitor - INFO - detect_interface_activity:151 - Activity detected on en0: +101 packets, +44032 bytes
2025-10-04 21:30:04,047 - persistent_wireshark_monitor - INFO - detect_interface_activity:151 - Activity detected on lo0: +188 packets, +81920 bytes
2025-10-04 21:30:04,049 - MultiInterfaceGUI - INFO - log_message:867 - 📊 Stats: 19 interfaces, 16 up, 2 active
2025-10-04 21:30:04,049 - MultiInterfaceGUI - INFO - log_message:867 - 📊 Activity detected on: en0, lo0
2025-10-04 21:30:06,054 - persistent_wireshark_monitor - INFO - detect_interface_activity:151 - Activity detected on en0: +194 packets, +118784 bytes
2025-10-04 21:30:06,058 - persistent_wireshark_monitor - INFO - detect_interface_activity:151 - Activity detected on lo0: +228 packets, +81920 bytes
2025-10-04 21:30:06,060 - MultiInterfaceGUI - INFO - log_message:867 - 📊 Stats: 19 interfaces, 16 up, 2 active
2025-10-04 21:30:06,062 - MultiInterfaceGUI - INFO - log_message:867 - 📊 Activity detected on: en0, lo0
2025-10-04 21:30:06,414 - MultiInterfaceGUI - DEBUG - save_session_state:632 - Session state saved successfully
2025-10-04 21:30:08,069 - persistent_wireshark_monitor - INFO - detect_interface_activity:151 - Activity detected on en0: +81 packets, +32768 bytes
2025-10-04 21:30:08,074 - persistent_wireshark_monitor - INFO - detect_interface_activity:151 - Activity detected on lo0: +168 packets, +112640 bytes
2025-10-04 21:30:08,076 - MultiInterfaceGUI - INFO - log_message:867 - 📊 Stats: 19 interfaces, 16 up, 2 active
2025-10-04 21:30:08,078 - MultiInterfaceGUI - INFO - log_message:867 - 📊 Activity detected on: en0, lo0
2025-10-04 21:30:10,081 - persistent_wireshark_monitor - INFO - detect_interface_activity:151 - Activity detected on en0: +134 packets, +79872 bytes
2025-10-04 21:30:10,083 - persistent_wireshark_monitor - INFO - detect_interface_activity:151 - Activity detected on lo0: +252 packets, +81920 bytes
2025-10-04 21:30:10,085 - MultiInterfaceGUI - INFO - log_message:867 - 📊 Stats: 19 interfaces, 16 up, 2 active
2025-10-04 21:30:10,086 - MultiInterfaceGUI - INFO - log_message:867 - 📊 Activity detected on: en0, lo0
2025-10-04 21:30:12,098 - persistent_wireshark_monitor - INFO - detect_interface_activity:151 - Activity detected on en0: +112 packets, +37888 bytes
2025-10-04 21:30:12,098 - MultiInterfaceGUI - INFO - log_message:867 - 📊 Stats: 19 interfaces, 16 up, 2 active
2025-10-04 21:30:12,101 - persistent_wireshark_monitor - INFO - detect_interface_activity:151 - Activity detected on lo0: +164 packets, +77824 bytes
2025-10-04 21:30:12,104 - MultiInterfaceGUI - INFO - log_message:867 - 📊 Activity detected on: en0, lo0
2025-10-04 21:30:14,112 - persistent_wireshark_monitor - INFO - detect_interface_activity:151 - Activity detected on en0: +51 packets, +8192 bytes
2025-10-04 21:30:14,119 - persistent_wireshark_monitor - INFO - detect_interface_activity:151 - Activity detected on lo0: +346 packets, +163840 bytes
2025-10-04 21:30:14,119 - MultiInterfaceGUI - INFO - log_message:867 - 📊 Stats: 19 interfaces, 16 up, 2 active
2025-10-04 21:30:14,126 - MultiInterfaceGUI - INFO - log_message:867 - 📊 Activity detected on: en0, lo0
2025-10-04 21:30:16,129 - persistent_wireshark_monitor - INFO - detect_interface_activity:151 - Activity detected on en0: +63 packets, +9216 bytes
2025-10-04 21:30:16,137 - persistent_wireshark_monitor - INFO - detect_interface_activity:151 - Activity detected on lo0: +394 packets, +200704 bytes
2025-10-04 21:30:16,139 - MultiInterfaceGUI - INFO - log_message:867 - 📊 Stats: 19 interfaces, 16 up, 2 active
2025-10-04 21:30:16,141 - MultiInterfaceGUI - INFO - log_message:867 - 📊 Activity detected on: en0, lo0
2025-10-04 21:30:18,147 - persistent_wireshark_monitor - INFO - detect_interface_activity:151 - Activity detected on en0: +53 packets, +7168 bytes
2025-10-04 21:30:18,149 - persistent_wireshark_monitor - INFO - detect_interface_activity:151 - Activity detected on lo0: +392 packets, +241664 bytes
2025-10-04 21:30:18,152 - MultiInterfaceGUI - INFO - log_message:867 - 📊 Stats: 19 interfaces, 16 up, 2 active
2025-10-04 21:30:18,155 - MultiInterfaceGUI - INFO - log_message:867 - 📊 Activity detected on: en0, lo0
2025-10-04 21:30:20,162 - persistent_wireshark_monitor - INFO - detect_interface_activity:151 - Activity detected on en0: +67 packets, +11264 bytes
2025-10-04 21:30:20,168 - persistent_wireshark_monitor - INFO - detect_interface_activity:151 - Activity detected on lo0: +468 packets, +342016 bytes
2025-10-04 21:30:20,170 - MultiInterfaceGUI - INFO - log_message:867 - 📊 Stats: 19 interfaces, 16 up, 2 active
2025-10-04 21:30:20,175 - MultiInterfaceGUI - INFO - log_message:867 - 📊 Activity detected on: en0, lo0
2025-10-04 21:30:22,181 - persistent_wireshark_monitor - INFO - detect_interface_activity:151 - Activity detected on en0: +124 packets, +41984 bytes
2025-10-04 21:30:22,183 - persistent_wireshark_monitor - INFO - detect_interface_activity:151 - Activity detected on lo0: +482 packets, +391168 bytes
2025-10-04 21:30:22,185 - MultiInterfaceGUI - INFO - log_message:867 - 📊 Stats: 19 interfaces, 16 up, 2 active
2025-10-04 21:30:22,188 - MultiInterfaceGUI - INFO - log_message:867 - 📊 Activity detected on: en0, lo0
2025-10-04 21:30:24,197 - persistent_wireshark_monitor - INFO - detect_interface_activity:151 - Activity detected on en0: +88 packets, +12288 bytes
2025-10-04 21:30:24,200 - persistent_wireshark_monitor - INFO - detect_interface_activity:151 - Activity detected on lo0: +536 packets, +452608 bytes
2025-10-04 21:30:24,203 - MultiInterfaceGUI - INFO - log_message:867 - 📊 Stats: 19 interfaces, 16 up, 2 active
2025-10-04 21:30:24,205 - MultiInterfaceGUI - INFO - log_message:867 - 📊 Activity detected on: en0, lo0
2025-10-04 21:30:26,210 - persistent_wireshark_monitor - INFO - detect_interface_activity:151 - Activity detected on en0: +128 packets, +48128 bytes
2025-10-04 21:30:26,217 - persistent_wireshark_monitor - INFO - detect_interface_activity:151 - Activity detected on lo0: +544 packets, +491520 bytes
2025-10-04 21:30:26,220 - MultiInterfaceGUI - INFO - log_message:867 - 📊 Stats: 19 interfaces, 16 up, 2 active
2025-10-04 21:30:26,224 - MultiInterfaceGUI - INFO - log_message:867 - 📊 Activity detected on: en0, lo0
2025-10-04 21:30:28,234 - persistent_wireshark_monitor - INFO - detect_interface_activity:151 - Activity detected on en0: +87 packets, +35840 bytes
2025-10-04 21:30:28,236 - persistent_wireshark_monitor - INFO - detect_interface_activity:151 - Activity detected on lo0: +412 packets, +419840 bytes
2025-10-04 21:30:28,239 - MultiInterfaceGUI - INFO - log_message:867 - 📊 Stats: 19 interfaces, 16 up, 2 active
2025-10-04 21:30:28,243 - MultiInterfaceGUI - INFO - log_message:867 - 📊 Activity detected on: en0, lo0
2025-10-04 21:30:30,252 - persistent_wireshark_monitor - INFO - detect_interface_activity:151 - Activity detected on en0: +121 packets, +48128 bytes
2025-10-04 21:30:30,255 - persistent_wireshark_monitor - INFO - detect_interface_activity:151 - Activity detected on lo0: +568 packets, +518144 bytes
2025-10-04 21:30:30,258 - MultiInterfaceGUI - INFO - log_message:867 - 📊 Stats: 19 interfaces, 16 up, 2 active
2025-10-04 21:30:30,261 - MultiInterfaceGUI - INFO - log_message:867 - 📊 Activity detected on: en0, lo0
2025-10-04 21:30:32,272 - persistent_wireshark_monitor - INFO - detect_interface_activity:151 - Activity detected on en0: +135 packets, +90112 bytes
2025-10-04 21:30:32,274 - persistent_wireshark_monitor - INFO - detect_interface_activity:151 - Activity detected on lo0: +180 packets, +92160 bytes
2025-10-04 21:30:32,278 - MultiInterfaceGUI - INFO - log_message:867 - 📊 Stats: 19 interfaces, 16 up, 2 active
2025-10-04 21:30:32,282 - MultiInterfaceGUI - INFO - log_message:867 - 📊 Activity detected on: en0, lo0
2025-10-04 21:30:34,292 - persistent_wireshark_monitor - INFO - detect_interface_activity:151 - Activity detected on en0: +82 packets, +37888 bytes
2025-10-04 21:30:34,293 - persistent_wireshark_monitor - INFO - detect_interface_activity:151 - Activity detected on lo0: +104 packets, +67584 bytes
2025-10-04 21:30:34,293 - MultiInterfaceGUI - INFO - log_message:867 - 📊 Stats: 19 interfaces, 16 up, 2 active
2025-10-04 21:30:34,299 - MultiInterfaceGUI - INFO - log_message:867 - 📊 Activity detected on: en0, lo0
2025-10-04 21:30:36,306 - persistent_wireshark_monitor - INFO - detect_interface_activity:151 - Activity detected on en0: +84 packets, +11264 bytes
2025-10-04 21:30:36,308 - persistent_wireshark_monitor - INFO - detect_interface_activity:151 - Activity detected on lo0: +360 packets, +172032 bytes
2025-10-04 21:30:36,310 - MultiInterfaceGUI - INFO - log_message:867 - 📊 Stats: 19 interfaces, 16 up, 2 active
2025-10-04 21:30:36,313 - MultiInterfaceGUI - INFO - log_message:867 - 📊 Activity detected on: en0, lo0
2025-10-04 21:30:36,414 - MultiInterfaceGUI - DEBUG - save_session_state:632 - Session state saved successfully
2025-10-04 21:30:38,317 - persistent_wireshark_monitor - INFO - detect_interface_activity:151 - Activity detected on en0: +78 packets, +17408 bytes
2025-10-04 21:30:38,320 - persistent_wireshark_monitor - INFO - detect_interface_activity:151 - Activity detected on lo0: +426 packets, +270336 bytes
2025-10-04 21:30:38,324 - MultiInterfaceGUI - INFO - log_message:867 - 📊 Stats: 19 interfaces, 16 up, 2 active
2025-10-04 21:30:38,327 - MultiInterfaceGUI - INFO - log_message:867 - 📊 Activity detected on: en0, lo0
2025-10-04 21:30:40,338 - persistent_wireshark_monitor - INFO - detect_interface_activity:151 - Activity detected on en0: +76 packets, +11264 bytes
2025-10-04 21:30:40,340 - persistent_wireshark_monitor - INFO - detect_interface_activity:151 - Activity detected on lo0: +448 packets, +256000 bytes
2025-10-04 21:30:40,344 - MultiInterfaceGUI - INFO - log_message:867 - 📊 Stats: 19 interfaces, 16 up, 2 active
2025-10-04 21:30:40,347 - MultiInterfaceGUI - INFO - log_message:867 - 📊 Activity detected on: en0, lo0
2025-10-04 21:30:42,354 - persistent_wireshark_monitor - INFO - detect_interface_activity:151 - Activity detected on en0: +67 packets, +9216 bytes
2025-10-04 21:30:42,356 - persistent_wireshark_monitor - INFO - detect_interface_activity:151 - Activity detected on lo0: +356 packets, +243712 bytes
2025-10-04 21:30:42,358 - MultiInterfaceGUI - INFO - log_message:867 - 📊 Stats: 19 interfaces, 16 up, 2 active
2025-10-04 21:30:42,360 - MultiInterfaceGUI - INFO - log_message:867 - 📊 Activity detected on: en0, lo0
2025-10-04 21:30:44,363 - persistent_wireshark_monitor - INFO - detect_interface_activity:151 - Activity detected on en0: +290 packets, +225280 bytes
2025-10-04 21:30:44,370 - persistent_wireshark_monitor - INFO - detect_interface_activity:151 - Activity detected on lo0: +228 packets, +108544 bytes
2025-10-04 21:30:44,379 - MultiInterfaceGUI - INFO - log_message:867 - 📊 Stats: 19 interfaces, 16 up, 2 active
2025-10-04 21:30:44,383 - MultiInterfaceGUI - INFO - log_message:867 - 📊 Activity detected on: en0, lo0
2025-10-04 21:30:46,380 - persistent_wireshark_monitor - INFO - detect_interface_activity:151 - Activity detected on en0: +178 packets, +59392 bytes
2025-10-04 21:30:46,387 - persistent_wireshark_monitor - INFO - detect_interface_activity:151 - Activity detected on lo0: +130 packets, +73728 bytes
2025-10-04 21:30:46,390 - MultiInterfaceGUI - INFO - log_message:867 - 📊 Stats: 19 interfaces, 16 up, 2 active
2025-10-04 21:30:46,393 - MultiInterfaceGUI - INFO - log_message:867 - 📊 Activity detected on: en0, lo0
2025-10-04 21:30:48,395 - persistent_wireshark_monitor - INFO - detect_interface_activity:151 - Activity detected on en0: +86 packets, +28672 bytes
2025-10-04 21:30:48,401 - persistent_wireshark_monitor - INFO - detect_interface_activity:151 - Activity detected on lo0: +112 packets, +73728 bytes
2025-10-04 21:30:48,405 - MultiInterfaceGUI - INFO - log_message:867 - 📊 Stats: 19 interfaces, 16 up, 2 active
2025-10-04 21:30:48,410 - MultiInterfaceGUI - INFO - log_message:867 - 📊 Activity detected on: en0, lo0
2025-10-04 21:30:50,409 - persistent_wireshark_monitor - INFO - detect_interface_activity:151 - Activity detected on en0: +39 packets, +8192 bytes
2025-10-04 21:30:50,412 - persistent_wireshark_monitor - INFO - detect_interface_activity:151 - Activity detected on lo0: +112 packets, +75776 bytes
2025-10-04 21:30:50,420 - MultiInterfaceGUI - INFO - log_message:867 - 📊 Stats: 19 interfaces, 16 up, 2 active
2025-10-04 21:30:50,423 - MultiInterfaceGUI - INFO - log_message:867 - 📊 Activity detected on: en0, lo0
2025-10-04 21:30:52,425 - persistent_wireshark_monitor - INFO - detect_interface_activity:151 - Activity detected on en0: +51 packets, +12288 bytes
2025-10-04 21:30:52,428 - persistent_wireshark_monitor - INFO - detect_interface_activity:151 - Activity detected on lo0: +136 packets, +81920 bytes
2025-10-04 21:30:52,436 - MultiInterfaceGUI - INFO - log_message:867 - 📊 Stats: 19 interfaces, 16 up, 2 active
2025-10-04 21:30:52,441 - MultiInterfaceGUI - INFO - log_message:867 - 📊 Activity detected on: en0, lo0
2025-10-04 21:30:54,442 - persistent_wireshark_monitor - INFO - detect_interface_activity:151 - Activity detected on en0: +96 packets, +20480 bytes
2025-10-04 21:30:54,449 - persistent_wireshark_monitor - INFO - detect_interface_activity:151 - Activity detected on lo0: +104 packets, +77824 bytes
2025-10-04 21:30:54,453 - MultiInterfaceGUI - INFO - log_message:867 - 📊 Stats: 19 interfaces, 16 up, 2 active
2025-10-04 21:30:54,457 - MultiInterfaceGUI - INFO - log_message:867 - 📊 Activity detected on: en0, lo0
2025-10-04 21:30:56,458 - persistent_wireshark_monitor - INFO - detect_interface_activity:151 - Activity detected on en0: +40 packets, +10240 bytes
2025-10-04 21:30:56,465 - persistent_wireshark_monitor - INFO - detect_interface_activity:151 - Activity detected on lo0: +136 packets, +79872 bytes
2025-10-04 21:30:56,468 - MultiInterfaceGUI - INFO - log_message:867 - 📊 Stats: 19 interfaces, 16 up, 2 active
2025-10-04 21:30:56,472 - MultiInterfaceGUI - INFO - log_message:867 - 📊 Activity detected on: en0, lo0
2025-10-04 21:30:58,475 - persistent_wireshark_monitor - INFO - detect_interface_activity:151 - Activity detected on en0: +68 packets, +26624 bytes
2025-10-04 21:30:58,482 - persistent_wireshark_monitor - INFO - detect_interface_activity:151 - Activity detected on lo0: +128 packets, +120832 bytes
2025-10-04 21:30:58,486 - MultiInterfaceGUI - INFO - log_message:867 - 📊 Stats: 19 interfaces, 16 up, 2 active
2025-10-04 21:30:58,491 - MultiInterfaceGUI - INFO - log_message:867 - 📊 Activity detected on: en0, lo0
2025-10-04 21:31:00,499 - persistent_wireshark_monitor - INFO - detect_interface_activity:151 - Activity detected on en0: +67 packets, +34816 bytes
2025-10-04 21:31:00,501 - persistent_wireshark_monitor - INFO - detect_interface_activity:151 - Activity detected on lo0: +156 packets, +94208 bytes
2025-10-04 21:31:00,506 - MultiInterfaceGUI - INFO - log_message:867 - 📊 Stats: 19 interfaces, 16 up, 2 active
2025-10-04 21:31:00,510 - MultiInterfaceGUI - INFO - log_message:867 - 📊 Activity detected on: en0, lo0
2025-10-04 21:31:02,512 - persistent_wireshark_monitor - INFO - detect_interface_activity:151 - Activity detected on en0: +20 packets, +7168 bytes
2025-10-04 21:31:02,518 - persistent_wireshark_monitor - INFO - detect_interface_activity:151 - Activity detected on lo0: +122 packets, +81920 bytes
2025-10-04 21:31:02,522 - MultiInterfaceGUI - INFO - log_message:867 - 📊 Stats: 19 interfaces, 16 up, 2 active
2025-10-04 21:31:02,526 - MultiInterfaceGUI - INFO - log_message:867 - 📊 Activity detected on: en0, lo0
2025-10-04 21:31:04,527 - persistent_wireshark_monitor - INFO - detect_interface_activity:151 - Activity detected on en0: +17 packets, +8192 bytes
2025-10-04 21:31:04,535 - persistent_wireshark_monitor - INFO - detect_interface_activity:151 - Activity detected on lo0: +104 packets, +81920 bytes
2025-10-04 21:31:04,538 - MultiInterfaceGUI - INFO - log_message:867 - 📊 Stats: 19 interfaces, 16 up, 2 active
2025-10-04 21:31:04,542 - MultiInterfaceGUI - INFO - log_message:867 - 📊 Activity detected on: en0, lo0
2025-10-04 21:31:06,414 - MultiInterfaceGUI - DEBUG - save_session_state:632 - Session state saved successfully
2025-10-04 21:31:06,544 - persistent_wireshark_monitor - INFO - detect_interface_activity:151 - Activity detected on en0: +1 packets, +1024 bytes
2025-10-04 21:31:06,552 - persistent_wireshark_monitor - INFO - detect_interface_activity:151 - Activity detected on lo0: +102 packets, +83968 bytes
2025-10-04 21:31:06,556 - MultiInterfaceGUI - INFO - log_message:867 - 📊 Stats: 19 interfaces, 16 up, 2 active
2025-10-04 21:31:06,560 - MultiInterfaceGUI - INFO - log_message:867 - 📊 Activity detected on: en0, lo0
2025-10-04 21:31:08,562 - persistent_wireshark_monitor - INFO - detect_interface_activity:151 - Activity detected on en0: +14 packets, +7168 bytes
2025-10-04 21:31:08,569 - persistent_wireshark_monitor - INFO - detect_interface_activity:151 - Activity detected on lo0: +108 packets, +86016 bytes
2025-10-04 21:31:08,573 - MultiInterfaceGUI - INFO - log_message:867 - 📊 Stats: 19 interfaces, 16 up, 2 active
2025-10-04 21:31:08,577 - MultiInterfaceGUI - INFO - log_message:867 - 📊 Activity detected on: en0, lo0
2025-10-04 21:31:10,577 - persistent_wireshark_monitor - INFO - detect_interface_activity:151 - Activity detected on en0: +22 packets, +15360 bytes
2025-10-04 21:31:10,579 - persistent_wireshark_monitor - INFO - detect_interface_activity:151 - Activity detected on lo0: +138 packets, +88064 bytes
2025-10-04 21:31:10,586 - MultiInterfaceGUI - INFO - log_message:867 - 📊 Stats: 19 interfaces, 16 up, 2 active
2025-10-04 21:31:10,592 - MultiInterfaceGUI - INFO - log_message:867 - 📊 Activity detected on: en0, lo0
2025-10-04 21:31:12,593 - persistent_wireshark_monitor - INFO - detect_interface_activity:151 - Activity detected on en0: +5 packets, +1024 bytes
2025-10-04 21:31:12,600 - persistent_wireshark_monitor - INFO - detect_interface_activity:151 - Activity detected on lo0: +102 packets, +86016 bytes
2025-10-04 21:31:12,604 - MultiInterfaceGUI - INFO - log_message:867 - 📊 Stats: 19 interfaces, 16 up, 2 active
2025-10-04 21:31:12,610 - MultiInterfaceGUI - INFO - log_message:867 - 📊 Activity detected on: en0, lo0
2025-10-04 21:31:14,607 - persistent_wireshark_monitor - INFO - detect_interface_activity:151 - Activity detected on en0: +48 packets, +19456 bytes
2025-10-04 21:31:14,609 - persistent_wireshark_monitor - INFO - detect_interface_activity:151 - Activity detected on lo0: +118 packets, +90112 bytes
2025-10-04 21:31:14,616 - MultiInterfaceGUI - INFO - log_message:867 - 📊 Stats: 19 interfaces, 16 up, 2 active
2025-10-04 21:31:14,620 - MultiInterfaceGUI - INFO - log_message:867 - 📊 Activity detected on: en0, lo0
2025-10-04 21:31:16,622 - persistent_wireshark_monitor - INFO - detect_interface_activity:151 - Activity detected on en0: +292 packets, +260096 bytes
2025-10-04 21:31:16,630 - persistent_wireshark_monitor - INFO - detect_interface_activity:151 - Activity detected on lo0: +124 packets, +90112 bytes
2025-10-04 21:31:16,632 - MultiInterfaceGUI - INFO - log_message:867 - 📊 Stats: 19 interfaces, 16 up, 2 active
2025-10-04 21:31:16,637 - MultiInterfaceGUI - INFO - log_message:867 - 📊 Activity detected on: en0, lo0
2025-10-04 21:31:18,638 - persistent_wireshark_monitor - INFO - detect_interface_activity:151 - Activity detected on en0: +2065 packets, +2652160 bytes
2025-10-04 21:31:18,643 - persistent_wireshark_monitor - INFO - detect_interface_activity:151 - Activity detected on lo0: +114 packets, +90112 bytes
2025-10-04 21:31:18,644 - MultiInterfaceGUI - INFO - log_message:867 - 📊 Stats: 19 interfaces, 16 up, 2 active
2025-10-04 21:31:18,651 - MultiInterfaceGUI - INFO - log_message:867 - 📊 Activity detected on: en0, lo0
2025-10-04 21:31:20,658 - persistent_wireshark_monitor - INFO - detect_interface_activity:151 - Activity detected on en0: +25 packets, +5120 bytes
2025-10-04 21:31:20,660 - persistent_wireshark_monitor - INFO - detect_interface_activity:151 - Activity detected on lo0: +106 packets, +90112 bytes
2025-10-04 21:31:20,664 - MultiInterfaceGUI - INFO - log_message:867 - 📊 Stats: 19 interfaces, 16 up, 2 active
2025-10-04 21:31:20,667 - MultiInterfaceGUI - INFO - log_message:867 - 📊 Activity detected on: en0, lo0
2025-10-04 21:31:22,669 - persistent_wireshark_monitor - INFO - detect_interface_activity:151 - Activity detected on en0: +23 packets, +3072 bytes
2025-10-04 21:31:22,672 - persistent_wireshark_monitor - INFO - detect_interface_activity:151 - Activity detected on lo0: +106 packets, +92160 bytes
2025-10-04 21:31:22,679 - MultiInterfaceGUI - INFO - log_message:867 - 📊 Stats: 19 interfaces, 16 up, 2 active
2025-10-04 21:31:22,682 - MultiInterfaceGUI - INFO - log_message:867 - 📊 Activity detected on: en0, lo0
2025-10-04 21:31:24,685 - persistent_wireshark_monitor - INFO - detect_interface_activity:151 - Activity detected on en0: +81 packets, +33792 bytes
2025-10-04 21:31:24,689 - persistent_wireshark_monitor - INFO - detect_interface_activity:151 - Activity detected on lo0: +108 packets, +94208 bytes
2025-10-04 21:31:24,696 - MultiInterfaceGUI - INFO - log_message:867 - 📊 Stats: 19 interfaces, 16 up, 2 active
2025-10-04 21:31:24,701 - MultiInterfaceGUI - INFO - log_message:867 - 📊 Activity detected on: en0, lo0
2025-10-04 21:31:26,701 - persistent_wireshark_monitor - INFO - detect_interface_activity:151 - Activity detected on en0: +45 packets, +26624 bytes
2025-10-04 21:31:26,704 - persistent_wireshark_monitor - INFO - detect_interface_activity:151 - Activity detected on lo0: +138 packets, +96256 bytes
2025-10-04 21:31:26,712 - MultiInterfaceGUI - INFO - log_message:867 - 📊 Stats: 19 interfaces, 16 up, 2 active
2025-10-04 21:31:26,712 - MultiInterfaceGUI - INFO - log_message:867 - 📊 Activity detected on: en0, lo0
2025-10-04 21:31:28,720 - persistent_wireshark_monitor - INFO - detect_interface_activity:151 - Activity detected on lo0: +102 packets, +94208 bytes
2025-10-04 21:31:28,728 - MultiInterfaceGUI - INFO - log_message:867 - 📊 Stats: 19 interfaces, 16 up, 1 active
2025-10-04 21:31:28,732 - MultiInterfaceGUI - INFO - log_message:867 - 📊 Activity detected on: lo0
2025-10-04 21:31:30,733 - persistent_wireshark_monitor - INFO - detect_interface_activity:151 - Activity detected on en0: +52 packets, +27648 bytes
2025-10-04 21:31:30,740 - persistent_wireshark_monitor - INFO - detect_interface_activity:151 - Activity detected on lo0: +164 packets, +104448 bytes
2025-10-04 21:31:30,740 - MultiInterfaceGUI - INFO - log_message:867 - 📊 Stats: 19 interfaces, 16 up, 2 active
2025-10-04 21:31:30,748 - MultiInterfaceGUI - INFO - log_message:867 - 📊 Activity detected on: en0, lo0
2025-10-04 21:31:32,750 - persistent_wireshark_monitor - INFO - detect_interface_activity:151 - Activity detected on en0: +9 packets, +1024 bytes
2025-10-04 21:31:32,756 - persistent_wireshark_monitor - INFO - detect_interface_activity:151 - Activity detected on lo0: +120 packets, +98304 bytes
2025-10-04 21:31:32,759 - MultiInterfaceGUI - INFO - log_message:867 - 📊 Stats: 19 interfaces, 16 up, 2 active
2025-10-04 21:31:32,763 - MultiInterfaceGUI - INFO - log_message:867 - 📊 Activity detected on: en0, lo0
2025-10-04 21:31:34,765 - persistent_wireshark_monitor - INFO - detect_interface_activity:151 - Activity detected on en0: +1 packets, +0 bytes
2025-10-04 21:31:34,772 - persistent_wireshark_monitor - INFO - detect_interface_activity:151 - Activity detected on lo0: +104 packets, +98304 bytes
2025-10-04 21:31:34,776 - MultiInterfaceGUI - INFO - log_message:867 - 📊 Stats: 19 interfaces, 16 up, 1 active
2025-10-04 21:31:34,779 - MultiInterfaceGUI - INFO - log_message:867 - 📊 Activity detected on: en0, lo0
2025-10-04 21:31:36,413 - MultiInterfaceGUI - DEBUG - save_session_state:632 - Session state saved successfully
2025-10-04 21:31:36,780 - persistent_wireshark_monitor - INFO - detect_interface_activity:151 - Activity detected on en0: +24 packets, +9216 bytes
2025-10-04 21:31:36,783 - persistent_wireshark_monitor - INFO - detect_interface_activity:151 - Activity detected on lo0: +102 packets, +98304 bytes
2025-10-04 21:31:36,787 - MultiInterfaceGUI - INFO - log_message:867 - 📊 Stats: 19 interfaces, 16 up, 2 active
2025-10-04 21:31:36,794 - MultiInterfaceGUI - INFO - log_message:867 - 📊 Activity detected on: en0, lo0
2025-10-04 21:31:38,796 - persistent_wireshark_monitor - INFO - detect_interface_activity:151 - Activity detected on en0: +14 packets, +7168 bytes
2025-10-04 21:31:38,804 - persistent_wireshark_monitor - INFO - detect_interface_activity:151 - Activity detected on lo0: +114 packets, +102400 bytes
2025-10-04 21:31:38,807 - MultiInterfaceGUI - INFO - log_message:867 - 📊 Stats: 19 interfaces, 16 up, 2 active
2025-10-04 21:31:38,811 - MultiInterfaceGUI - INFO - log_message:867 - 📊 Activity detected on: en0, lo0
2025-10-04 21:31:40,813 - persistent_wireshark_monitor - INFO - detect_interface_activity:151 - Activity detected on en0: +14 packets, +7168 bytes
2025-10-04 21:31:40,816 - persistent_wireshark_monitor - INFO - detect_interface_activity:151 - Activity detected on lo0: +146 packets, +102400 bytes
2025-10-04 21:31:40,824 - MultiInterfaceGUI - INFO - log_message:867 - 📊 Stats: 19 interfaces, 16 up, 2 active
2025-10-04 21:31:40,824 - MultiInterfaceGUI - INFO - log_message:867 - 📊 Activity detected on: en0, lo0
2025-10-04 21:31:42,828 - persistent_wireshark_monitor - INFO - detect_interface_activity:151 - Activity detected on lo0: +104 packets, +102400 bytes
2025-10-04 21:31:42,837 - MultiInterfaceGUI - INFO - log_message:867 - 📊 Stats: 19 interfaces, 16 up, 1 active
2025-10-04 21:31:42,841 - MultiInterfaceGUI - INFO - log_message:867 - 📊 Activity detected on: lo0
2025-10-04 21:31:44,842 - persistent_wireshark_monitor - INFO - detect_interface_activity:151 - Activity detected on en0: +2 packets, +1024 bytes
2025-10-04 21:31:44,846 - persistent_wireshark_monitor - INFO - detect_interface_activity:151 - Activity detected on lo0: +110 packets, +102400 bytes
2025-10-04 21:31:44,854 - MultiInterfaceGUI - INFO - log_message:867 - 📊 Stats: 19 interfaces, 16 up, 2 active
2025-10-04 21:31:44,858 - MultiInterfaceGUI - INFO - log_message:867 - 📊 Activity detected on: en0, lo0
2025-10-04 21:31:46,857 - persistent_wireshark_monitor - INFO - detect_interface_activity:151 - Activity detected on en0: +14 packets, +8192 bytes
2025-10-04 21:31:46,861 - persistent_wireshark_monitor - INFO - detect_interface_activity:151 - Activity detected on lo0: +136 packets, +106496 bytes
2025-10-04 21:31:46,861 - MultiInterfaceGUI - INFO - log_message:867 - 📊 Stats: 19 interfaces, 16 up, 2 active
2025-10-04 21:31:46,864 - MultiInterfaceGUI - INFO - log_message:867 - 📊 Activity detected on: en0, lo0
2025-10-04 21:31:48,869 - persistent_wireshark_monitor - INFO - detect_interface_activity:151 - Activity detected on en0: +12 packets, +5120 bytes
2025-10-04 21:31:48,872 - persistent_wireshark_monitor - INFO - detect_interface_activity:151 - Activity detected on lo0: +118 packets, +106496 bytes
2025-10-04 21:31:48,881 - MultiInterfaceGUI - INFO - log_message:867 - 📊 Stats: 19 interfaces, 16 up, 2 active
2025-10-04 21:31:48,885 - MultiInterfaceGUI - INFO - log_message:867 - 📊 Activity detected on: en0, lo0
2025-10-04 21:31:50,886 - persistent_wireshark_monitor - INFO - detect_interface_activity:151 - Activity detected on en0: +23 packets, +16384 bytes
2025-10-04 21:31:50,890 - persistent_wireshark_monitor - INFO - detect_interface_activity:151 - Activity detected on lo0: +104 packets, +106496 bytes
2025-10-04 21:31:50,896 - MultiInterfaceGUI - INFO - log_message:867 - 📊 Stats: 19 interfaces, 16 up, 2 active
2025-10-04 21:31:50,900 - MultiInterfaceGUI - INFO - log_message:867 - 📊 Activity detected on: en0, lo0
2025-10-04 21:31:52,901 - persistent_wireshark_monitor - INFO - detect_interface_activity:151 - Activity detected on en0: +31 packets, +12288 bytes
2025-10-04 21:31:52,909 - persistent_wireshark_monitor - INFO - detect_interface_activity:151 - Activity detected on lo0: +138 packets, +110592 bytes
2025-10-04 21:31:52,912 - MultiInterfaceGUI - INFO - log_message:867 - 📊 Stats: 19 interfaces, 16 up, 2 active
2025-10-04 21:31:52,916 - MultiInterfaceGUI - INFO - log_message:867 - 📊 Activity detected on: en0, lo0
2025-10-04 21:31:54,924 - persistent_wireshark_monitor - INFO - detect_interface_activity:151 - Activity detected on en0: +104 packets, +32768 bytes
2025-10-04 21:31:54,927 - persistent_wireshark_monitor - INFO - detect_interface_activity:151 - Activity detected on lo0: +134 packets, +110592 bytes
2025-10-04 21:31:54,930 - MultiInterfaceGUI - INFO - log_message:867 - 📊 Stats: 19 interfaces, 16 up, 2 active
2025-10-04 21:31:54,934 - MultiInterfaceGUI - INFO - log_message:867 - 📊 Activity detected on: en0, lo0
2025-10-04 21:31:56,937 - persistent_wireshark_monitor - INFO - detect_interface_activity:151 - Activity detected on en0: +104 packets, +64512 bytes
2025-10-04 21:31:56,943 - MultiInterfaceGUI - INFO - log_message:867 - 📊 Stats: 19 interfaces, 16 up, 2 active
2025-10-04 21:31:56,944 - persistent_wireshark_monitor - INFO - detect_interface_activity:151 - Activity detected on lo0: +112 packets, +108544 bytes
2025-10-04 21:31:56,947 - MultiInterfaceGUI - INFO - log_message:867 - 📊 Activity detected on: en0, lo0
2025-10-04 21:31:58,955 - persistent_wireshark_monitor - INFO - detect_interface_activity:151 - Activity detected on en0: +1 packets, +0 bytes
2025-10-04 21:31:58,959 - persistent_wireshark_monitor - INFO - detect_interface_activity:151 - Activity detected on lo0: +104 packets, +110592 bytes
2025-10-04 21:31:58,966 - MultiInterfaceGUI - INFO - log_message:867 - 📊 Stats: 19 interfaces, 16 up, 1 active
2025-10-04 21:31:58,970 - MultiInterfaceGUI - INFO - log_message:867 - 📊 Activity detected on: en0, lo0
2025-10-04 21:32:00,970 - persistent_wireshark_monitor - INFO - detect_interface_activity:151 - Activity detected on en0: +116 packets, +45056 bytes
2025-10-04 21:32:00,975 - MultiInterfaceGUI - INFO - log_message:867 - 📊 Stats: 19 interfaces, 16 up, 2 active
2025-10-04 21:32:00,976 - persistent_wireshark_monitor - INFO - detect_interface_activity:151 - Activity detected on lo0: +168 packets, +124928 bytes
2025-10-04 21:32:00,979 - MultiInterfaceGUI - INFO - log_message:867 - 📊 Activity detected on: en0, lo0
2025-10-04 21:32:02,984 - persistent_wireshark_monitor - INFO - detect_interface_activity:151 - Activity detected on en0: +197 packets, +25600 bytes
2025-10-04 21:32:02,992 - persistent_wireshark_monitor - INFO - detect_interface_activity:151 - Activity detected on lo0: +116 packets, +114688 bytes
2025-10-04 21:32:02,994 - MultiInterfaceGUI - INFO - log_message:867 - 📊 Stats: 19 interfaces, 16 up, 2 active
2025-10-04 21:32:02,998 - MultiInterfaceGUI - INFO - log_message:867 - 📊 Activity detected on: en0, lo0
2025-10-04 21:32:05,000 - persistent_wireshark_monitor - INFO - detect_interface_activity:151 - Activity detected on en0: +287 packets, +35840 bytes
2025-10-04 21:32:05,003 - persistent_wireshark_monitor - INFO - detect_interface_activity:151 - Activity detected on lo0: +102 packets, +112640 bytes
2025-10-04 21:32:05,007 - MultiInterfaceGUI - INFO - log_message:867 - 📊 Stats: 19 interfaces, 16 up, 2 active
2025-10-04 21:32:05,010 - MultiInterfaceGUI - INFO - log_message:867 - 📊 Activity detected on: en0, lo0
2025-10-04 21:32:06,414 - MultiInterfaceGUI - DEBUG - save_session_state:632 - Session state saved successfully
2025-10-04 21:32:07,013 - persistent_wireshark_monitor - INFO - detect_interface_activity:151 - Activity detected on en0: +28 packets, +4096 bytes
2025-10-04 21:32:07,020 - persistent_wireshark_monitor - INFO - detect_interface_activity:151 - Activity detected on lo0: +104 packets, +114688 bytes
2025-10-04 21:32:07,023 - MultiInterfaceGUI - INFO - log_message:867 - 📊 Stats: 19 interfaces, 16 up, 2 active
2025-10-04 21:32:07,026 - MultiInterfaceGUI - INFO - log_message:867 - 📊 Activity detected on: en0, lo0
2025-10-04 21:32:09,027 - persistent_wireshark_monitor - INFO - detect_interface_activity:151 - Activity detected on en0: +1 packets, +0 bytes
2025-10-04 21:32:09,029 - persistent_wireshark_monitor - INFO - detect_interface_activity:151 - Activity detected on lo0: +116 packets, +116736 bytes
2025-10-04 21:32:09,036 - MultiInterfaceGUI - INFO - log_message:867 - 📊 Stats: 19 interfaces, 16 up, 1 active
2025-10-04 21:32:09,040 - MultiInterfaceGUI - INFO - log_message:867 - 📊 Activity detected on: en0, lo0
2025-10-04 21:32:11,041 - persistent_wireshark_monitor - INFO - detect_interface_activity:151 - Activity detected on en0: +1 packets, +0 bytes
2025-10-04 21:32:11,042 - persistent_wireshark_monitor - INFO - detect_interface_activity:151 - Activity detected on lo0: +138 packets, +118784 bytes
2025-10-04 21:32:11,048 - MultiInterfaceGUI - INFO - log_message:867 - 📊 Stats: 19 interfaces, 16 up, 1 active
2025-10-04 21:32:11,051 - MultiInterfaceGUI - INFO - log_message:867 - 📊 Activity detected on: en0, lo0
2025-10-04 21:32:13,056 - persistent_wireshark_monitor - INFO - detect_interface_activity:151 - Activity detected on lo0: +106 packets, +118784 bytes
2025-10-04 21:32:13,062 - MultiInterfaceGUI - INFO - log_message:867 - 📊 Stats: 19 interfaces, 16 up, 1 active
2025-10-04 21:32:13,065 - MultiInterfaceGUI - INFO - log_message:867 - 📊 Activity detected on: lo0
2025-10-04 21:32:15,068 - persistent_wireshark_monitor - INFO - detect_interface_activity:151 - Activity detected on en0: +8 packets, +1024 bytes
2025-10-04 21:32:15,074 - persistent_wireshark_monitor - INFO - detect_interface_activity:151 - Activity detected on lo0: +120 packets, +118784 bytes
2025-10-04 21:32:15,075 - MultiInterfaceGUI - INFO - log_message:867 - 📊 Stats: 19 interfaces, 16 up, 2 active
2025-10-04 21:32:15,079 - MultiInterfaceGUI - INFO - log_message:867 - 📊 Activity detected on: en0, lo0
2025-10-04 21:32:17,085 - persistent_wireshark_monitor - INFO - detect_interface_activity:151 - Activity detected on en0: +10 packets, +3072 bytes
2025-10-04 21:32:17,088 - persistent_wireshark_monitor - INFO - detect_interface_activity:151 - Activity detected on lo0: +130 packets, +120832 bytes
2025-10-04 21:32:17,092 - MultiInterfaceGUI - INFO - log_message:867 - 📊 Stats: 19 interfaces, 16 up, 2 active
2025-10-04 21:32:17,095 - MultiInterfaceGUI - INFO - log_message:867 - 📊 Activity detected on: en0, lo0
2025-10-04 21:32:19,097 - persistent_wireshark_monitor - INFO - detect_interface_activity:151 - Activity detected on en0: +1681 packets, +2227200 bytes
2025-10-04 21:32:19,100 - persistent_wireshark_monitor - INFO - detect_interface_activity:151 - Activity detected on lo0: +110 packets, +120832 bytes
2025-10-04 21:32:19,108 - MultiInterfaceGUI - INFO - log_message:867 - 📊 Stats: 19 interfaces, 16 up, 2 active
2025-10-04 21:32:19,111 - MultiInterfaceGUI - INFO - log_message:867 - 📊 Activity detected on: en0, lo0
2025-10-04 21:32:21,114 - persistent_wireshark_monitor - INFO - detect_interface_activity:151 - Activity detected on en0: +7 packets, +1024 bytes
2025-10-04 21:32:21,121 - persistent_wireshark_monitor - INFO - detect_interface_activity:151 - Activity detected on lo0: +104 packets, +120832 bytes
2025-10-04 21:32:21,125 - MultiInterfaceGUI - INFO - log_message:867 - 📊 Stats: 19 interfaces, 16 up, 2 active
2025-10-04 21:32:21,128 - MultiInterfaceGUI - INFO - log_message:867 - 📊 Activity detected on: en0, lo0
2025-10-04 21:32:23,128 - persistent_wireshark_monitor - INFO - detect_interface_activity:151 - Activity detected on en0: +7 packets, +1024 bytes
2025-10-04 21:32:23,130 - persistent_wireshark_monitor - INFO - detect_interface_activity:151 - Activity detected on lo0: +106 packets, +122880 bytes
2025-10-04 21:32:23,135 - MultiInterfaceGUI - INFO - log_message:867 - 📊 Stats: 19 interfaces, 16 up, 2 active
2025-10-04 21:32:23,136 - MultiInterfaceGUI - INFO - log_message:867 - 📊 Activity detected on: en0, lo0
2025-10-04 21:32:25,140 - persistent_wireshark_monitor - INFO - detect_interface_activity:151 - Activity detected on en0: +10 packets, +1024 bytes
2025-10-04 21:32:25,142 - persistent_wireshark_monitor - INFO - detect_interface_activity:151 - Activity detected on lo0: +144 packets, +124928 bytes
2025-10-04 21:32:25,148 - MultiInterfaceGUI - INFO - log_message:867 - 📊 Stats: 19 interfaces, 16 up, 2 active
2025-10-04 21:32:25,151 - MultiInterfaceGUI - INFO - log_message:867 - 📊 Activity detected on: en0, lo0
2025-10-04 21:32:27,154 - persistent_wireshark_monitor - INFO - detect_interface_activity:151 - Activity detected on en0: +2 packets, +1024 bytes
2025-10-04 21:32:27,161 - persistent_wireshark_monitor - INFO - detect_interface_activity:151 - Activity detected on lo0: +106 packets, +124928 bytes
2025-10-04 21:32:27,164 - MultiInterfaceGUI - INFO - log_message:867 - 📊 Stats: 19 interfaces, 16 up, 2 active
2025-10-04 21:32:27,168 - MultiInterfaceGUI - INFO - log_message:867 - 📊 Activity detected on: en0, lo0
2025-10-04 21:32:29,169 - persistent_wireshark_monitor - INFO - detect_interface_activity:151 - Activity detected on en0: +31 packets, +13312 bytes
2025-10-04 21:32:29,172 - persistent_wireshark_monitor - INFO - detect_interface_activity:151 - Activity detected on lo0: +114 packets, +126976 bytes
2025-10-04 21:32:29,179 - MultiInterfaceGUI - INFO - log_message:867 - 📊 Stats: 19 interfaces, 16 up, 2 active
2025-10-04 21:32:29,182 - MultiInterfaceGUI - INFO - log_message:867 - 📊 Activity detected on: en0, lo0
2025-10-04 21:32:31,184 - persistent_wireshark_monitor - INFO - detect_interface_activity:151 - Activity detected on en0: +56 packets, +30720 bytes
2025-10-04 21:32:31,189 - persistent_wireshark_monitor - INFO - detect_interface_activity:151 - Activity detected on lo0: +164 packets, +135168 bytes
2025-10-04 21:32:31,191 - MultiInterfaceGUI - INFO - log_message:867 - 📊 Stats: 19 interfaces, 16 up, 2 active
2025-10-04 21:32:31,193 - MultiInterfaceGUI - INFO - log_message:867 - 📊 Activity detected on: en0, lo0
2025-10-04 21:32:33,195 - persistent_wireshark_monitor - INFO - detect_interface_activity:151 - Activity detected on en0: +147 packets, +66560 bytes
2025-10-04 21:32:33,198 - persistent_wireshark_monitor - INFO - detect_interface_activity:151 - Activity detected on lo0: +252 packets, +172032 bytes
2025-10-04 21:32:33,200 - MultiInterfaceGUI - INFO - log_message:867 - 📊 Stats: 19 interfaces, 16 up, 2 active
2025-10-04 21:32:33,201 - MultiInterfaceGUI - INFO - log_message:867 - 📊 Activity detected on: en0, lo0
2025-10-04 21:32:35,205 - persistent_wireshark_monitor - INFO - detect_interface_activity:151 - Activity detected on en0: +77 packets, +19456 bytes
2025-10-04 21:32:35,211 - persistent_wireshark_monitor - INFO - detect_interface_activity:151 - Activity detected on lo0: +404 packets, +196608 bytes
2025-10-04 21:32:35,213 - MultiInterfaceGUI - INFO - log_message:867 - 📊 Stats: 19 interfaces, 16 up, 2 active
2025-10-04 21:32:35,217 - MultiInterfaceGUI - INFO - log_message:867 - 📊 Activity detected on: en0, lo0
2025-10-04 21:32:36,413 - MultiInterfaceGUI - DEBUG - save_session_state:632 - Session state saved successfully
2025-10-04 21:32:37,218 - persistent_wireshark_monitor - INFO - detect_interface_activity:151 - Activity detected on en0: +44 packets, +13312 bytes
2025-10-04 21:32:37,220 - persistent_wireshark_monitor - INFO - detect_interface_activity:151 - Activity detected on lo0: +152 packets, +251904 bytes
2025-10-04 21:32:37,225 - MultiInterfaceGUI - INFO - log_message:867 - 📊 Stats: 19 interfaces, 16 up, 2 active
2025-10-04 21:32:37,226 - MultiInterfaceGUI - INFO - log_message:867 - 📊 Activity detected on: en0, lo0
2025-10-04 21:32:39,231 - persistent_wireshark_monitor - INFO - detect_interface_activity:151 - Activity detected on en0: +3 packets, +0 bytes
2025-10-04 21:32:39,237 - persistent_wireshark_monitor - INFO - detect_interface_activity:151 - Activity detected on lo0: +108 packets, +131072 bytes
2025-10-04 21:32:39,240 - MultiInterfaceGUI - INFO - log_message:867 - 📊 Stats: 19 interfaces, 16 up, 1 active
2025-10-04 21:32:39,244 - MultiInterfaceGUI - INFO - log_message:867 - 📊 Activity detected on: en0, lo0
2025-10-04 21:32:41,248 - persistent_wireshark_monitor - INFO - detect_interface_activity:151 - Activity detected on en0: +2 packets, +0 bytes
2025-10-04 21:32:41,249 - MultiInterfaceGUI - INFO - log_message:867 - 📊 Stats: 19 interfaces, 16 up, 1 active
2025-10-04 21:32:41,250 - persistent_wireshark_monitor - INFO - detect_interface_activity:151 - Activity detected on lo0: +142 packets, +135168 bytes
2025-10-04 21:32:41,253 - MultiInterfaceGUI - INFO - log_message:867 - 📊 Activity detected on: en0, lo0
2025-10-04 21:32:43,261 - persistent_wireshark_monitor - INFO - detect_interface_activity:151 - Activity detected on lo0: +104 packets, +133120 bytes
2025-10-04 21:32:43,268 - MultiInterfaceGUI - INFO - log_message:867 - 📊 Stats: 19 interfaces, 16 up, 1 active
2025-10-04 21:32:43,271 - MultiInterfaceGUI - INFO - log_message:867 - 📊 Activity detected on: lo0
2025-10-04 21:32:45,272 - persistent_wireshark_monitor - INFO - detect_interface_activity:151 - Activity detected on en0: +1735 packets, +2248704 bytes
2025-10-04 21:32:45,275 - persistent_wireshark_monitor - INFO - detect_interface_activity:151 - Activity detected on lo0: +124 packets, +135168 bytes
2025-10-04 21:32:45,281 - MultiInterfaceGUI - INFO - log_message:867 - 📊 Stats: 19 interfaces, 16 up, 2 active
2025-10-04 21:32:45,285 - MultiInterfaceGUI - INFO - log_message:867 - 📊 Activity detected on: en0, lo0
2025-10-04 21:32:47,290 - persistent_wireshark_monitor - INFO - detect_interface_activity:151 - Activity detected on en0: +5 packets, +0 bytes
2025-10-04 21:32:47,290 - MultiInterfaceGUI - INFO - log_message:867 - 📊 Stats: 19 interfaces, 16 up, 1 active
2025-10-04 21:32:47,291 - persistent_wireshark_monitor - INFO - detect_interface_activity:151 - Activity detected on lo0: +140 packets, +135168 bytes
2025-10-04 21:32:47,293 - MultiInterfaceGUI - INFO - log_message:867 - 📊 Activity detected on: en0, lo0
2025-10-04 21:32:49,297 - persistent_wireshark_monitor - INFO - detect_interface_activity:151 - Activity detected on en0: +117 packets, +67584 bytes
2025-10-04 21:32:49,300 - persistent_wireshark_monitor - INFO - detect_interface_activity:151 - Activity detected on lo0: +256 packets, +180224 bytes
2025-10-04 21:32:49,309 - MultiInterfaceGUI - INFO - log_message:867 - 📊 Stats: 19 interfaces, 16 up, 2 active
2025-10-04 21:32:49,312 - MultiInterfaceGUI - INFO - log_message:867 - 📊 Activity detected on: en0, lo0
2025-10-04 21:32:51,312 - persistent_wireshark_monitor - INFO - detect_interface_activity:151 - Activity detected on en0: +81 packets, +37888 bytes
2025-10-04 21:32:51,314 - persistent_wireshark_monitor - INFO - detect_interface_activity:151 - Activity detected on lo0: +122 packets, +143360 bytes
2025-10-04 21:32:51,318 - MultiInterfaceGUI - INFO - log_message:867 - 📊 Stats: 19 interfaces, 16 up, 2 active
2025-10-04 21:32:51,319 - MultiInterfaceGUI - INFO - log_message:867 - 📊 Activity detected on: en0, lo0
2025-10-04 21:32:53,319 - persistent_wireshark_monitor - INFO - detect_interface_activity:151 - Activity detected on en0: +54 packets, +13312 bytes
2025-10-04 21:32:53,324 - persistent_wireshark_monitor - INFO - detect_interface_activity:151 - Activity detected on lo0: +286 packets, +200704 bytes
2025-10-04 21:32:53,326 - MultiInterfaceGUI - INFO - log_message:867 - 📊 Stats: 19 interfaces, 16 up, 2 active
2025-10-04 21:32:53,328 - MultiInterfaceGUI - INFO - log_message:867 - 📊 Activity detected on: en0, lo0
2025-10-04 21:32:55,329 - persistent_wireshark_monitor - INFO - detect_interface_activity:151 - Activity detected on en0: +145 packets, +47104 bytes
2025-10-04 21:32:55,331 - persistent_wireshark_monitor - INFO - detect_interface_activity:151 - Activity detected on lo0: +186 packets, +161792 bytes
2025-10-04 21:32:55,335 - MultiInterfaceGUI - INFO - log_message:867 - 📊 Stats: 19 interfaces, 16 up, 2 active
2025-10-04 21:32:55,335 - MultiInterfaceGUI - INFO - log_message:867 - 📊 Activity detected on: en0, lo0
