2025-09-26 13:31:35,159 - MultiInterfaceGUI - INFO - setup_logging:434 - Multi-Interface Shark GUI logging initialized
2025-09-26 13:32:13,820 - MultiInterfaceGUI - INFO - log_message:604 - 🦈 Starting Multi-Interface Network Monitor...
2025-09-26 13:32:13,823 - MultiInterfaceGUI - INFO - log_message:604 - 📅 Monitoring duration set to: 6h 0m (21600s)
2025-09-26 13:32:13,824 - MultiInterfaceGUI - INFO - log_message:604 - ✅ Multi-interface monitoring started successfully!
2025-09-26 13:32:13,824 - MultiInterfaceGUI - INFO - log_message:604 - 🦈 Starting Multi-Interface Network Monitor...
2025-09-26 13:32:13,825 - persistent_wireshark_monitor - INFO - setup_logging:83 - Persistent Wireshark Monitor initialized
2025-09-26 13:32:13,825 - persistent_wireshark_monitor - WARNING - __init__:66 - Could not register signal handlers (not main thread): signal only works in main thread of the main interpreter
2025-09-26 13:32:13,846 - MultiInterfaceGUI - INFO - log_message:604 - ✅ Monitor initialized - Discovering interfaces...
2025-09-26 13:32:14,774 - persistent_wireshark_monitor - INFO - discover_interfaces:107 - Discovered interfaces: ['anpi0', 'anpi1', 'ap1', 'awdl0', 'bridge0', 'ciscodump', 'en0', 'en1', 'en2', 'en3', 'en4', 'en6', 'gif0', 'llw0', 'lo0', 'pflog0', 'randpkt', 'sshdump', 'stf0', 'udpdump', 'utun0', 'utun1', 'utun2', 'utun3', 'wifidump']
2025-09-26 13:32:14,774 - persistent_wireshark_monitor - INFO - discover_interfaces:112 - Default interface lo0 will be monitored
2025-09-26 13:32:14,774 - persistent_wireshark_monitor - INFO - discover_interfaces:112 - Default interface en0 will be monitored
2025-09-26 13:32:14,775 - persistent_wireshark_monitor - INFO - run:389 - Starting Persistent Wireshark Monitor
2025-09-26 13:32:14,776 - persistent_wireshark_monitor - INFO - run:390 - Capture directory: pcap_captures
2025-09-26 13:32:14,776 - persistent_wireshark_monitor - INFO - run:391 - Capture duration: 18000 seconds
2025-09-26 13:32:14,776 - persistent_wireshark_monitor - INFO - run:392 - Check interval: 5 seconds
2025-09-26 13:32:14,776 - persistent_wireshark_monitor - INFO - run:403 - Found 8 active interfaces
2025-09-26 13:32:14,776 - persistent_wireshark_monitor - INFO - start_capture:197 - Starting capture session in: pcap_captures/session_20250926_133213/loopback
2025-09-26 13:32:14,776 - persistent_wireshark_monitor - INFO - start_capture:208 - 📁 PCAP SAVE: 20250926_133213-ch-loopback.pcap
2025-09-26 13:32:14,777 - persistent_wireshark_monitor - INFO - start_capture:209 - 📂 FULL PATH: /Users/akidobot/Documents/Stealthshark2/pcap_captures/session_20250926_133213/loopback/20250926_133213-ch-loopback.pcap
2025-09-26 13:32:14,777 - persistent_wireshark_monitor - INFO - start_capture:210 - 🏷️  GROUP: loopback | INTERFACE: lo0
2025-09-26 13:32:14,786 - MultiInterfaceGUI - INFO - log_message:604 - 📡 Discovered 25 interfaces: anpi0, anpi1, ap1, awdl0, bridge0, ciscodump, en0, en1, en2, en3, en4, en6, gif0, llw0, lo0, pflog0, randpkt, sshdump, stf0, udpdump, utun0, utun1, utun2, utun3, wifidump
