2025-10-08 20:03:21,586 - MultiInterfaceGUI - INFO - setup_logging:574 - Multi-Interface Shark GUI logging initialized
2025-10-08 20:03:21,691 - MultiInterfaceGUI - INFO - setup_auto_save:581 - Auto-save enabled: saving session state every 30 seconds
2025-10-08 20:03:23,848 - MultiInterfaceGUI - INFO - log_message:867 - 🔄 Session restored from previous crash/shutdown
2025-10-08 20:03:23,848 - MultiInterfaceGUI - INFO - restore_session_state:654 - Session state restored successfully
2025-10-08 20:03:25,188 - MultiInterfaceGUI - INFO - log_message:867 - 🦈 Starting Multi-Interface Network Monitor...
2025-10-08 20:03:25,189 - MultiInterfaceGUI - INFO - log_message:867 - 📅 Monitoring duration set to: 6h 0m (21600s)
2025-10-08 20:03:25,189 - MultiInterfaceGUI - INFO - log_message:867 - ✅ Multi-interface monitoring started successfully!
2025-10-08 20:03:25,190 - MultiInterfaceGUI - INFO - log_message:867 - 🦈 Starting Multi-Interface Network Monitor...
2025-10-08 20:03:25,190 - persistent_wireshark_monitor - INFO - setup_logging:83 - Persistent Wireshark Monitor initialized
2025-10-08 20:03:25,190 - persistent_wireshark_monitor - WARNING - __init__:66 - Could not register signal handlers (not main thread): signal only works in main thread of the main interpreter
2025-10-08 20:03:25,196 - persistent_wireshark_monitor - ERROR - discover_interfaces:115 - Failed to discover interfaces: [Errno 2] No such file or directory: 'tshark'
2025-10-08 20:03:25,200 - persistent_wireshark_monitor - INFO - detect_interface_activity:151 - Activity detected on lo0: +337158 packets, +176992256 bytes
2025-10-08 20:03:25,200 - persistent_wireshark_monitor - INFO - detect_interface_activity:151 - Activity detected on awdl0: +4 packets, +0 bytes
2025-10-08 20:03:25,200 - persistent_wireshark_monitor - INFO - detect_interface_activity:151 - Activity detected on en0: +320783 packets, +292898816 bytes
2025-10-08 20:03:25,200 - MultiInterfaceGUI - INFO - log_message:867 - ✅ Monitor initialized - Discovering interfaces...
2025-10-08 20:03:25,203 - MultiInterfaceGUI - INFO - log_message:867 - 📡 Discovered 4 interfaces: awdl0, en0, en1, lo0
2025-10-08 20:03:25,203 - MultiInterfaceGUI - INFO - log_message:867 - 🚀 Starting interface statistics monitoring...
2025-10-08 20:03:25,208 - MultiInterfaceGUI - INFO - log_message:867 - 📊 Stats: 20 interfaces, 18 up, 0 active
2025-10-08 20:03:25,209 - MultiInterfaceGUI - INFO - log_message:867 - 📊 Activity detected on: lo0, awdl0, en0
2025-10-08 20:03:27,211 - persistent_wireshark_monitor - INFO - detect_interface_activity:151 - Activity detected on lo0: +168 packets, +16384 bytes
2025-10-08 20:03:27,212 - MultiInterfaceGUI - INFO - log_message:867 - 📊 Stats: 20 interfaces, 18 up, 1 active
2025-10-08 20:03:27,214 - MultiInterfaceGUI - INFO - log_message:867 - 📊 Activity detected on: lo0
2025-10-08 20:03:29,217 - persistent_wireshark_monitor - INFO - detect_interface_activity:151 - Activity detected on lo0: +304 packets, +215040 bytes
2025-10-08 20:03:29,219 - persistent_wireshark_monitor - INFO - detect_interface_activity:151 - Activity detected on en0: +17 packets, +2048 bytes
2025-10-08 20:03:29,219 - MultiInterfaceGUI - INFO - log_message:867 - 📊 Stats: 20 interfaces, 18 up, 2 active
2025-10-08 20:03:29,221 - MultiInterfaceGUI - INFO - log_message:867 - 📊 Activity detected on: lo0, en0
2025-10-08 20:03:31,222 - persistent_wireshark_monitor - INFO - detect_interface_activity:151 - Activity detected on lo0: +410 packets, +299008 bytes
2025-10-08 20:03:31,227 - persistent_wireshark_monitor - INFO - detect_interface_activity:151 - Activity detected on en0: +86 packets, +23552 bytes
2025-10-08 20:03:31,227 - MultiInterfaceGUI - INFO - log_message:867 - 📊 Stats: 20 interfaces, 18 up, 2 active
2025-10-08 20:03:31,230 - MultiInterfaceGUI - INFO - log_message:867 - 📊 Activity detected on: lo0, en0
