2025-09-02 13:08:41,052 - WiresharkGUI - INFO - Persistent logging initialized: persistent_logs/wireshark_session_20250902_130841.log
2025-09-02 13:08:41,052 - WiresharkGUI - INFO - Exit handlers registered for auto-save protection
2025-09-02 13:08:41,052 - WiresharkGUI - INFO - Initial config: dir=pcap_captures, duration=30, interval=5
2025-09-02 13:08:41,052 - WiresharkGUI - INFO - Starting UI initialization
2025-09-02 13:08:41,083 - WiresharkGUI - INFO - Creating control panel
2025-09-02 13:08:41,270 - WiresharkGUI - INFO - Refreshing interfaces
2025-09-02 13:08:41,271 - WiresharkGUI - INFO - Found 15 interfaces: ['lo0', 'en0', 'en5', 'ap1', 'awdl0', 'llw0', 'en2', 'en1', 'en3', 'en4', 'bridge0', 'utun0', 'utun1', 'utun2', 'utun3']
2025-09-02 13:08:41,272 - WiresharkGUI - ERROR - Error logging message: 'EnhancedWiresharkMonitorGUI' object has no attribute 'log_text'
2025-09-02 13:08:41,272 - WiresharkGUI - INFO - Control panel created successfully
2025-09-02 13:08:41,577 - WiresharkGUI - INFO - Creating monitoring panel
2025-09-02 13:08:41,635 - WiresharkGUI - INFO - Monitoring panel created successfully
2025-09-02 13:08:41,638 - WiresharkGUI - INFO - UI initialization completed
2025-09-02 13:08:41,638 - WiresharkGUI - INFO - Setting up timers
2025-09-02 13:08:41,638 - WiresharkGUI - INFO - Timers setup completed
2025-09-02 13:08:41,638 - WiresharkGUI - INFO - GUI initialization completed successfully
2025-09-02 13:08:41,716 - WiresharkGUI - INFO - GUI window shown, entering event loop
2025-09-02 13:08:53,945 - WiresharkGUI - INFO - Duration updated to 18000 seconds
2025-09-02 13:08:55,216 - WiresharkGUI - INFO - Starting monitor
2025-09-02 13:08:57,345 - WiresharkGUI - INFO - Capture started: interface -> filename
2025-09-02 13:08:58,160 - WiresharkGUI - INFO - Capture started: interface -> filename
2025-09-02 13:08:58,470 - WiresharkGUI - INFO - Capture completed: interface - completed
2025-09-02 13:08:59,090 - WiresharkGUI - INFO - Capture started: interface -> filename
2025-09-02 13:26:41,385 - WiresharkGUI - INFO - Received signal 15, initiating emergency save...
2025-09-02 13:26:41,389 - WiresharkGUI - INFO - 🚨 EMERGENCY SAVE: Preserving capture data...
2025-09-02 13:26:41,390 - WiresharkGUI - INFO - Stopping monitor
2025-09-02 13:26:46,396 - WiresharkGUI - INFO - ✅ Emergency save completed: emergency_session_state.json
2025-09-02 13:26:46,397 - WiresharkGUI - INFO - 🚨 EMERGENCY SAVE: Preserving capture data...
2025-09-02 13:26:46,397 - WiresharkGUI - INFO - Stopping monitor
2025-09-02 13:26:46,400 - WiresharkGUI - INFO - ✅ Emergency save completed: emergency_session_state.json
