2025-09-02 13:07:20,711 - WiresharkGUI - INFO - Persistent logging initialized: persistent_logs/wireshark_session_20250902_130720.log
2025-09-02 13:07:20,711 - WiresharkGUI - INFO - Exit handlers registered for auto-save protection
2025-09-02 13:07:20,711 - WiresharkGUI - INFO - Initial config: dir=pcap_captures, duration=30, interval=5
2025-09-02 13:07:20,712 - WiresharkGUI - INFO - Starting UI initialization
2025-09-02 13:07:20,750 - WiresharkGUI - INFO - Creating control panel
2025-09-02 13:07:20,940 - WiresharkGUI - INFO - Refreshing interfaces
2025-09-02 13:07:20,941 - WiresharkGUI - INFO - Found 15 interfaces: ['lo0', 'en0', 'en5', 'ap1', 'awdl0', 'llw0', 'en2', 'en1', 'en3', 'en4', 'bridge0', 'utun0', 'utun1', 'utun2', 'utun3']
2025-09-02 13:07:20,942 - WiresharkGUI - ERROR - Error logging message: 'EnhancedWiresharkMonitorGUI' object has no attribute 'log_text'
2025-09-02 13:07:20,943 - WiresharkGUI - INFO - Control panel created successfully
2025-09-02 13:07:21,238 - WiresharkGUI - INFO - Creating monitoring panel
2025-09-02 13:07:21,339 - WiresharkGUI - INFO - Monitoring panel created successfully
2025-09-02 13:07:21,343 - WiresharkGUI - INFO - UI initialization completed
2025-09-02 13:07:21,343 - WiresharkGUI - INFO - Setting up timers
2025-09-02 13:07:21,344 - WiresharkGUI - INFO - Timers setup completed
2025-09-02 13:07:21,344 - WiresharkGUI - INFO - GUI initialization completed successfully
2025-09-02 13:07:21,428 - WiresharkGUI - INFO - GUI window shown, entering event loop
2025-09-02 13:07:23,462 - WiresharkGUI - INFO - Starting monitor
2025-09-02 13:07:23,531 - WiresharkGUI - ERROR - Monitor error: Monitor error: [Errno 2] No such file or directory: './wireshark_monitor_venv/bin/python3'
2025-09-02 13:07:23,531 - WiresharkGUI - ERROR - Error dialog: Monitor Error - Monitor error: [Errno 2] No such file or directory: './wireshark_monitor_venv/bin/python3'
2025-09-02 13:07:42,376 - WiresharkGUI - INFO - Received signal 15, initiating emergency save...
2025-09-02 13:07:42,378 - WiresharkGUI - INFO - 🚨 EMERGENCY SAVE: Preserving capture data...
2025-09-02 13:07:42,379 - WiresharkGUI - INFO - Stopping monitor
2025-09-02 13:07:42,381 - WiresharkGUI - INFO - ✅ Emergency save completed: emergency_session_state.json
2025-09-02 13:07:42,382 - WiresharkGUI - INFO - 🚨 EMERGENCY SAVE: Preserving capture data...
2025-09-02 13:07:42,382 - WiresharkGUI - INFO - Stopping monitor
2025-09-02 13:07:42,384 - WiresharkGUI - INFO - ✅ Emergency save completed: emergency_session_state.json
