2025-09-26 13:11:19,520 - INFO - setup_logging:33 - StealthShark Status Check initialized
2025-09-26 13:11:19,520 - INFO - setup_logging:34 - Log file: logs/stealthshark_status_20250926_131119.log
2025-09-26 13:11:19,520 - INFO - main:223 - Starting comprehensive StealthShark status check...
2025-09-26 13:11:19,520 - INFO - check_python_dependencies:39 - Checking Python dependencies...
2025-09-26 13:11:19,530 - INFO - check_python_dependencies:55 - ✅ psutil: Available - System and process utilities
2025-09-26 13:11:19,534 - INFO - check_python_dependencies:55 - ✅ PyQt6: Available - GUI framework
2025-09-26 13:11:19,534 - INFO - check_python_dependencies:55 - ✅ subprocess: Available - Process management (built-in)
2025-09-26 13:11:19,534 - INFO - check_python_dependencies:55 - ✅ threading: Available - Threading support (built-in)
2025-09-26 13:11:19,534 - INFO - check_python_dependencies:55 - ✅ pathlib: Available - Path utilities (built-in)
2025-09-26 13:11:19,536 - INFO - check_python_dependencies:55 - ✅ json: Available - JSON handling (built-in)
2025-09-26 13:11:19,536 - INFO - check_system_tools:65 - Checking system tools...
2025-09-26 13:11:21,134 - INFO - check_system_tools:80 - ✅ tshark: Available - Wireshark command-line tool - TShark (Wireshark) 4.4.9 (v4.4.9-0-g57bf67214076).
2025-09-26 13:11:21,148 - INFO - check_system_tools:80 - ✅ python3: Available - Python 3 interpreter - Python 3.9.6
2025-09-26 13:11:21,149 - INFO - check_stealthshark_files:93 - Checking StealthShark files...
2025-09-26 13:11:21,149 - INFO - check_stealthshark_files:110 - ✅ StealthShark.command: Found - Main launcher script
2025-09-26 13:11:21,149 - INFO - check_stealthshark_files:110 - ✅ persistent_wireshark_monitor.py: Found - Persistent monitoring engine
2025-09-26 13:11:21,149 - INFO - check_stealthshark_files:110 - ✅ simple_tshark_monitor.py: Found - Simple monitoring tool
2025-09-26 13:11:21,149 - INFO - check_stealthshark_files:110 - ✅ test_gui.py: Found - GUI testing utility
2025-09-26 13:11:21,149 - INFO - check_stealthshark_files:110 - ✅ LoopbackShark/loopbackshark_gui.py: Found - LoopbackShark GUI
2025-09-26 13:11:21,149 - INFO - check_stealthshark_files:110 - ✅ LoopbackShark/pattern_recognition.py: Found - Pattern recognition engine
2025-09-26 13:11:21,149 - INFO - check_stealthshark_files:110 - ✅ requirements.txt: Found - Python dependencies list
2025-09-26 13:11:21,149 - INFO - check_permissions:139 - Checking permissions...
2025-09-26 13:11:21,149 - INFO - check_permissions:149 - ✅ File system permissions: OK
2025-09-26 13:11:21,149 - INFO - check_network_interfaces:120 - Checking network interfaces...
2025-09-26 13:11:21,150 - INFO - check_network_interfaces:126 - Found 17 network interfaces:
2025-09-26 13:11:21,150 - INFO - check_network_interfaces:128 -   - lo0: 3 addresses
2025-09-26 13:11:21,150 - DEBUG - check_network_interfaces:130 -     AF_INET: 127.0.0.1
2025-09-26 13:11:21,150 - DEBUG - check_network_interfaces:130 -     AF_INET6: ::1
2025-09-26 13:11:21,150 - DEBUG - check_network_interfaces:130 -     AF_INET6: fe80::1%lo0
2025-09-26 13:11:21,150 - INFO - check_network_interfaces:128 -   - en0: 5 addresses
2025-09-26 13:11:21,150 - DEBUG - check_network_interfaces:130 -     AF_INET: 192.168.0.18
2025-09-26 13:11:21,150 - DEBUG - check_network_interfaces:130 -     AF_LINK: f6:85:04:b7:10:a2
2025-09-26 13:11:21,150 - DEBUG - check_network_interfaces:130 -     AF_INET6: fe80::4b7:eea5:89e4:e15d%en0
2025-09-26 13:11:21,150 - DEBUG - check_network_interfaces:130 -     AF_INET6: 2600:8801:c809:a300:10eb:5b2:2012:b661
2025-09-26 13:11:21,150 - DEBUG - check_network_interfaces:130 -     AF_INET6: 2600:8801:c809:a300:7cbe:8f10:a821:56e0
2025-09-26 13:11:21,150 - INFO - check_network_interfaces:128 -   - anpi0: 1 addresses
2025-09-26 13:11:21,150 - DEBUG - check_network_interfaces:130 -     AF_LINK: 06:44:11:0d:ca:e2
2025-09-26 13:11:21,150 - INFO - check_network_interfaces:128 -   - anpi1: 1 addresses
2025-09-26 13:11:21,150 - DEBUG - check_network_interfaces:130 -     AF_LINK: 06:44:11:0d:ca:e3
2025-09-26 13:11:21,150 - INFO - check_network_interfaces:128 -   - en3: 1 addresses
2025-09-26 13:11:21,150 - DEBUG - check_network_interfaces:130 -     AF_LINK: 06:44:11:0d:ca:c2
2025-09-26 13:11:21,150 - INFO - check_network_interfaces:128 -   - en4: 1 addresses
2025-09-26 13:11:21,150 - DEBUG - check_network_interfaces:130 -     AF_LINK: 06:44:11:0d:ca:c3
2025-09-26 13:11:21,151 - INFO - check_network_interfaces:128 -   - en1: 1 addresses
2025-09-26 13:11:21,151 - DEBUG - check_network_interfaces:130 -     AF_LINK: 36:12:ee:07:3d:c0
2025-09-26 13:11:21,151 - INFO - check_network_interfaces:128 -   - en2: 1 addresses
2025-09-26 13:11:21,151 - DEBUG - check_network_interfaces:130 -     AF_LINK: 36:12:ee:07:3d:c4
2025-09-26 13:11:21,151 - INFO - check_network_interfaces:128 -   - en6: 1 addresses
2025-09-26 13:11:21,151 - DEBUG - check_network_interfaces:130 -     AF_LINK: 98:fc:84:ed:93:18
2025-09-26 13:11:21,151 - INFO - check_network_interfaces:128 -   - bridge0: 1 addresses
2025-09-26 13:11:21,151 - DEBUG - check_network_interfaces:130 -     AF_LINK: 36:12:ee:07:3d:c0
2025-09-26 13:11:21,151 - INFO - check_network_interfaces:128 -   - ap1: 1 addresses
2025-09-26 13:11:21,151 - DEBUG - check_network_interfaces:130 -     AF_LINK: d6:57:6e:3d:3e:2b
2025-09-26 13:11:21,151 - INFO - check_network_interfaces:128 -   - awdl0: 2 addresses
2025-09-26 13:11:21,151 - DEBUG - check_network_interfaces:130 -     AF_LINK: f2:d4:05:28:75:b5
2025-09-26 13:11:21,151 - DEBUG - check_network_interfaces:130 -     AF_INET6: fe80::f0d4:5ff:fe28:75b5%awdl0
2025-09-26 13:11:21,151 - INFO - check_network_interfaces:128 -   - llw0: 2 addresses
2025-09-26 13:11:21,151 - DEBUG - check_network_interfaces:130 -     AF_LINK: f2:d4:05:28:75:b5
2025-09-26 13:11:21,151 - DEBUG - check_network_interfaces:130 -     AF_INET6: fe80::f0d4:5ff:fe28:75b5%llw0
2025-09-26 13:11:21,151 - INFO - check_network_interfaces:128 -   - utun0: 1 addresses
2025-09-26 13:11:21,151 - DEBUG - check_network_interfaces:130 -     AF_INET6: fe80::5775:7bf:2590:5ef6%utun0
2025-09-26 13:11:21,151 - INFO - check_network_interfaces:128 -   - utun1: 1 addresses
2025-09-26 13:11:21,151 - DEBUG - check_network_interfaces:130 -     AF_INET6: fe80::3c47:7ee7:8fd8:e200%utun1
2025-09-26 13:11:21,151 - INFO - check_network_interfaces:128 -   - utun2: 1 addresses
2025-09-26 13:11:21,151 - DEBUG - check_network_interfaces:130 -     AF_INET6: fe80::ce81:b1c:bd2c:69e%utun2
2025-09-26 13:11:21,151 - INFO - check_network_interfaces:128 -   - utun3: 1 addresses
2025-09-26 13:11:21,151 - DEBUG - check_network_interfaces:130 -     AF_INET6: fe80::31d8:2541:ae5a:73ef%utun3
2025-09-26 13:11:21,151 - INFO - run_component_tests:157 - Running component tests...
2025-09-26 13:11:21,151 - INFO - run_component_tests:168 - Running test: persistent_monitor_help
2025-09-26 13:11:21,205 - INFO - run_component_tests:172 - ✅ persistent_monitor_help: PASSED
2025-09-26 13:11:21,205 - DEBUG - run_component_tests:173 - Output: usage: persistent_wireshark_monitor.py [-h] [--capture-dir CAPTURE_DIR]
                                       [--duration DURATION]
                                       [--interval INTERVAL] [--no-...
2025-09-26 13:11:21,205 - INFO - run_component_tests:168 - Running test: loopbackshark_import
2025-09-26 13:11:21,240 - INFO - run_component_tests:172 - ✅ loopbackshark_import: PASSED
2025-09-26 13:11:21,240 - DEBUG - run_component_tests:173 - Output: Import successful
...
2025-09-26 13:11:21,241 - INFO - generate_report:188 - Generating status report...
2025-09-26 13:11:21,241 - INFO - generate_report:193 - ============================================================
2025-09-26 13:11:21,241 - INFO - generate_report:194 - STEALTHSHARK STATUS REPORT
2025-09-26 13:11:21,241 - INFO - generate_report:195 - ============================================================
2025-09-26 13:11:21,241 - INFO - generate_report:196 - Overall Status: 19/19 checks passed (100.0%)
2025-09-26 13:11:21,241 - INFO - generate_report:197 - 
2025-09-26 13:11:21,241 - INFO - generate_report:204 - PYTHON_DEPENDENCIES: ✅ PASS (6/6)
2025-09-26 13:11:21,241 - INFO - generate_report:208 -   ✅ psutil
2025-09-26 13:11:21,241 - INFO - generate_report:208 -   ✅ PyQt6
2025-09-26 13:11:21,241 - INFO - generate_report:208 -   ✅ subprocess
2025-09-26 13:11:21,241 - INFO - generate_report:208 -   ✅ threading
2025-09-26 13:11:21,241 - INFO - generate_report:208 -   ✅ pathlib
2025-09-26 13:11:21,241 - INFO - generate_report:208 -   ✅ json
2025-09-26 13:11:21,241 - INFO - generate_report:204 - SYSTEM_TOOLS: ✅ PASS (2/2)
2025-09-26 13:11:21,241 - INFO - generate_report:208 -   ✅ tshark
2025-09-26 13:11:21,241 - INFO - generate_report:208 -   ✅ python3
2025-09-26 13:11:21,241 - INFO - generate_report:204 - STEALTHSHARK_FILES: ✅ PASS (7/7)
2025-09-26 13:11:21,241 - INFO - generate_report:208 -   ✅ StealthShark.command
2025-09-26 13:11:21,241 - INFO - generate_report:208 -   ✅ persistent_wireshark_monitor.py
2025-09-26 13:11:21,242 - INFO - generate_report:208 -   ✅ simple_tshark_monitor.py
2025-09-26 13:11:21,242 - INFO - generate_report:208 -   ✅ test_gui.py
2025-09-26 13:11:21,242 - INFO - generate_report:208 -   ✅ LoopbackShark/loopbackshark_gui.py
2025-09-26 13:11:21,242 - INFO - generate_report:208 -   ✅ LoopbackShark/pattern_recognition.py
2025-09-26 13:11:21,242 - INFO - generate_report:208 -   ✅ requirements.txt
2025-09-26 13:11:21,242 - INFO - generate_report:204 - PERMISSIONS: ✅ PASS (1/1)
2025-09-26 13:11:21,242 - INFO - generate_report:208 -   ✅ file_system
2025-09-26 13:11:21,242 - INFO - generate_report:204 - NETWORK_INTERFACES: ✅ PASS (1/1)
2025-09-26 13:11:21,242 - INFO - generate_report:208 -   ✅ interface_detection
2025-09-26 13:11:21,242 - INFO - generate_report:204 - COMPONENT_TESTS: ✅ PASS (2/2)
2025-09-26 13:11:21,242 - INFO - generate_report:208 -   ✅ persistent_monitor_help
2025-09-26 13:11:21,242 - INFO - generate_report:208 -   ✅ loopbackshark_import
2025-09-26 13:11:21,242 - INFO - generate_report:210 - 
2025-09-26 13:11:21,242 - INFO - generate_report:213 - 🎉 All systems operational! StealthShark is ready to use.
2025-09-26 13:11:21,242 - INFO - main:238 - Status check completed.
