2025-09-06 22:31:37,134 - PatternAnalyzer - INFO - Pattern analysis logging initialized
2025-09-06 22:31:37,135 - PatternAnalyzer - INFO - Historical Pattern Analyzer initialized for: /Users/flowgirl/Documents/StealthShark
2025-09-06 22:31:37,135 - PatternAnalyzer - INFO - Starting historical pattern analysis for last 14 days...
2025-09-06 22:31:37,156 - PatternAnalyzer - INFO - Found 27 potential loopback capture files
2025-09-06 22:31:37,168 - PatternAnalyzer - INFO - Found 27 valid loopback captures from last 14 days
2025-09-06 22:31:37,169 - PatternAnalyzer - INFO - Processing: /Users/flowgirl/Documents/StealthShark/pcap_captures/session_20250831_154031/loopback/20250831_154031-ch-loopback.pcap
2025-09-06 22:31:37,169 - PatternAnalyzer - INFO - Analyzing PCAP: /Users/flowgirl/Documents/StealthShark/pcap_captures/session_20250831_154031/loopback/20250831_154031-ch-loopback.pcap
2025-09-06 22:31:38,123 - PatternAnalyzer - INFO - Extracted patterns: 0 packets, 0 unique ports
2025-09-06 22:31:38,123 - PatternAnalyzer - INFO - Processing: /Users/flowgirl/Documents/StealthShark/pcap_captures/session_20250831_160014/loopback/20250831_160014-ch-loopback.pcap
2025-09-06 22:31:38,123 - PatternAnalyzer - INFO - Analyzing PCAP: /Users/flowgirl/Documents/StealthShark/pcap_captures/session_20250831_160014/loopback/20250831_160014-ch-loopback.pcap
2025-09-06 22:31:38,430 - PatternAnalyzer - INFO - Extracted patterns: 0 packets, 0 unique ports
2025-09-06 22:31:38,430 - PatternAnalyzer - INFO - Processing: /Users/flowgirl/Documents/StealthShark/pcap_captures/session_20250831_160609/loopback/20250831_160609-ch-loopback.pcap
2025-09-06 22:31:38,430 - PatternAnalyzer - INFO - Analyzing PCAP: /Users/flowgirl/Documents/StealthShark/pcap_captures/session_20250831_160609/loopback/20250831_160609-ch-loopback.pcap
2025-09-06 22:31:38,997 - PatternAnalyzer - INFO - Extracted patterns: 0 packets, 0 unique ports
2025-09-06 22:31:38,997 - PatternAnalyzer - INFO - Processing: /Users/flowgirl/Documents/StealthShark/pcap_captures/session_20250831_160905/loopback/20250831_160905-ch-loopback.pcap
2025-09-06 22:31:38,997 - PatternAnalyzer - INFO - Analyzing PCAP: /Users/flowgirl/Documents/StealthShark/pcap_captures/session_20250831_160905/loopback/20250831_160905-ch-loopback.pcap
2025-09-06 22:31:58,986 - PatternAnalyzer - INFO - Extracted patterns: 0 packets, 0 unique ports
2025-09-06 22:31:58,987 - PatternAnalyzer - INFO - Processing: /Users/flowgirl/Documents/StealthShark/pcap_captures/session_20250831_163626/loopback/20250831_163626-ch-loopback.pcap
2025-09-06 22:31:58,988 - PatternAnalyzer - INFO - Analyzing PCAP: /Users/flowgirl/Documents/StealthShark/pcap_captures/session_20250831_163626/loopback/20250831_163626-ch-loopback.pcap
2025-09-06 22:32:01,000 - PatternAnalyzer - INFO - Extracted patterns: 0 packets, 0 unique ports
2025-09-06 22:32:01,000 - PatternAnalyzer - INFO - Processing: /Users/flowgirl/Documents/StealthShark/pcap_captures/session_20250831_224233/loopback/20250831_224233-ch-loopback.pcap
2025-09-06 22:32:01,001 - PatternAnalyzer - INFO - Analyzing PCAP: /Users/flowgirl/Documents/StealthShark/pcap_captures/session_20250831_224233/loopback/20250831_224233-ch-loopback.pcap
2025-09-06 22:32:01,411 - PatternAnalyzer - INFO - Extracted patterns: 0 packets, 0 unique ports
2025-09-06 22:32:01,412 - PatternAnalyzer - INFO - Processing: /Users/flowgirl/Documents/StealthShark/pcap_captures/session_20250831_224247/loopback/20250831_224247-ch-loopback.pcap
2025-09-06 22:32:01,412 - PatternAnalyzer - INFO - Analyzing PCAP: /Users/flowgirl/Documents/StealthShark/pcap_captures/session_20250831_224247/loopback/20250831_224247-ch-loopback.pcap
2025-09-06 22:32:03,815 - PatternAnalyzer - INFO - Extracted patterns: 0 packets, 0 unique ports
2025-09-06 22:32:03,815 - PatternAnalyzer - INFO - Processing: /Users/flowgirl/Documents/StealthShark/pcap_captures/session_20250831_230540/loopback/20250831_230540-ch-loopback.pcap
2025-09-06 22:32:03,815 - PatternAnalyzer - INFO - Analyzing PCAP: /Users/flowgirl/Documents/StealthShark/pcap_captures/session_20250831_230540/loopback/20250831_230540-ch-loopback.pcap
2025-09-06 22:33:03,835 - PatternAnalyzer - ERROR - Error analyzing PCAP /Users/flowgirl/Documents/StealthShark/pcap_captures/session_20250831_230540/loopback/20250831_230540-ch-loopback.pcap: Command '['tshark', '-r', '/Users/flowgirl/Documents/StealthShark/pcap_captures/session_20250831_230540/loopback/20250831_230540-ch-loopback.pcap', '-Y', 'ip.src==127.0.0.1 or ip.dst==127.0.0.1', '-T', 'json', '-e', 'frame.time_relative', '-e', 'tcp.srcport', '-e', 'tcp.dstport', '-e', 'udp.srcport', '-e', 'udp.dstport', '-e', 'frame.protocols', '-e', 'frame.len', '-e', 'tcp.flags', '-e', 'tcp.stream']' timed out after 60 seconds
2025-09-06 22:33:03,836 - PatternAnalyzer - INFO - Processing: /Users/flowgirl/Documents/StealthShark/pcap_captures/session_20250831_234124/loopback/20250831_234124-ch-loopback.pcap
2025-09-06 22:33:03,836 - PatternAnalyzer - INFO - Analyzing PCAP: /Users/flowgirl/Documents/StealthShark/pcap_captures/session_20250831_234124/loopback/20250831_234124-ch-loopback.pcap
2025-09-06 22:34:03,861 - PatternAnalyzer - ERROR - Error analyzing PCAP /Users/flowgirl/Documents/StealthShark/pcap_captures/session_20250831_234124/loopback/20250831_234124-ch-loopback.pcap: Command '['tshark', '-r', '/Users/flowgirl/Documents/StealthShark/pcap_captures/session_20250831_234124/loopback/20250831_234124-ch-loopback.pcap', '-Y', 'ip.src==127.0.0.1 or ip.dst==127.0.0.1', '-T', 'json', '-e', 'frame.time_relative', '-e', 'tcp.srcport', '-e', 'tcp.dstport', '-e', 'udp.srcport', '-e', 'udp.dstport', '-e', 'frame.protocols', '-e', 'frame.len', '-e', 'tcp.flags', '-e', 'tcp.stream']' timed out after 60 seconds
2025-09-06 22:34:03,862 - PatternAnalyzer - INFO - Processing: /Users/flowgirl/Documents/StealthShark/pcap_captures/session_20250901_121856/loopback/20250901_121856-ch-loopback.pcap
2025-09-06 22:34:03,862 - PatternAnalyzer - INFO - Analyzing PCAP: /Users/flowgirl/Documents/StealthShark/pcap_captures/session_20250901_121856/loopback/20250901_121856-ch-loopback.pcap
2025-09-06 22:35:03,875 - PatternAnalyzer - ERROR - Error analyzing PCAP /Users/flowgirl/Documents/StealthShark/pcap_captures/session_20250901_121856/loopback/20250901_121856-ch-loopback.pcap: Command '['tshark', '-r', '/Users/flowgirl/Documents/StealthShark/pcap_captures/session_20250901_121856/loopback/20250901_121856-ch-loopback.pcap', '-Y', 'ip.src==127.0.0.1 or ip.dst==127.0.0.1', '-T', 'json', '-e', 'frame.time_relative', '-e', 'tcp.srcport', '-e', 'tcp.dstport', '-e', 'udp.srcport', '-e', 'udp.dstport', '-e', 'frame.protocols', '-e', 'frame.len', '-e', 'tcp.flags', '-e', 'tcp.stream']' timed out after 60 seconds
2025-09-06 22:35:03,877 - PatternAnalyzer - INFO - Processing: /Users/flowgirl/Documents/StealthShark/pcap_captures/session_20250901_222051/loopback/20250901_222051-ch-loopback.pcap
2025-09-06 22:35:03,878 - PatternAnalyzer - INFO - Analyzing PCAP: /Users/flowgirl/Documents/StealthShark/pcap_captures/session_20250901_222051/loopback/20250901_222051-ch-loopback.pcap
2025-09-06 22:36:03,896 - PatternAnalyzer - ERROR - Error analyzing PCAP /Users/flowgirl/Documents/StealthShark/pcap_captures/session_20250901_222051/loopback/20250901_222051-ch-loopback.pcap: Command '['tshark', '-r', '/Users/flowgirl/Documents/StealthShark/pcap_captures/session_20250901_222051/loopback/20250901_222051-ch-loopback.pcap', '-Y', 'ip.src==127.0.0.1 or ip.dst==127.0.0.1', '-T', 'json', '-e', 'frame.time_relative', '-e', 'tcp.srcport', '-e', 'tcp.dstport', '-e', 'udp.srcport', '-e', 'udp.dstport', '-e', 'frame.protocols', '-e', 'frame.len', '-e', 'tcp.flags', '-e', 'tcp.stream']' timed out after 60 seconds
2025-09-06 22:36:03,898 - PatternAnalyzer - INFO - Processing: /Users/flowgirl/Documents/StealthShark/pcap_captures/session_20250902_130856/loopback/20250902_130856-ch-loopback.pcap
2025-09-06 22:36:03,898 - PatternAnalyzer - INFO - Analyzing PCAP: /Users/flowgirl/Documents/StealthShark/pcap_captures/session_20250902_130856/loopback/20250902_130856-ch-loopback.pcap
2025-09-06 22:36:20,291 - PatternAnalyzer - INFO - Extracted patterns: 0 packets, 0 unique ports
2025-09-06 22:36:20,292 - PatternAnalyzer - INFO - Processing: /Users/flowgirl/Documents/StealthShark/pcap_captures/session_20250902_133847/loopback/20250902_133847-ch-loopback.pcap
2025-09-06 22:36:20,292 - PatternAnalyzer - INFO - Analyzing PCAP: /Users/flowgirl/Documents/StealthShark/pcap_captures/session_20250902_133847/loopback/20250902_133847-ch-loopback.pcap
2025-09-06 22:36:37,281 - PatternAnalyzer - INFO - Extracted patterns: 0 packets, 0 unique ports
2025-09-06 22:36:37,282 - PatternAnalyzer - INFO - Processing: /Users/flowgirl/Documents/StealthShark/pcap_captures/session_20250902_133905/loopback/20250902_133905-ch-loopback.pcap
2025-09-06 22:36:37,283 - PatternAnalyzer - INFO - Analyzing PCAP: /Users/flowgirl/Documents/StealthShark/pcap_captures/session_20250902_133905/loopback/20250902_133905-ch-loopback.pcap
2025-09-06 22:36:52,314 - PatternAnalyzer - INFO - Extracted patterns: 0 packets, 0 unique ports
2025-09-06 22:36:52,315 - PatternAnalyzer - INFO - Processing: /Users/flowgirl/Documents/StealthShark/pcap_captures/session_20250902_134212/loopback/20250902_134212-ch-loopback.pcap
2025-09-06 22:36:52,315 - PatternAnalyzer - INFO - Analyzing PCAP: /Users/flowgirl/Documents/StealthShark/pcap_captures/session_20250902_134212/loopback/20250902_134212-ch-loopback.pcap
2025-09-06 22:36:52,794 - PatternAnalyzer - INFO - Extracted patterns: 0 packets, 0 unique ports
2025-09-06 22:36:52,794 - PatternAnalyzer - INFO - Processing: /Users/flowgirl/Documents/StealthShark/pcap_captures/session_20250902_134411/loopback/20250902_134411-ch-loopback.pcap
2025-09-06 22:36:52,794 - PatternAnalyzer - INFO - Analyzing PCAP: /Users/flowgirl/Documents/StealthShark/pcap_captures/session_20250902_134411/loopback/20250902_134411-ch-loopback.pcap
2025-09-06 22:37:06,977 - PatternAnalyzer - INFO - Extracted patterns: 0 packets, 0 unique ports
2025-09-06 22:37:06,978 - PatternAnalyzer - INFO - Processing: /Users/flowgirl/Documents/StealthShark/pcap_captures/session_20250903_120742/loopback/20250903_120742-ch-loopback.pcap
2025-09-06 22:37:06,979 - PatternAnalyzer - INFO - Analyzing PCAP: /Users/flowgirl/Documents/StealthShark/pcap_captures/session_20250903_120742/loopback/20250903_120742-ch-loopback.pcap
2025-09-06 22:37:36,881 - PatternAnalyzer - INFO - Extracted patterns: 0 packets, 0 unique ports
2025-09-06 22:37:36,882 - PatternAnalyzer - INFO - Processing: /Users/flowgirl/Documents/StealthShark/pcap_captures/session_20250903_191037/loopback/20250903_191037-ch-loopback.pcap
2025-09-06 22:37:36,882 - PatternAnalyzer - INFO - Analyzing PCAP: /Users/flowgirl/Documents/StealthShark/pcap_captures/session_20250903_191037/loopback/20250903_191037-ch-loopback.pcap
2025-09-06 22:37:52,087 - PatternAnalyzer - INFO - Extracted patterns: 0 packets, 0 unique ports
2025-09-06 22:37:52,089 - PatternAnalyzer - INFO - Processing: /Users/flowgirl/Documents/StealthShark/pcap_captures/session_20250904_011106/loopback/20250904_011106-ch-loopback.pcap
2025-09-06 22:37:52,089 - PatternAnalyzer - INFO - Analyzing PCAP: /Users/flowgirl/Documents/StealthShark/pcap_captures/session_20250904_011106/loopback/20250904_011106-ch-loopback.pcap
2025-09-06 22:37:52,426 - PatternAnalyzer - INFO - Extracted patterns: 0 packets, 0 unique ports
2025-09-06 22:37:52,426 - PatternAnalyzer - INFO - Processing: /Users/flowgirl/Documents/StealthShark/pcap_captures/session_20250904_091251/loopback/20250904_091251-ch-loopback.pcap
2025-09-06 22:37:52,426 - PatternAnalyzer - INFO - Analyzing PCAP: /Users/flowgirl/Documents/StealthShark/pcap_captures/session_20250904_091251/loopback/20250904_091251-ch-loopback.pcap
2025-09-06 22:37:52,754 - PatternAnalyzer - INFO - Extracted patterns: 0 packets, 0 unique ports
2025-09-06 22:37:52,755 - PatternAnalyzer - INFO - Processing: /Users/flowgirl/Documents/StealthShark/pcap_captures/session_20250904_123421/loopback/20250904_123421-ch-loopback.pcap
2025-09-06 22:37:52,755 - PatternAnalyzer - INFO - Analyzing PCAP: /Users/flowgirl/Documents/StealthShark/pcap_captures/session_20250904_123421/loopback/20250904_123421-ch-loopback.pcap
2025-09-06 22:37:54,955 - PatternAnalyzer - INFO - Extracted patterns: 0 packets, 0 unique ports
2025-09-06 22:37:54,955 - PatternAnalyzer - INFO - Processing: /Users/flowgirl/Documents/StealthShark/pcap_captures/session_20250904_143126/loopback/20250904_143126-ch-loopback.pcap
2025-09-06 22:37:54,956 - PatternAnalyzer - INFO - Analyzing PCAP: /Users/flowgirl/Documents/StealthShark/pcap_captures/session_20250904_143126/loopback/20250904_143126-ch-loopback.pcap
2025-09-06 22:37:59,992 - PatternAnalyzer - INFO - Extracted patterns: 0 packets, 0 unique ports
2025-09-06 22:37:59,993 - PatternAnalyzer - INFO - Processing: /Users/flowgirl/Documents/StealthShark/pcap_captures/session_20250904_204014/loopback/20250904_204014-ch-loopback.pcap
2025-09-06 22:37:59,993 - PatternAnalyzer - INFO - Analyzing PCAP: /Users/flowgirl/Documents/StealthShark/pcap_captures/session_20250904_204014/loopback/20250904_204014-ch-loopback.pcap
2025-09-06 22:38:00,358 - PatternAnalyzer - INFO - Extracted patterns: 0 packets, 0 unique ports
2025-09-06 22:38:00,358 - PatternAnalyzer - INFO - Processing: /Users/flowgirl/Documents/StealthShark/pcap_captures/session_20250906_015939/loopback/20250906_015939-ch-loopback.pcap
2025-09-06 22:38:00,358 - PatternAnalyzer - INFO - Analyzing PCAP: /Users/flowgirl/Documents/StealthShark/pcap_captures/session_20250906_015939/loopback/20250906_015939-ch-loopback.pcap
2025-09-06 22:38:02,116 - PatternAnalyzer - INFO - Extracted patterns: 0 packets, 0 unique ports
2025-09-06 22:38:02,116 - PatternAnalyzer - INFO - Processing: /Users/flowgirl/Documents/StealthShark/pcap_captures/session_20250906_100935/loopback/20250906_100935-ch-loopback.pcap
2025-09-06 22:38:02,116 - PatternAnalyzer - INFO - Analyzing PCAP: /Users/flowgirl/Documents/StealthShark/pcap_captures/session_20250906_100935/loopback/20250906_100935-ch-loopback.pcap
2025-09-06 22:38:04,546 - PatternAnalyzer - INFO - Extracted patterns: 0 packets, 0 unique ports
2025-09-06 22:38:04,547 - PatternAnalyzer - INFO - Processing: /Users/flowgirl/Documents/StealthShark/pcap_captures/session_20250906_135520/loopback/20250906_135520-ch-loopback.pcap
2025-09-06 22:38:04,547 - PatternAnalyzer - INFO - Analyzing PCAP: /Users/flowgirl/Documents/StealthShark/pcap_captures/session_20250906_135520/loopback/20250906_135520-ch-loopback.pcap
